./My Music/Tally Hall - Ruler of Everything.mp3 has bitrate
./My Music/DOOM - E1M1 (Mick Gordon).mp3 has bitrate
./My Music/Pirates of the Caribbean 2 - Soundtr 01 - Jack Sparrow.mp3 has bitrate
./My Music/Holding Out For A Hero (Bonny Tyler).mp3 has bitrate
./My Music/Its Gonna Get Weird.mp3 has bitrate
./My Music/Holding Out For a Hero - Shrek 2.mp3 has bitrate
./My Music/.test.mp3 has bitrate
./My Music/Bloodborne - Ludwig, The Accursed & Holy Blade (The Old Hunters).mp3 has bitrate
./My Music/Anime/Attack On Titan Season 3 Part 2 - Opening -60FPS- (1080p).mp3 has bitrate
./My Music/Anime/Attack on Titan Opening 1.mp3 has bitrate
./My Music/Anime/Kaguya-sama Love is War - Opening 2 4K 60FPS Creditless .mp3 has bitrate
./My Music/Anime/Black Clover - Opening 7 (HD).mp3 has bitrate
./My Music/Anime/Golden Experience Requiem Opening JoJo Part 5 Finale -1080P HD-.mp3 has bitrate
./My Music/Anime/Attack on Titan Season 2 - Opening Shinzou wo Sasageyo!.mp3 has bitrate
./My Music/Anime/Bleach - Principio De Lucha.mp3 has bitrate
./My Music/Anime/Mob Psycho 100 II - Opening 999.mp3 has bitrate
./My Music/Anime/A Cruel Angels Thesis (Directors Edit Version).mp3 has bitrate
./My Music/Anime/JoJos Bizarre Adventure Opening 1 4K 60FPS Creditless.mp3 has bitrate
./My Music/.mp3 has bitrate
./My Music/Welcome to the Internet.mp3 has bitrate
./My Music/Latino-Bleach/Bleach - Principio De Lucha.mp3 has bitrate
./My Music/Latino-Bleach/Elvis Crespo - Suavemente.mp3 has bitrate
./My Music/Bloodborne - Father Gascoigne, The Hunter.mp3 has bitrate
./My Music/MGSR - Red Sun.mp3 has bitrate
./My Music/Pitbull - Timber (Official Video) ft. Ke.mp3 has bitrate
./My Music/MGSR - Collective Consciousness.mp3 has bitrate
./My Music/Star Wars/Battle of the Heroes.mp3 has bitrate
./My Music/Classic/Yo-Yo Ma Kathryn Stott - Ave Maria (JS Bach Gounod).mp3 has bitrate
./My Music/Classic/The Four Seasons Violin Concerto No 4 in F Minor RV 297 Linverno I Allegro non molto.mp3 has bitrate
./My Music/Classic/Saint-Saens The Swan ( Le Cygne ) - Carnival of the Animals.mp3 has bitrate
./My Music/Classic/Offenbach - Infernal Galop.mp3 has bitrate
./My Music/Classic/Antonio Vivaldi - Concerto RV315 op8-2 LEstate - 3 Presto.mp3 has bitrate
./My Music/Classic/Suita for Strings - Presto.mp3 has bitrate
./My Music/MGSR - A Stranger I Remain.mp3 has bitrate
./My Music/Doom - E1M1 (Classic) - At Dooms Gate.mp3 has bitrate
./My Music/Minecraft/C418 - Living Mice - Minecraft Volume Alpha.mp3 has bitrate
./My Music/Minecraft/C418 - Moog City - Minecraft Volume Alpha.mp3 has bitrate
./My Music/Minecraft/C418 - Mice on Venus - Minecraft Volume Alpha.mp3 has bitrate
./My Music/Queen – Bohemian Rhapsody (Official Video Remastered).mp3 has bitrate
./My Music/Elvis Crespo - Suavemente.mp3 has bitrate
