xwinwrap: window type - override
xwinwrap: window type - override
xwinwrap: window type - override
Failed to recognize file format.
Exiting... (Errors when loading file)
Failed to recognize file format.
Exiting... (Errors when loading file)
mpv died, exit status 2
mpv died, exit status 2
Failed to recognize file format.
Exiting... (Errors when loading file)
mpv died, exit status 2
xwinwrap: window type - override
xwinwrap: window type - override
xwinwrap: window type - override
Failed to recognize file format.
Exiting... (Errors when loading file)
mpv died, exit status 2
[file] File is apparently being appended to, will keep retrying with timeouts.
[file] File is apparently being appended to, will keep retrying with timeouts.
Exiting... (Quit)
Exiting... (Quit)
mpv died, exit status 4
mpv died, exit status 4
