xwinwrap: window type - override
 (+) Video --vid=1 (gif 1920x1080 12.500fps)
VO: [gpu] 1920x1080 bgra
V: 00:00:00 / 00:00:01 (0%)
V: 00:00:00 / 00:00:01 (6%)
V: 00:00:00 / 00:00:01 (13%)
V: 00:00:00 / 00:00:01 (19%)
V: 00:00:00 / 00:00:01 (25%)
V: 00:00:00 / 00:00:01 (31%)
V: 00:00:00 / 00:00:01 (38%)
V: 00:00:00 / 00:00:01 (44%)
V: 00:00:00 / 00:00:01 (50%)
V: 00:00:00 / 00:00:01 (56%)
V: 00:00:00 / 00:00:01 (63%)
V: 00:00:00 / 00:00:01 (69%)
V: 00:00:00 / 00:00:01 (75%)
V: 00:00:01 / 00:00:01 (81%)
V: 00:00:01 / 00:00:01 (88%)
V: 00:00:01 / 00:00:01 (94%)
V: 00:00:00 / 00:00:01 (0%)
V: 00:00:00 / 00:00:01 (6%)
V: 00:00:00 / 00:00:01 (13%)
V: 00:00:00 / 00:00:01 (19%)
V: 00:00:00 / 00:00:01 (25%)
V: 00:00:00 / 00:00:01 (31%)
V: 00:00:00 / 00:00:01 (38%)
V: 00:00:00 / 00:00:01 (44%)
V: 00:00:00 / 00:00:01 (50%)
V: 00:00:00 / 00:00:01 (56%)
V: 00:00:00 / 00:00:01 (63%)
V: 00:00:00 / 00:00:01 (69%)
V: 00:00:00 / 00:00:01 (75%)
V: 00:00:01 / 00:00:01 (81%)
V: 00:00:01 / 00:00:01 (88%)
V: 00:00:01 / 00:00:01 (94%)
V: 00:00:00 / 00:00:01 (0%)
V: 00:00:00 / 00:00:01 (6%)
V: 00:00:00 / 00:00:01 (13%)
V: 00:00:00 / 00:00:01 (19%)
V: 00:00:00 / 00:00:01 (25%)
V: 00:00:00 / 00:00:01 (31%)
V: 00:00:00 / 00:00:01 (38%)
V: 00:00:00 / 00:00:01 (44%)
V: 00:00:00 / 00:00:01 (50%)
V: 00:00:00 / 00:00:01 (56%)
V: 00:00:00 / 00:00:01 (63%)
V: 00:00:00 / 00:00:01 (69%)
V: 00:00:00 / 00:00:01 (75%)
V: 00:00:01 / 00:00:01 (81%)
V: 00:00:01 / 00:00:01 (88%)
V: 00:00:01 / 00:00:01 (94%)
V: 00:00:00 / 00:00:01 (0%)
V: 00:00:00 / 00:00:01 (6%)
V: 00:00:00 / 00:00:01 (13%)
V: 00:00:00 / 00:00:01 (19%)
V: 00:00:00 / 00:00:01 (25%)
V: 00:00:00 / 00:00:01 (31%)
V: 00:00:00 / 00:00:01 (38%)
V: 00:00:00 / 00:00:01 (44%)
V: 00:00:00 / 00:00:01 (50%)
V: 00:00:00 / 00:00:01 (56%)
V: 00:00:00 / 00:00:01 (63%)
V: 00:00:00 / 00:00:01 (69%)
V: 00:00:00 / 00:00:01 (75%)
V: 00:00:01 / 00:00:01 (81%)
V: 00:00:01 / 00:00:01 (88%)
V: 00:00:01 / 00:00:01 (94%)
V: 00:00:00 / 00:00:01 (0%)
V: 00:00:00 / 00:00:01 (6%)
V: 00:00:00 / 00:00:01 (13%)
V: 00:00:00 / 00:00:01 (19%)
V: 00:00:00 / 00:00:01 (25%)
V: 00:00:00 / 00:00:01 (31%)
V: 00:00:00 / 00:00:01 (38%)
V: 00:00:00 / 00:00:01 (44%)
V: 00:00:00 / 00:00:01 (50%)
V: 00:00:00 / 00:00:01 (56%)
V: 00:00:00 / 00:00:01 (63%)
V: 00:00:00 / 00:00:01 (69%)
V: 00:00:00 / 00:00:01 (75%)
V: 00:00:01 / 00:00:01 (81%)
V: 00:00:01 / 00:00:01 (88%)
V: 00:00:01 / 00:00:01 (94%)
V: 00:00:00 / 00:00:01 (0%)
V: 00:00:00 / 00:00:01 (6%)
V: 00:00:00 / 00:00:01 (13%)
V: 00:00:00 / 00:00:01 (19%)
V: 00:00:00 / 00:00:01 (25%)
V: 00:00:00 / 00:00:01 (31%)
V: 00:00:00 / 00:00:01 (38%)
V: 00:00:00 / 00:00:01 (44%)
V: 00:00:00 / 00:00:01 (50%)
V: 00:00:00 / 00:00:01 (56%)
V: 00:00:00 / 00:00:01 (63%)
V: 00:00:00 / 00:00:01 (69%)
V: 00:00:00 / 00:00:01 (75%)
V: 00:00:01 / 00:00:01 (81%)
V: 00:00:01 / 00:00:01 (88%)
V: 00:00:01 / 00:00:01 (94%)
V: 00:00:00 / 00:00:01 (0%)
V: 00:00:00 / 00:00:01 (6%)
V: 00:00:00 / 00:00:01 (13%)
V: 00:00:00 / 00:00:01 (19%)
V: 00:00:00 / 00:00:01 (25%)
V: 00:00:00 / 00:00:01 (31%)
V: 00:00:00 / 00:00:01 (38%)
V: 00:00:00 / 00:00:01 (44%)
V: 00:00:00 / 00:00:01 (50%)
V: 00:00:00 / 00:00:01 (56%)
V: 00:00:00 / 00:00:01 (63%)
V: 00:00:00 / 00:00:01 (69%)
V: 00:00:00 / 00:00:01 (75%)
V: 00:00:01 / 00:00:01 (81%)
V: 00:00:01 / 00:00:01 (88%)
V: 00:00:01 / 00:00:01 (94%)
V: 00:00:00 / 00:00:01 (0%)
V: 00:00:00 / 00:00:01 (6%)
V: 00:00:00 / 00:00:01 (13%)
V: 00:00:00 / 00:00:01 (19%)
V: 00:00:00 / 00:00:01 (25%)
V: 00:00:00 / 00:00:01 (31%)
V: 00:00:00 / 00:00:01 (38%)
V: 00:00:00 / 00:00:01 (44%)
V: 00:00:00 / 00:00:01 (50%)
V: 00:00:00 / 00:00:01 (56%)
V: 00:00:00 / 00:00:01 (63%)
V: 00:00:00 / 00:00:01 (69%)
V: 00:00:00 / 00:00:01 (75%)
V: 00:00:01 / 00:00:01 (81%)
V: 00:00:01 / 00:00:01 (88%)
V: 00:00:01 / 00:00:01 (94%)
V: 00:00:00 / 00:00:01 (0%)
V: 00:00:00 / 00:00:01 (6%)
V: 00:00:00 / 00:00:01 (13%)
V: 00:00:00 / 00:00:01 (19%)
V: 00:00:00 / 00:00:01 (25%)
V: 00:00:00 / 00:00:01 (31%)
V: 00:00:00 / 00:00:01 (38%)
V: 00:00:00 / 00:00:01 (44%)
V: 00:00:00 / 00:00:01 (50%)
V: 00:00:00 / 00:00:01 (56%)
V: 00:00:00 / 00:00:01 (63%)
[vo/gpu/x11] Our window was destroyed, exiting
V: 00:00:00 / 00:00:01 (63%)
[vo/gpu/x11] Our window was destroyed, exiting
V: 00:00:00 / 00:00:01 (63%)
Exiting... (Quit)
[vo/gpu/x11] X11 error: BadWindow (invalid Window parameter)
[vo/gpu/x11] Type: 0, display: 0x7e1858004720, resourceid: 2c00002, serial: 104
[vo/gpu/x11] Error code: 3, request code: 94, minor code: 1
xwinwrap: window type - override
 (+) Video --vid=1 (*) (h264 1920x1080 30.000fps)
VO: [gpu] 1920x1080 yuv420p
V: 00:00:00 / 00:00:20 (0%)
V: 00:00:00 / 00:00:20 (1%)
V: 00:00:00 / 00:00:20 (2%)
V: 00:00:00 / 00:00:20 (3%)
V: 00:00:00 / 00:00:20 (4%)
V: 00:00:00 / 00:00:20 (5%)
V: 00:00:01 / 00:00:20 (5%)
V: 00:00:01 / 00:00:20 (6%)
V: 00:00:01 / 00:00:20 (7%)
V: 00:00:01 / 00:00:20 (8%)
V: 00:00:01 / 00:00:20 (9%)
V: 00:00:01 / 00:00:20 (10%)
V: 00:00:02 / 00:00:20 (10%)
V: 00:00:02 / 00:00:20 (11%)
V: 00:00:02 / 00:00:20 (12%)
V: 00:00:02 / 00:00:20 (13%)
V: 00:00:02 / 00:00:20 (14%)
V: 00:00:02 / 00:00:20 (15%)
V: 00:00:03 / 00:00:20 (15%)
V: 00:00:03 / 00:00:20 (16%)
V: 00:00:03 / 00:00:20 (17%)
V: 00:00:03 / 00:00:20 (18%)
V: 00:00:03 / 00:00:20 (19%)
V: 00:00:03 / 00:00:20 (20%)
V: 00:00:04 / 00:00:20 (20%)
V: 00:00:04 / 00:00:20 (21%)
V: 00:00:04 / 00:00:20 (22%)
V: 00:00:04 / 00:00:20 (23%)
V: 00:00:04 / 00:00:20 (24%)
V: 00:00:04 / 00:00:20 (25%)
V: 00:00:05 / 00:00:20 (25%)
V: 00:00:05 / 00:00:20 (26%)
V: 00:00:05 / 00:00:20 (27%)
V: 00:00:05 / 00:00:20 (28%)
V: 00:00:05 / 00:00:20 (29%)
V: 00:00:05 / 00:00:20 (30%)
V: 00:00:06 / 00:00:20 (30%)
V: 00:00:06 / 00:00:20 (31%)
V: 00:00:06 / 00:00:20 (32%)
V: 00:00:06 / 00:00:20 (33%)
V: 00:00:06 / 00:00:20 (34%)
V: 00:00:06 / 00:00:20 (35%)
V: 00:00:07 / 00:00:20 (35%)
V: 00:00:07 / 00:00:20 (36%)
[vo/gpu/x11] Our window was destroyed, exiting
V: 00:00:07 / 00:00:20 (36%)
[vo/gpu/x11] Our window was destroyed, exiting
V: 00:00:07 / 00:00:20 (36%)
[vo/gpu/x11] X11 error: BadWindow (invalid Window parameter)
V: 00:00:07 / 00:00:20 (36%)
[vo/gpu/x11] Type: 0, display: 0x7a4d18004720, resourceid: 2200002, serial: 135
V: 00:00:07 / 00:00:20 (36%)
[vo/gpu/x11] Error code: 3, request code: 94, minor code: 1
V: 00:00:07 / 00:00:20 (36%)
Exiting... (Quit)
xwinwrap: window type - override
 (+) Video --vid=1 (gif 1920x1080 8.333fps)
VO: [gpu] 1920x1080 bgra
V: 00:00:00 / 00:00:00 (0%)
V: 00:00:00 / 00:00:00 (25%)
V: 00:00:00 / 00:00:00 (38%)
V: 00:00:00 / 00:00:00 (50%)
V: 00:00:00 / 00:00:00 (63%)
V: 00:00:00 / 00:00:00 (75%)
V: 00:00:00 / 00:00:00 (88%)
V: 00:00:00 / 00:00:00 (0%)
V: 00:00:00 / 00:00:00 (25%)
V: 00:00:00 / 00:00:00 (38%)
V: 00:00:00 / 00:00:00 (50%)
V: 00:00:00 / 00:00:00 (63%)
V: 00:00:00 / 00:00:00 (75%)
V: 00:00:00 / 00:00:00 (88%)
V: 00:00:00 / 00:00:00 (0%)
V: 00:00:00 / 00:00:00 (25%)
V: 00:00:00 / 00:00:00 (38%)
V: 00:00:00 / 00:00:00 (50%)
V: 00:00:00 / 00:00:00 (63%)
V: 00:00:00 / 00:00:00 (75%)
V: 00:00:00 / 00:00:00 (88%)
V: 00:00:00 / 00:00:00 (0%)
V: 00:00:00 / 00:00:00 (25%)
V: 00:00:00 / 00:00:00 (38%)
V: 00:00:00 / 00:00:00 (50%)
V: 00:00:00 / 00:00:00 (63%)
V: 00:00:00 / 00:00:00 (75%)
V: 00:00:00 / 00:00:00 (88%)
V: 00:00:00 / 00:00:00 (0%)
V: 00:00:00 / 00:00:00 (25%)
V: 00:00:00 / 00:00:00 (38%)
V: 00:00:00 / 00:00:00 (50%)
V: 00:00:00 / 00:00:00 (63%)
V: 00:00:00 / 00:00:00 (75%)
V: 00:00:00 / 00:00:00 (88%)
V: 00:00:00 / 00:00:00 (0%)
V: 00:00:00 / 00:00:00 (25%)
[vo/gpu/x11] Our window was destroyed, exiting
V: 00:00:00 / 00:00:00 (25%)
[vo/gpu/x11] Our window was destroyed, exiting
V: 00:00:00 / 00:00:00 (25%)
Exiting... (Quit)
xwinwrap: window type - override
 (+) Video --vid=1 (gif 1920x1080 10.000fps)
VO: [gpu] 1920x1080 bgra
V: 00:00:00 / 00:00:12 (0%)
V: 00:00:00 / 00:00:12 (1%)
V: 00:00:00 / 00:00:12 (2%)
V: 00:00:00 / 00:00:12 (3%)
V: 00:00:00 / 00:00:12 (4%)
V: 00:00:00 / 00:00:12 (5%)
V: 00:00:00 / 00:00:12 (6%)
V: 00:00:00 / 00:00:12 (7%)
V: 00:00:00 / 00:00:12 (8%)
V: 00:00:01 / 00:00:12 (9%)
V: 00:00:01 / 00:00:12 (10%)
V: 00:00:01 / 00:00:12 (11%)
V: 00:00:01 / 00:00:12 (12%)
V: 00:00:01 / 00:00:12 (13%)
V: 00:00:01 / 00:00:12 (14%)
V: 00:00:01 / 00:00:12 (15%)
V: 00:00:01 / 00:00:12 (16%)
V: 00:00:02 / 00:00:12 (17%)
V: 00:00:02 / 00:00:12 (18%)
V: 00:00:02 / 00:00:12 (19%)
V: 00:00:02 / 00:00:12 (20%)
V: 00:00:02 / 00:00:12 (21%)
V: 00:00:02 / 00:00:12 (22%)
V: 00:00:02 / 00:00:12 (23%)
V: 00:00:02 / 00:00:12 (24%)
V: 00:00:03 / 00:00:12 (25%)
V: 00:00:03 / 00:00:12 (26%)
V: 00:00:03 / 00:00:12 (27%)
V: 00:00:03 / 00:00:12 (28%)
V: 00:00:03 / 00:00:12 (29%)
V: 00:00:03 / 00:00:12 (30%)
V: 00:00:03 / 00:00:12 (31%)
V: 00:00:03 / 00:00:12 (32%)
V: 00:00:04 / 00:00:12 (33%)
V: 00:00:04 / 00:00:12 (34%)
V: 00:00:04 / 00:00:12 (35%)
V: 00:00:04 / 00:00:12 (36%)
V: 00:00:04 / 00:00:12 (37%)
V: 00:00:04 / 00:00:12 (38%)
V: 00:00:04 / 00:00:12 (39%)
V: 00:00:04 / 00:00:12 (40%)
V: 00:00:05 / 00:00:12 (41%)
V: 00:00:05 / 00:00:12 (42%)
V: 00:00:05 / 00:00:12 (43%)
V: 00:00:05 / 00:00:12 (44%)
V: 00:00:05 / 00:00:12 (45%)
V: 00:00:05 / 00:00:12 (46%)
V: 00:00:05 / 00:00:12 (47%)
V: 00:00:05 / 00:00:12 (48%)
V: 00:00:06 / 00:00:12 (49%)
V: 00:00:06 / 00:00:12 (51%)
V: 00:00:06 / 00:00:12 (52%)
V: 00:00:06 / 00:00:12 (53%)
V: 00:00:06 / 00:00:12 (54%)
V: 00:00:06 / 00:00:12 (55%)
V: 00:00:06 / 00:00:12 (56%)
V: 00:00:07 / 00:00:12 (57%)
V: 00:00:07 / 00:00:12 (58%)
V: 00:00:07 / 00:00:12 (59%)
V: 00:00:07 / 00:00:12 (60%)
V: 00:00:07 / 00:00:12 (61%)
V: 00:00:07 / 00:00:12 (62%)
V: 00:00:07 / 00:00:12 (63%)
V: 00:00:07 / 00:00:12 (64%)
V: 00:00:08 / 00:00:12 (65%)
V: 00:00:08 / 00:00:12 (66%)
V: 00:00:08 / 00:00:12 (67%)
V: 00:00:08 / 00:00:12 (68%)
V: 00:00:08 / 00:00:12 (69%)
V: 00:00:08 / 00:00:12 (70%)
V: 00:00:08 / 00:00:12 (71%)
V: 00:00:08 / 00:00:12 (72%)
V: 00:00:09 / 00:00:12 (73%)
V: 00:00:09 / 00:00:12 (74%)
V: 00:00:09 / 00:00:12 (75%)
V: 00:00:09 / 00:00:12 (76%)
V: 00:00:09 / 00:00:12 (77%)
V: 00:00:09 / 00:00:12 (78%)
V: 00:00:09 / 00:00:12 (79%)
V: 00:00:09 / 00:00:12 (80%)
V: 00:00:10 / 00:00:12 (81%)
V: 00:00:10 / 00:00:12 (82%)
V: 00:00:10 / 00:00:12 (83%)
V: 00:00:10 / 00:00:12 (84%)
V: 00:00:10 / 00:00:12 (85%)
V: 00:00:10 / 00:00:12 (86%)
V: 00:00:10 / 00:00:12 (87%)
V: 00:00:10 / 00:00:12 (88%)
V: 00:00:11 / 00:00:12 (89%)
V: 00:00:11 / 00:00:12 (90%)
V: 00:00:11 / 00:00:12 (91%)
V: 00:00:11 / 00:00:12 (92%)
V: 00:00:11 / 00:00:12 (93%)
V: 00:00:11 / 00:00:12 (94%)
V: 00:00:11 / 00:00:12 (95%)
V: 00:00:11 / 00:00:12 (96%)
V: 00:00:12 / 00:00:12 (97%)
V: 00:00:12 / 00:00:12 (98%)
V: 00:00:12 / 00:00:12 (99%)
V: 00:00:00 / 00:00:12 (0%)
V: 00:00:00 / 00:00:12 (1%)
V: 00:00:00 / 00:00:12 (2%)
V: 00:00:00 / 00:00:12 (3%)
V: 00:00:00 / 00:00:12 (4%)
V: 00:00:00 / 00:00:12 (5%)
V: 00:00:00 / 00:00:12 (6%)
V: 00:00:00 / 00:00:12 (7%)
V: 00:00:00 / 00:00:12 (8%)
V: 00:00:01 / 00:00:12 (9%)
V: 00:00:01 / 00:00:12 (10%)
V: 00:00:01 / 00:00:12 (11%)
V: 00:00:01 / 00:00:12 (12%)
V: 00:00:01 / 00:00:12 (13%)
V: 00:00:01 / 00:00:12 (14%)
V: 00:00:01 / 00:00:12 (15%)
V: 00:00:01 / 00:00:12 (16%)
V: 00:00:02 / 00:00:12 (17%)
V: 00:00:02 / 00:00:12 (18%)
V: 00:00:02 / 00:00:12 (19%)
V: 00:00:02 / 00:00:12 (20%)
V: 00:00:02 / 00:00:12 (21%)
V: 00:00:02 / 00:00:12 (22%)
V: 00:00:02 / 00:00:12 (23%)
V: 00:00:02 / 00:00:12 (24%)
V: 00:00:03 / 00:00:12 (25%)
V: 00:00:03 / 00:00:12 (26%)
V: 00:00:03 / 00:00:12 (27%)
V: 00:00:03 / 00:00:12 (28%)
V: 00:00:03 / 00:00:12 (29%)
V: 00:00:03 / 00:00:12 (30%)
V: 00:00:03 / 00:00:12 (31%)
V: 00:00:03 / 00:00:12 (32%)
V: 00:00:04 / 00:00:12 (33%)
V: 00:00:04 / 00:00:12 (34%)
V: 00:00:04 / 00:00:12 (35%)
V: 00:00:04 / 00:00:12 (36%)
V: 00:00:04 / 00:00:12 (37%)
V: 00:00:04 / 00:00:12 (38%)
V: 00:00:04 / 00:00:12 (39%)
V: 00:00:04 / 00:00:12 (40%)
V: 00:00:05 / 00:00:12 (41%)
V: 00:00:05 / 00:00:12 (42%)
V: 00:00:05 / 00:00:12 (43%)
V: 00:00:05 / 00:00:12 (44%)
V: 00:00:05 / 00:00:12 (45%)
V: 00:00:05 / 00:00:12 (46%)
V: 00:00:05 / 00:00:12 (47%)
V: 00:00:05 / 00:00:12 (48%)
V: 00:00:06 / 00:00:12 (49%)
V: 00:00:06 / 00:00:12 (51%)
V: 00:00:06 / 00:00:12 (52%)
V: 00:00:06 / 00:00:12 (53%)
V: 00:00:06 / 00:00:12 (54%)
V: 00:00:06 / 00:00:12 (55%)
V: 00:00:06 / 00:00:12 (56%)
V: 00:00:07 / 00:00:12 (57%)
V: 00:00:07 / 00:00:12 (58%)
V: 00:00:07 / 00:00:12 (59%)
V: 00:00:07 / 00:00:12 (60%)
V: 00:00:07 / 00:00:12 (61%)
V: 00:00:07 / 00:00:12 (62%)
V: 00:00:07 / 00:00:12 (63%)
V: 00:00:07 / 00:00:12 (64%)
V: 00:00:08 / 00:00:12 (65%)
V: 00:00:08 / 00:00:12 (66%)
V: 00:00:08 / 00:00:12 (67%)
V: 00:00:08 / 00:00:12 (68%)
V: 00:00:08 / 00:00:12 (69%)
V: 00:00:08 / 00:00:12 (70%)
V: 00:00:08 / 00:00:12 (71%)
V: 00:00:08 / 00:00:12 (72%)
V: 00:00:09 / 00:00:12 (73%)
V: 00:00:09 / 00:00:12 (74%)
V: 00:00:09 / 00:00:12 (75%)
V: 00:00:09 / 00:00:12 (76%)
V: 00:00:09 / 00:00:12 (77%)
V: 00:00:09 / 00:00:12 (78%)
V: 00:00:09 / 00:00:12 (79%)
V: 00:00:09 / 00:00:12 (80%)
V: 00:00:10 / 00:00:12 (81%)
V: 00:00:10 / 00:00:12 (82%)
V: 00:00:10 / 00:00:12 (83%)
V: 00:00:10 / 00:00:12 (84%)
V: 00:00:10 / 00:00:12 (85%)
V: 00:00:10 / 00:00:12 (86%)
V: 00:00:10 / 00:00:12 (87%)
V: 00:00:10 / 00:00:12 (88%)
V: 00:00:11 / 00:00:12 (89%)
V: 00:00:11 / 00:00:12 (90%)
V: 00:00:11 / 00:00:12 (91%)
V: 00:00:11 / 00:00:12 (92%)
V: 00:00:11 / 00:00:12 (93%)
V: 00:00:11 / 00:00:12 (94%)
V: 00:00:11 / 00:00:12 (95%)
V: 00:00:11 / 00:00:12 (96%)
V: 00:00:12 / 00:00:12 (97%)
V: 00:00:12 / 00:00:12 (98%)
V: 00:00:12 / 00:00:12 (99%)
V: 00:00:00 / 00:00:12 (0%)
V: 00:00:00 / 00:00:12 (1%)
V: 00:00:00 / 00:00:12 (2%)
V: 00:00:00 / 00:00:12 (3%)
V: 00:00:00 / 00:00:12 (4%)
V: 00:00:00 / 00:00:12 (5%)
V: 00:00:00 / 00:00:12 (6%)
V: 00:00:00 / 00:00:12 (7%)
V: 00:00:00 / 00:00:12 (8%)
V: 00:00:01 / 00:00:12 (9%)
V: 00:00:01 / 00:00:12 (10%)
V: 00:00:01 / 00:00:12 (11%)
V: 00:00:01 / 00:00:12 (12%)
V: 00:00:01 / 00:00:12 (13%)
V: 00:00:01 / 00:00:12 (14%)
V: 00:00:01 / 00:00:12 (15%)
V: 00:00:01 / 00:00:12 (16%)
V: 00:00:02 / 00:00:12 (17%)
V: 00:00:02 / 00:00:12 (18%)
V: 00:00:02 / 00:00:12 (19%)
V: 00:00:02 / 00:00:12 (20%)
V: 00:00:02 / 00:00:12 (21%)
V: 00:00:02 / 00:00:12 (22%)
V: 00:00:02 / 00:00:12 (23%)
V: 00:00:02 / 00:00:12 (24%)
V: 00:00:03 / 00:00:12 (25%)
V: 00:00:03 / 00:00:12 (26%)
V: 00:00:03 / 00:00:12 (27%)
V: 00:00:03 / 00:00:12 (28%)
V: 00:00:03 / 00:00:12 (29%)
V: 00:00:03 / 00:00:12 (30%)
V: 00:00:03 / 00:00:12 (31%)
V: 00:00:03 / 00:00:12 (32%)
V: 00:00:04 / 00:00:12 (33%)
V: 00:00:04 / 00:00:12 (34%)
V: 00:00:04 / 00:00:12 (35%)
V: 00:00:04 / 00:00:12 (36%)
V: 00:00:04 / 00:00:12 (37%)
V: 00:00:04 / 00:00:12 (38%)
V: 00:00:04 / 00:00:12 (39%)
V: 00:00:04 / 00:00:12 (40%)
V: 00:00:05 / 00:00:12 (41%)
V: 00:00:05 / 00:00:12 (42%)
V: 00:00:05 / 00:00:12 (43%)
V: 00:00:05 / 00:00:12 (44%)
V: 00:00:05 / 00:00:12 (45%)
[vo/gpu/x11] X11 error: BadWindow (invalid Window parameter)
V: 00:00:05 / 00:00:12 (45%)
[vo/gpu/x11] Type: 0, display: 0x70aab4004720, resourceid: 2200002, serial: 190
V: 00:00:05 / 00:00:12 (45%)
[vo/gpu/x11] Error code: 3, request code: 94, minor code: 1
V: 00:00:05 / 00:00:12 (45%)
[vo/gpu/x11] Our window was destroyed, exiting
V: 00:00:05 / 00:00:12 (45%)
[vo/gpu/x11] Our window was destroyed, exiting
V: 00:00:05 / 00:00:12 (45%)
Exiting... (Quit)
/home/francois/Videos/i3-video-wallpaper-main/play_video: line 86: /var/run/user/1001/vwp.pid: No such file or directory
xwinwrap: window type - override
xwinwrap: window type - override
[ipc] Could not bind IPC socket
 (+) Video --vid=1 (gif 1920x1080 12.500fps)
 (+) Video --vid=1 (gif 1920x1080 12.500fps)
VO: [gpu] 1920x1080 bgra
VO: [gpu] 1920x1080 bgra
V: 00:00:00 / 00:00:01 (0%)V: 00:00:00 / 00:00:01 (0%)
V: 00:00:00 / 00:00:01 (6%)
V: 00:00:00 / 00:00:01 (13%)
V: 00:00:00 / 00:00:01 (6%)
V: 00:00:00 / 00:00:01 (13%)
V: 00:00:00 / 00:00:01 (19%)
V: 00:00:00 / 00:00:01 (19%)
V: 00:00:00 / 00:00:01 (25%)
V: 00:00:00 / 00:00:01 (25%)
V: 00:00:00 / 00:00:01 (31%)
V: 00:00:00 / 00:00:01 (31%)
V: 00:00:00 / 00:00:01 (38%)
V: 00:00:00 / 00:00:01 (38%)
V: 00:00:00 / 00:00:01 (44%)
V: 00:00:00 / 00:00:01 (44%)
V: 00:00:00 / 00:00:01 (50%)
V: 00:00:00 / 00:00:01 (50%)
V: 00:00:00 / 00:00:01 (56%)
V: 00:00:00 / 00:00:01 (56%)
V: 00:00:00 / 00:00:01 (63%)
V: 00:00:00 / 00:00:01 (63%)
V: 00:00:00 / 00:00:01 (69%)
V: 00:00:00 / 00:00:01 (69%)
V: 00:00:00 / 00:00:01 (75%)
V: 00:00:00 / 00:00:01 (75%)
V: 00:00:01 / 00:00:01 (81%)
V: 00:00:01 / 00:00:01 (81%)
V: 00:00:01 / 00:00:01 (88%)
V: 00:00:01 / 00:00:01 (88%)
V: 00:00:01 / 00:00:01 (94%)
V: 00:00:01 / 00:00:01 (94%)
V: 00:00:00 / 00:00:01 (0%)
V: 00:00:00 / 00:00:01 (0%)
V: 00:00:00 / 00:00:01 (6%)
V: 00:00:00 / 00:00:01 (6%)
V: 00:00:00 / 00:00:01 (13%)
V: 00:00:00 / 00:00:01 (13%)
V: 00:00:00 / 00:00:01 (19%)
V: 00:00:00 / 00:00:01 (19%)
V: 00:00:00 / 00:00:01 (25%)
V: 00:00:00 / 00:00:01 (25%)
V: 00:00:00 / 00:00:01 (31%)
V: 00:00:00 / 00:00:01 (31%)
V: 00:00:00 / 00:00:01 (38%)
V: 00:00:00 / 00:00:01 (38%)
V: 00:00:00 / 00:00:01 (44%)
V: 00:00:00 / 00:00:01 (44%)
V: 00:00:00 / 00:00:01 (50%)
V: 00:00:00 / 00:00:01 (50%)
V: 00:00:00 / 00:00:01 (56%)
V: 00:00:00 / 00:00:01 (56%)
V: 00:00:00 / 00:00:01 (63%)
V: 00:00:00 / 00:00:01 (63%)
V: 00:00:00 / 00:00:01 (69%)
V: 00:00:00 / 00:00:01 (69%)
V: 00:00:00 / 00:00:01 (75%)
V: 00:00:00 / 00:00:01 (75%)
V: 00:00:01 / 00:00:01 (81%)
V: 00:00:01 / 00:00:01 (81%)
V: 00:00:01 / 00:00:01 (88%)
V: 00:00:01 / 00:00:01 (88%)
V: 00:00:01 / 00:00:01 (94%)
V: 00:00:01 / 00:00:01 (94%)
V: 00:00:00 / 00:00:01 (0%)
V: 00:00:00 / 00:00:01 (0%)
V: 00:00:00 / 00:00:01 (6%)
V: 00:00:00 / 00:00:01 (6%)
V: 00:00:00 / 00:00:01 (13%)
V: 00:00:00 / 00:00:01 (13%)
V: 00:00:00 / 00:00:01 (19%)
V: 00:00:00 / 00:00:01 (19%)
V: 00:00:00 / 00:00:01 (25%)
V: 00:00:00 / 00:00:01 (25%)
V: 00:00:00 / 00:00:01 (31%)
V: 00:00:00 / 00:00:01 (31%)
V: 00:00:00 / 00:00:01 (38%)
V: 00:00:00 / 00:00:01 (38%)
V: 00:00:00 / 00:00:01 (44%)
V: 00:00:00 / 00:00:01 (44%)
V: 00:00:00 / 00:00:01 (50%)
V: 00:00:00 / 00:00:01 (50%)
V: 00:00:00 / 00:00:01 (56%)
V: 00:00:00 / 00:00:01 (56%)
V: 00:00:00 / 00:00:01 (63%)
V: 00:00:00 / 00:00:01 (63%)
V: 00:00:00 / 00:00:01 (69%)
V: 00:00:00 / 00:00:01 (69%)
V: 00:00:00 / 00:00:01 (75%)
V: 00:00:00 / 00:00:01 (75%)
V: 00:00:01 / 00:00:01 (81%)
V: 00:00:01 / 00:00:01 (81%)
V: 00:00:01 / 00:00:01 (88%)
V: 00:00:01 / 00:00:01 (88%)
V: 00:00:01 / 00:00:01 (94%)
V: 00:00:01 / 00:00:01 (94%)
V: 00:00:00 / 00:00:01 (0%)
V: 00:00:00 / 00:00:01 (0%)
V: 00:00:00 / 00:00:01 (6%)
V: 00:00:00 / 00:00:01 (6%)
V: 00:00:00 / 00:00:01 (13%)
V: 00:00:00 / 00:00:01 (13%)
V: 00:00:00 / 00:00:01 (19%)
V: 00:00:00 / 00:00:01 (19%)
V: 00:00:00 / 00:00:01 (25%)
V: 00:00:00 / 00:00:01 (25%)
V: 00:00:00 / 00:00:01 (31%)
V: 00:00:00 / 00:00:01 (31%)
V: 00:00:00 / 00:00:01 (38%)
V: 00:00:00 / 00:00:01 (38%)
V: 00:00:00 / 00:00:01 (44%)
V: 00:00:00 / 00:00:01 (44%)
V: 00:00:00 / 00:00:01 (50%)
V: 00:00:00 / 00:00:01 (50%)
V: 00:00:00 / 00:00:01 (56%)
V: 00:00:00 / 00:00:01 (56%)
V: 00:00:00 / 00:00:01 (63%)
V: 00:00:00 / 00:00:01 (63%)
V: 00:00:00 / 00:00:01 (69%)
V: 00:00:00 / 00:00:01 (69%)
V: 00:00:00 / 00:00:01 (75%)
V: 00:00:00 / 00:00:01 (75%)
V: 00:00:01 / 00:00:01 (81%)
V: 00:00:01 / 00:00:01 (81%)
V: 00:00:01 / 00:00:01 (88%)
V: 00:00:01 / 00:00:01 (88%)
V: 00:00:01 / 00:00:01 (94%)
V: 00:00:01 / 00:00:01 (94%)
V: 00:00:00 / 00:00:01 (0%)
V: 00:00:00 / 00:00:01 (0%)
V: 00:00:00 / 00:00:01 (6%)
V: 00:00:00 / 00:00:01 (6%)
V: 00:00:00 / 00:00:01 (13%)
V: 00:00:00 / 00:00:01 (13%)
V: 00:00:00 / 00:00:01 (19%)
V: 00:00:00 / 00:00:01 (19%)
V: 00:00:00 / 00:00:01 (25%)
V: 00:00:00 / 00:00:01 (25%)
V: 00:00:00 / 00:00:01 (31%)
V: 00:00:00 / 00:00:01 (31%)
V: 00:00:00 / 00:00:01 (38%)
V: 00:00:00 / 00:00:01 (38%)
V: 00:00:00 / 00:00:01 (44%)
V: 00:00:00 / 00:00:01 (44%)
V: 00:00:00 / 00:00:01 (50%)
V: 00:00:00 / 00:00:01 (50%)
V: 00:00:00 / 00:00:01 (56%)
V: 00:00:00 / 00:00:01 (56%)
V: 00:00:00 / 00:00:01 (63%)
V: 00:00:00 / 00:00:01 (63%)
V: 00:00:00 / 00:00:01 (69%)
V: 00:00:00 / 00:00:01 (69%)
V: 00:00:00 / 00:00:01 (75%)
V: 00:00:00 / 00:00:01 (75%)
V: 00:00:01 / 00:00:01 (81%)
V: 00:00:01 / 00:00:01 (81%)
V: 00:00:01 / 00:00:01 (88%)
V: 00:00:01 / 00:00:01 (88%)
V: 00:00:01 / 00:00:01 (94%)
V: 00:00:01 / 00:00:01 (94%)
V: 00:00:00 / 00:00:01 (0%)
V: 00:00:00 / 00:00:01 (0%)
V: 00:00:00 / 00:00:01 (6%)
V: 00:00:00 / 00:00:01 (6%)
V: 00:00:00 / 00:00:01 (13%)
V: 00:00:00 / 00:00:01 (13%)
V: 00:00:00 / 00:00:01 (19%)
V: 00:00:00 / 00:00:01 (19%)
V: 00:00:00 / 00:00:01 (25%)
V: 00:00:00 / 00:00:01 (25%)
V: 00:00:00 / 00:00:01 (31%)
V: 00:00:00 / 00:00:01 (31%)
V: 00:00:00 / 00:00:01 (38%)
V: 00:00:00 / 00:00:01 (38%)
V: 00:00:00 / 00:00:01 (44%)
V: 00:00:00 / 00:00:01 (44%)
V: 00:00:00 / 00:00:01 (50%)
V: 00:00:00 / 00:00:01 (50%)
V: 00:00:00 / 00:00:01 (56%)
V: 00:00:00 / 00:00:01 (56%)
V: 00:00:00 / 00:00:01 (63%)
V: 00:00:00 / 00:00:01 (63%)
V: 00:00:00 / 00:00:01 (69%)
V: 00:00:00 / 00:00:01 (69%)
V: 00:00:00 / 00:00:01 (75%)
V: 00:00:00 / 00:00:01 (75%)
V: 00:00:01 / 00:00:01 (81%)
V: 00:00:01 / 00:00:01 (81%)
V: 00:00:01 / 00:00:01 (88%)
V: 00:00:01 / 00:00:01 (88%)
V: 00:00:01 / 00:00:01 (94%)
V: 00:00:01 / 00:00:01 (94%)
V: 00:00:00 / 00:00:01 (0%)
V: 00:00:00 / 00:00:01 (0%)
V: 00:00:00 / 00:00:01 (6%)
V: 00:00:00 / 00:00:01 (6%)
V: 00:00:00 / 00:00:01 (13%)
V: 00:00:00 / 00:00:01 (13%)
V: 00:00:00 / 00:00:01 (19%)
V: 00:00:00 / 00:00:01 (19%)
V: 00:00:00 / 00:00:01 (25%)
V: 00:00:00 / 00:00:01 (25%)
V: 00:00:00 / 00:00:01 (31%)
V: 00:00:00 / 00:00:01 (31%)
V: 00:00:00 / 00:00:01 (38%)
V: 00:00:00 / 00:00:01 (38%)
V: 00:00:00 / 00:00:01 (44%)
V: 00:00:00 / 00:00:01 (44%)
V: 00:00:00 / 00:00:01 (50%)
V: 00:00:00 / 00:00:01 (50%)
V: 00:00:00 / 00:00:01 (56%)
V: 00:00:00 / 00:00:01 (56%)
V: 00:00:00 / 00:00:01 (63%)
V: 00:00:00 / 00:00:01 (63%)
V: 00:00:00 / 00:00:01 (69%)
V: 00:00:00 / 00:00:01 (69%)
V: 00:00:00 / 00:00:01 (75%)
V: 00:00:00 / 00:00:01 (75%)
V: 00:00:01 / 00:00:01 (81%)
V: 00:00:01 / 00:00:01 (81%)
V: 00:00:01 / 00:00:01 (88%)
V: 00:00:01 / 00:00:01 (88%)
V: 00:00:01 / 00:00:01 (94%)
V: 00:00:01 / 00:00:01 (94%)
V: 00:00:00 / 00:00:01 (0%)
V: 00:00:00 / 00:00:01 (0%)
V: 00:00:00 / 00:00:01 (6%)
V: 00:00:00 / 00:00:01 (6%)
V: 00:00:00 / 00:00:01 (13%)
V: 00:00:00 / 00:00:01 (13%)
V: 00:00:00 / 00:00:01 (19%)
V: 00:00:00 / 00:00:01 (19%)
V: 00:00:00 / 00:00:01 (25%)
V: 00:00:00 / 00:00:01 (25%)
V: 00:00:00 / 00:00:01 (31%)
V: 00:00:00 / 00:00:01 (31%)
V: 00:00:00 / 00:00:01 (38%)
V: 00:00:00 / 00:00:01 (38%)
V: 00:00:00 / 00:00:01 (44%)
V: 00:00:00 / 00:00:01 (44%)
V: 00:00:00 / 00:00:01 (50%)
V: 00:00:00 / 00:00:01 (50%)
V: 00:00:00 / 00:00:01 (56%)
V: 00:00:00 / 00:00:01 (56%)
V: 00:00:00 / 00:00:01 (63%)
V: 00:00:00 / 00:00:01 (63%)
V: 00:00:00 / 00:00:01 (69%)
V: 00:00:00 / 00:00:01 (69%)
V: 00:00:00 / 00:00:01 (75%)
V: 00:00:00 / 00:00:01 (75%)
V: 00:00:01 / 00:00:01 (81%)
V: 00:00:01 / 00:00:01 (81%)
V: 00:00:01 / 00:00:01 (88%)
V: 00:00:01 / 00:00:01 (88%)
V: 00:00:01 / 00:00:01 (94%)
V: 00:00:01 / 00:00:01 (94%)
V: 00:00:00 / 00:00:01 (0%)
V: 00:00:00 / 00:00:01 (0%)
V: 00:00:00 / 00:00:01 (6%)
V: 00:00:00 / 00:00:01 (6%)
V: 00:00:00 / 00:00:01 (13%)
V: 00:00:00 / 00:00:01 (13%)
V: 00:00:00 / 00:00:01 (19%)
V: 00:00:00 / 00:00:01 (19%)
V: 00:00:00 / 00:00:01 (25%)
V: 00:00:00 / 00:00:01 (25%)
V: 00:00:00 / 00:00:01 (31%)
V: 00:00:00 / 00:00:01 (31%)
V: 00:00:00 / 00:00:01 (38%)
V: 00:00:00 / 00:00:01 (38%)
V: 00:00:00 / 00:00:01 (44%)
V: 00:00:00 / 00:00:01 (44%)
V: 00:00:00 / 00:00:01 (50%)
V: 00:00:00 / 00:00:01 (50%)
V: 00:00:00 / 00:00:01 (56%)
V: 00:00:00 / 00:00:01 (56%)
V: 00:00:00 / 00:00:01 (63%)
V: 00:00:00 / 00:00:01 (63%)
V: 00:00:00 / 00:00:01 (69%)
V: 00:00:00 / 00:00:01 (69%)
V: 00:00:00 / 00:00:01 (75%)
V: 00:00:00 / 00:00:01 (75%)
V: 00:00:01 / 00:00:01 (81%)
V: 00:00:01 / 00:00:01 (81%)
V: 00:00:01 / 00:00:01 (88%)
V: 00:00:01 / 00:00:01 (88%)
V: 00:00:01 / 00:00:01 (94%)
V: 00:00:01 / 00:00:01 (94%)
V: 00:00:00 / 00:00:01 (0%)
V: 00:00:00 / 00:00:01 (0%)
V: 00:00:00 / 00:00:01 (6%)
V: 00:00:00 / 00:00:01 (6%)
V: 00:00:00 / 00:00:01 (13%)
V: 00:00:00 / 00:00:01 (13%)
V: 00:00:00 / 00:00:01 (19%)
V: 00:00:00 / 00:00:01 (19%)
V: 00:00:00 / 00:00:01 (25%)
V: 00:00:00 / 00:00:01 (25%)
V: 00:00:00 / 00:00:01 (31%)
V: 00:00:00 / 00:00:01 (31%)
V: 00:00:00 / 00:00:01 (38%)
V: 00:00:00 / 00:00:01 (38%)
V: 00:00:00 / 00:00:01 (44%)
V: 00:00:00 / 00:00:01 (44%)
V: 00:00:00 / 00:00:01 (50%)
V: 00:00:00 / 00:00:01 (50%)
V: 00:00:00 / 00:00:01 (56%)
V: 00:00:00 / 00:00:01 (56%)
V: 00:00:00 / 00:00:01 (63%)
V: 00:00:00 / 00:00:01 (63%)
V: 00:00:00 / 00:00:01 (69%)
V: 00:00:00 / 00:00:01 (69%)
V: 00:00:00 / 00:00:01 (75%)
V: 00:00:00 / 00:00:01 (75%)
V: 00:00:01 / 00:00:01 (81%)
V: 00:00:01 / 00:00:01 (81%)
V: 00:00:01 / 00:00:01 (88%)
V: 00:00:01 / 00:00:01 (88%)
V: 00:00:01 / 00:00:01 (94%)
V: 00:00:01 / 00:00:01 (94%)
V: 00:00:00 / 00:00:01 (0%)
V: 00:00:00 / 00:00:01 (0%)
V: 00:00:00 / 00:00:01 (6%)
V: 00:00:00 / 00:00:01 (6%)
V: 00:00:00 / 00:00:01 (13%)
V: 00:00:00 / 00:00:01 (13%)
V: 00:00:00 / 00:00:01 (19%)
V: 00:00:00 / 00:00:01 (19%)
V: 00:00:00 / 00:00:01 (25%)
V: 00:00:00 / 00:00:01 (25%)
V: 00:00:00 / 00:00:01 (31%)
V: 00:00:00 / 00:00:01 (31%)
V: 00:00:00 / 00:00:01 (38%)
V: 00:00:00 / 00:00:01 (38%)
V: 00:00:00 / 00:00:01 (44%)
V: 00:00:00 / 00:00:01 (44%)
V: 00:00:00 / 00:00:01 (50%)
V: 00:00:00 / 00:00:01 (50%)
V: 00:00:00 / 00:00:01 (56%)
V: 00:00:00 / 00:00:01 (56%)
V: 00:00:00 / 00:00:01 (63%)
V: 00:00:00 / 00:00:01 (63%)
V: 00:00:00 / 00:00:01 (69%)
V: 00:00:00 / 00:00:01 (69%)
V: 00:00:00 / 00:00:01 (75%)
V: 00:00:00 / 00:00:01 (75%)
V: 00:00:01 / 00:00:01 (81%)
V: 00:00:01 / 00:00:01 (81%)
V: 00:00:01 / 00:00:01 (88%)
V: 00:00:01 / 00:00:01 (88%)
V: 00:00:01 / 00:00:01 (94%)
V: 00:00:01 / 00:00:01 (94%)
V: 00:00:00 / 00:00:01 (0%)
V: 00:00:00 / 00:00:01 (0%)
V: 00:00:00 / 00:00:01 (6%)
V: 00:00:00 / 00:00:01 (6%)
V: 00:00:00 / 00:00:01 (13%)
V: 00:00:00 / 00:00:01 (13%)
V: 00:00:00 / 00:00:01 (19%)
V: 00:00:00 / 00:00:01 (19%)
V: 00:00:00 / 00:00:01 (25%)
V: 00:00:00 / 00:00:01 (25%)
V: 00:00:00 / 00:00:01 (31%)
V: 00:00:00 / 00:00:01 (31%)
V: 00:00:00 / 00:00:01 (38%)
V: 00:00:00 / 00:00:01 (38%)
V: 00:00:00 / 00:00:01 (44%)
V: 00:00:00 / 00:00:01 (44%)
V: 00:00:00 / 00:00:01 (50%)
V: 00:00:00 / 00:00:01 (50%)
V: 00:00:00 / 00:00:01 (56%)
V: 00:00:00 / 00:00:01 (56%)
V: 00:00:00 / 00:00:01 (63%)
V: 00:00:00 / 00:00:01 (63%)
V: 00:00:00 / 00:00:01 (69%)
V: 00:00:00 / 00:00:01 (69%)
V: 00:00:00 / 00:00:01 (75%)
V: 00:00:00 / 00:00:01 (75%)
V: 00:00:01 / 00:00:01 (81%)
V: 00:00:01 / 00:00:01 (81%)
V: 00:00:01 / 00:00:01 (88%)
V: 00:00:01 / 00:00:01 (88%)
V: 00:00:01 / 00:00:01 (94%)
V: 00:00:01 / 00:00:01 (94%)
V: 00:00:00 / 00:00:01 (0%)
V: 00:00:00 / 00:00:01 (0%)
V: 00:00:00 / 00:00:01 (6%)
V: 00:00:00 / 00:00:01 (6%)
V: 00:00:00 / 00:00:01 (13%)
V: 00:00:00 / 00:00:01 (13%)
V: 00:00:00 / 00:00:01 (19%)
V: 00:00:00 / 00:00:01 (19%)
V: 00:00:00 / 00:00:01 (25%)
V: 00:00:00 / 00:00:01 (25%)
V: 00:00:00 / 00:00:01 (31%)
V: 00:00:00 / 00:00:01 (31%)
V: 00:00:00 / 00:00:01 (38%)
V: 00:00:00 / 00:00:01 (38%)
V: 00:00:00 / 00:00:01 (44%)
V: 00:00:00 / 00:00:01 (44%)
V: 00:00:00 / 00:00:01 (50%)
V: 00:00:00 / 00:00:01 (50%)
V: 00:00:00 / 00:00:01 (56%)
V: 00:00:00 / 00:00:01 (56%)
V: 00:00:00 / 00:00:01 (63%)
V: 00:00:00 / 00:00:01 (63%)
V: 00:00:00 / 00:00:01 (69%)
V: 00:00:00 / 00:00:01 (69%)
V: 00:00:00 / 00:00:01 (75%)
V: 00:00:00 / 00:00:01 (75%)
V: 00:00:01 / 00:00:01 (81%)
V: 00:00:01 / 00:00:01 (81%)
V: 00:00:01 / 00:00:01 (88%)
V: 00:00:01 / 00:00:01 (88%)
V: 00:00:01 / 00:00:01 (94%)
V: 00:00:01 / 00:00:01 (94%)
V: 00:00:00 / 00:00:01 (0%)
V: 00:00:00 / 00:00:01 (0%)
V: 00:00:00 / 00:00:01 (6%)
V: 00:00:00 / 00:00:01 (6%)
V: 00:00:00 / 00:00:01 (13%)
V: 00:00:00 / 00:00:01 (13%)
V: 00:00:00 / 00:00:01 (19%)
V: 00:00:00 / 00:00:01 (19%)
V: 00:00:00 / 00:00:01 (25%)
V: 00:00:00 / 00:00:01 (25%)
V: 00:00:00 / 00:00:01 (31%)
V: 00:00:00 / 00:00:01 (31%)
V: 00:00:00 / 00:00:01 (38%)
V: 00:00:00 / 00:00:01 (38%)
V: 00:00:00 / 00:00:01 (44%)
V: 00:00:00 / 00:00:01 (44%)
V: 00:00:00 / 00:00:01 (50%)
V: 00:00:00 / 00:00:01 (50%)
V: 00:00:00 / 00:00:01 (56%)
V: 00:00:00 / 00:00:01 (56%)
V: 00:00:00 / 00:00:01 (63%)
V: 00:00:00 / 00:00:01 (63%)
V: 00:00:00 / 00:00:01 (69%)
V: 00:00:00 / 00:00:01 (69%)
V: 00:00:00 / 00:00:01 (75%)
V: 00:00:00 / 00:00:01 (75%)
V: 00:00:01 / 00:00:01 (81%)
V: 00:00:01 / 00:00:01 (81%)
V: 00:00:01 / 00:00:01 (88%)
V: 00:00:01 / 00:00:01 (88%)
V: 00:00:01 / 00:00:01 (94%)
V: 00:00:01 / 00:00:01 (94%)
V: 00:00:00 / 00:00:01 (0%)
V: 00:00:00 / 00:00:01 (0%)
V: 00:00:00 / 00:00:01 (6%)
V: 00:00:00 / 00:00:01 (13%)
V: 00:00:00 / 00:00:01 (6%)
V: 00:00:00 / 00:00:01 (19%)
V: 00:00:00 / 00:00:01 (13%)
V: 00:00:00 / 00:00:01 (25%)
V: 00:00:00 / 00:00:01 (19%)
V: 00:00:00 / 00:00:01 (31%)
V: 00:00:00 / 00:00:01 (25%)
V: 00:00:00 / 00:00:01 (38%)
V: 00:00:00 / 00:00:01 (31%)
V: 00:00:00 / 00:00:01 (44%)
V: 00:00:00 / 00:00:01 (38%)
V: 00:00:00 / 00:00:01 (50%)
V: 00:00:00 / 00:00:01 (44%)
V: 00:00:00 / 00:00:01 (56%)
V: 00:00:00 / 00:00:01 (50%)
V: 00:00:00 / 00:00:01 (63%)
V: 00:00:00 / 00:00:01 (56%)
V: 00:00:00 / 00:00:01 (69%)
V: 00:00:00 / 00:00:01 (63%)
V: 00:00:00 / 00:00:01 (75%)
V: 00:00:00 / 00:00:01 (69%)
V: 00:00:01 / 00:00:01 (81%)
V: 00:00:00 / 00:00:01 (75%)
V: 00:00:01 / 00:00:01 (88%)
V: 00:00:01 / 00:00:01 (81%)
V: 00:00:01 / 00:00:01 (94%)
V: 00:00:01 / 00:00:01 (88%)
V: 00:00:00 / 00:00:01 (0%)
V: 00:00:01 / 00:00:01 (94%)
V: 00:00:00 / 00:00:01 (0%)
V: 00:00:00 / 00:00:01 (6%)
V: 00:00:00 / 00:00:01 (13%)
V: 00:00:00 / 00:00:01 (6%)
V: 00:00:00 / 00:00:01 (19%)
V: 00:00:00 / 00:00:01 (13%)
V: 00:00:00 / 00:00:01 (25%)
V: 00:00:00 / 00:00:01 (19%)
V: 00:00:00 / 00:00:01 (31%)
V: 00:00:00 / 00:00:01 (25%)
V: 00:00:00 / 00:00:01 (38%)
V: 00:00:00 / 00:00:01 (31%)
V: 00:00:00 / 00:00:01 (44%)
V: 00:00:00 / 00:00:01 (38%)
V: 00:00:00 / 00:00:01 (50%)
V: 00:00:00 / 00:00:01 (44%)
V: 00:00:00 / 00:00:01 (56%)
V: 00:00:00 / 00:00:01 (50%)
V: 00:00:00 / 00:00:01 (63%)
V: 00:00:00 / 00:00:01 (56%)
V: 00:00:00 / 00:00:01 (69%)
V: 00:00:00 / 00:00:01 (63%)
V: 00:00:00 / 00:00:01 (75%)
V: 00:00:00 / 00:00:01 (69%)
V: 00:00:01 / 00:00:01 (81%)
V: 00:00:00 / 00:00:01 (75%)
V: 00:00:01 / 00:00:01 (88%)
V: 00:00:01 / 00:00:01 (81%)
V: 00:00:01 / 00:00:01 (94%)
V: 00:00:01 / 00:00:01 (88%)
V: 00:00:00 / 00:00:01 (0%)
V: 00:00:01 / 00:00:01 (94%)
V: 00:00:00 / 00:00:01 (0%)
V: 00:00:00 / 00:00:01 (6%)
V: 00:00:00 / 00:00:01 (13%)
V: 00:00:00 / 00:00:01 (6%)
V: 00:00:00 / 00:00:01 (19%)
V: 00:00:00 / 00:00:01 (13%)
V: 00:00:00 / 00:00:01 (25%)
V: 00:00:00 / 00:00:01 (19%)
V: 00:00:00 / 00:00:01 (31%)
V: 00:00:00 / 00:00:01 (25%)
V: 00:00:00 / 00:00:01 (38%)
V: 00:00:00 / 00:00:01 (31%)
V: 00:00:00 / 00:00:01 (44%)
V: 00:00:00 / 00:00:01 (38%)
V: 00:00:00 / 00:00:01 (50%)
V: 00:00:00 / 00:00:01 (44%)
V: 00:00:00 / 00:00:01 (56%)
V: 00:00:00 / 00:00:01 (50%)
V: 00:00:00 / 00:00:01 (63%)
V: 00:00:00 / 00:00:01 (56%)
V: 00:00:00 / 00:00:01 (69%)
V: 00:00:00 / 00:00:01 (63%)
V: 00:00:00 / 00:00:01 (75%)
V: 00:00:00 / 00:00:01 (69%)
V: 00:00:01 / 00:00:01 (81%)
V: 00:00:00 / 00:00:01 (75%)
V: 00:00:01 / 00:00:01 (88%)
V: 00:00:01 / 00:00:01 (81%)
V: 00:00:01 / 00:00:01 (94%)
V: 00:00:01 / 00:00:01 (88%)
V: 00:00:00 / 00:00:01 (0%)
V: 00:00:01 / 00:00:01 (94%)
V: 00:00:00 / 00:00:01 (0%)
V: 00:00:00 / 00:00:01 (6%)
V: 00:00:00 / 00:00:01 (13%)
V: 00:00:00 / 00:00:01 (6%)
V: 00:00:00 / 00:00:01 (19%)
V: 00:00:00 / 00:00:01 (13%)
V: 00:00:00 / 00:00:01 (25%)
V: 00:00:00 / 00:00:01 (19%)
V: 00:00:00 / 00:00:01 (31%)
V: 00:00:00 / 00:00:01 (25%)
V: 00:00:00 / 00:00:01 (38%)
V: 00:00:00 / 00:00:01 (31%)
V: 00:00:00 / 00:00:01 (44%)
V: 00:00:00 / 00:00:01 (38%)
V: 00:00:00 / 00:00:01 (50%)
V: 00:00:00 / 00:00:01 (44%)
V: 00:00:00 / 00:00:01 (56%)
V: 00:00:00 / 00:00:01 (50%)
V: 00:00:00 / 00:00:01 (63%)
V: 00:00:00 / 00:00:01 (56%)
V: 00:00:00 / 00:00:01 (69%)
V: 00:00:00 / 00:00:01 (63%)
V: 00:00:00 / 00:00:01 (75%)
V: 00:00:00 / 00:00:01 (69%)
V: 00:00:01 / 00:00:01 (81%)
V: 00:00:00 / 00:00:01 (75%)
V: 00:00:01 / 00:00:01 (88%)
V: 00:00:01 / 00:00:01 (81%)
V: 00:00:01 / 00:00:01 (94%)
V: 00:00:01 / 00:00:01 (88%)
V: 00:00:00 / 00:00:01 (0%)
V: 00:00:01 / 00:00:01 (94%)
V: 00:00:00 / 00:00:01 (0%)
V: 00:00:00 / 00:00:01 (6%)
V: 00:00:00 / 00:00:01 (6%)
V: 00:00:00 / 00:00:01 (13%)
V: 00:00:00 / 00:00:01 (13%)
V: 00:00:00 / 00:00:01 (19%)
V: 00:00:00 / 00:00:01 (19%)
V: 00:00:00 / 00:00:01 (25%)
V: 00:00:00 / 00:00:01 (25%)
V: 00:00:00 / 00:00:01 (31%)
V: 00:00:00 / 00:00:01 (31%)
V: 00:00:00 / 00:00:01 (38%)
V: 00:00:00 / 00:00:01 (38%)
V: 00:00:00 / 00:00:01 (44%)
V: 00:00:00 / 00:00:01 (44%)
V: 00:00:00 / 00:00:01 (50%)
V: 00:00:00 / 00:00:01 (50%)
V: 00:00:00 / 00:00:01 (56%)
V: 00:00:00 / 00:00:01 (56%)
V: 00:00:00 / 00:00:01 (63%)
V: 00:00:00 / 00:00:01 (63%)
V: 00:00:00 / 00:00:01 (69%)
V: 00:00:00 / 00:00:01 (69%)
V: 00:00:00 / 00:00:01 (75%)
V: 00:00:00 / 00:00:01 (75%)
V: 00:00:01 / 00:00:01 (81%)
V: 00:00:01 / 00:00:01 (81%)
V: 00:00:01 / 00:00:01 (88%)
V: 00:00:01 / 00:00:01 (88%)
V: 00:00:01 / 00:00:01 (94%)
V: 00:00:01 / 00:00:01 (94%)
V: 00:00:00 / 00:00:01 (0%)
V: 00:00:00 / 00:00:01 (0%)
V: 00:00:00 / 00:00:01 (6%)
V: 00:00:00 / 00:00:01 (13%)
V: 00:00:00 / 00:00:01 (6%)
V: 00:00:00 / 00:00:01 (19%)
V: 00:00:00 / 00:00:01 (13%)
V: 00:00:00 / 00:00:01 (25%)
V: 00:00:00 / 00:00:01 (19%)
V: 00:00:00 / 00:00:01 (31%)
V: 00:00:00 / 00:00:01 (25%)
V: 00:00:00 / 00:00:01 (38%)
V: 00:00:00 / 00:00:01 (31%)
V: 00:00:00 / 00:00:01 (44%)
V: 00:00:00 / 00:00:01 (38%)
V: 00:00:00 / 00:00:01 (50%)
V: 00:00:00 / 00:00:01 (44%)
V: 00:00:00 / 00:00:01 (56%)
V: 00:00:00 / 00:00:01 (50%)
V: 00:00:00 / 00:00:01 (63%)
V: 00:00:00 / 00:00:01 (56%)
V: 00:00:00 / 00:00:01 (69%)
V: 00:00:00 / 00:00:01 (63%)
V: 00:00:00 / 00:00:01 (75%)
V: 00:00:00 / 00:00:01 (69%)
V: 00:00:01 / 00:00:01 (81%)
V: 00:00:00 / 00:00:01 (75%)
V: 00:00:01 / 00:00:01 (88%)
V: 00:00:01 / 00:00:01 (81%)
V: 00:00:01 / 00:00:01 (94%)
V: 00:00:01 / 00:00:01 (88%)
V: 00:00:00 / 00:00:01 (0%)
V: 00:00:01 / 00:00:01 (94%)
V: 00:00:00 / 00:00:01 (0%)
V: 00:00:00 / 00:00:01 (6%)
V: 00:00:00 / 00:00:01 (13%)
V: 00:00:00 / 00:00:01 (6%)
V: 00:00:00 / 00:00:01 (19%)
V: 00:00:00 / 00:00:01 (13%)
V: 00:00:00 / 00:00:01 (25%)
V: 00:00:00 / 00:00:01 (19%)
V: 00:00:00 / 00:00:01 (31%)
V: 00:00:00 / 00:00:01 (25%)
V: 00:00:00 / 00:00:01 (38%)
V: 00:00:00 / 00:00:01 (31%)
V: 00:00:00 / 00:00:01 (44%)
V: 00:00:00 / 00:00:01 (38%)
V: 00:00:00 / 00:00:01 (50%)
V: 00:00:00 / 00:00:01 (44%)
V: 00:00:00 / 00:00:01 (56%)
V: 00:00:00 / 00:00:01 (50%)
V: 00:00:00 / 00:00:01 (63%)
V: 00:00:00 / 00:00:01 (56%)
V: 00:00:00 / 00:00:01 (69%)
V: 00:00:00 / 00:00:01 (63%)
V: 00:00:00 / 00:00:01 (75%)
V: 00:00:00 / 00:00:01 (69%)
V: 00:00:01 / 00:00:01 (81%)
V: 00:00:00 / 00:00:01 (75%)
V: 00:00:01 / 00:00:01 (88%)
V: 00:00:01 / 00:00:01 (81%)
V: 00:00:01 / 00:00:01 (94%)
V: 00:00:01 / 00:00:01 (88%)
V: 00:00:00 / 00:00:01 (0%)
V: 00:00:01 / 00:00:01 (94%)
V: 00:00:00 / 00:00:01 (0%)
V: 00:00:00 / 00:00:01 (6%)
V: 00:00:00 / 00:00:01 (13%)
V: 00:00:00 / 00:00:01 (6%)
V: 00:00:00 / 00:00:01 (19%)
V: 00:00:00 / 00:00:01 (13%)
V: 00:00:00 / 00:00:01 (25%)
V: 00:00:00 / 00:00:01 (19%)
V: 00:00:00 / 00:00:01 (31%)
V: 00:00:00 / 00:00:01 (25%)
V: 00:00:00 / 00:00:01 (38%)
V: 00:00:00 / 00:00:01 (31%)
V: 00:00:00 / 00:00:01 (44%)
V: 00:00:00 / 00:00:01 (38%)
V: 00:00:00 / 00:00:01 (50%)
V: 00:00:00 / 00:00:01 (44%)
V: 00:00:00 / 00:00:01 (56%)
V: 00:00:00 / 00:00:01 (50%)
V: 00:00:00 / 00:00:01 (63%)
V: 00:00:00 / 00:00:01 (56%)
V: 00:00:00 / 00:00:01 (69%)
V: 00:00:00 / 00:00:01 (63%)
V: 00:00:00 / 00:00:01 (75%)
V: 00:00:00 / 00:00:01 (69%)
V: 00:00:01 / 00:00:01 (81%)
V: 00:00:00 / 00:00:01 (75%)
V: 00:00:01 / 00:00:01 (88%)
V: 00:00:01 / 00:00:01 (81%)
V: 00:00:01 / 00:00:01 (94%)
V: 00:00:01 / 00:00:01 (88%)
V: 00:00:00 / 00:00:01 (0%)
V: 00:00:01 / 00:00:01 (94%)
V: 00:00:00 / 00:00:01 (0%)
V: 00:00:00 / 00:00:01 (6%)
V: 00:00:00 / 00:00:01 (6%)
V: 00:00:00 / 00:00:01 (13%)
V: 00:00:00 / 00:00:01 (13%)
V: 00:00:00 / 00:00:01 (19%)
V: 00:00:00 / 00:00:01 (19%)
V: 00:00:00 / 00:00:01 (25%)
V: 00:00:00 / 00:00:01 (25%)
V: 00:00:00 / 00:00:01 (31%)
V: 00:00:00 / 00:00:01 (31%)
V: 00:00:00 / 00:00:01 (38%)
V: 00:00:00 / 00:00:01 (38%)
V: 00:00:00 / 00:00:01 (44%)
V: 00:00:00 / 00:00:01 (44%)
V: 00:00:00 / 00:00:01 (50%)
V: 00:00:00 / 00:00:01 (50%)
V: 00:00:00 / 00:00:01 (56%)
V: 00:00:00 / 00:00:01 (56%)
V: 00:00:00 / 00:00:01 (63%)
V: 00:00:00 / 00:00:01 (63%)
V: 00:00:00 / 00:00:01 (69%)
V: 00:00:00 / 00:00:01 (69%)
V: 00:00:00 / 00:00:01 (75%)
V: 00:00:00 / 00:00:01 (75%)
V: 00:00:01 / 00:00:01 (81%)
V: 00:00:01 / 00:00:01 (81%)
V: 00:00:01 / 00:00:01 (88%)
V: 00:00:01 / 00:00:01 (88%)
V: 00:00:01 / 00:00:01 (94%)
V: 00:00:01 / 00:00:01 (94%)
V: 00:00:00 / 00:00:01 (0%)
V: 00:00:00 / 00:00:01 (0%)
V: 00:00:00 / 00:00:01 (6%)
V: 00:00:00 / 00:00:01 (6%)
V: 00:00:00 / 00:00:01 (13%)
V: 00:00:00 / 00:00:01 (13%)
V: 00:00:00 / 00:00:01 (19%)
V: 00:00:00 / 00:00:01 (19%)
V: 00:00:00 / 00:00:01 (25%)
V: 00:00:00 / 00:00:01 (25%)
V: 00:00:00 / 00:00:01 (31%)
V: 00:00:00 / 00:00:01 (31%)
V: 00:00:00 / 00:00:01 (38%)
V: 00:00:00 / 00:00:01 (38%)
V: 00:00:00 / 00:00:01 (44%)
V: 00:00:00 / 00:00:01 (44%)
V: 00:00:00 / 00:00:01 (50%)
V: 00:00:00 / 00:00:01 (50%)
V: 00:00:00 / 00:00:01 (56%)
V: 00:00:00 / 00:00:01 (56%)
V: 00:00:00 / 00:00:01 (63%)
V: 00:00:00 / 00:00:01 (63%)
V: 00:00:00 / 00:00:01 (69%)
V: 00:00:00 / 00:00:01 (69%)
V: 00:00:00 / 00:00:01 (75%)
V: 00:00:00 / 00:00:01 (75%)
V: 00:00:01 / 00:00:01 (81%)
V: 00:00:01 / 00:00:01 (81%)
V: 00:00:01 / 00:00:01 (88%)
V: 00:00:01 / 00:00:01 (88%)
V: 00:00:01 / 00:00:01 (94%)
V: 00:00:01 / 00:00:01 (94%)
V: 00:00:00 / 00:00:01 (0%)
V: 00:00:00 / 00:00:01 (0%)
V: 00:00:00 / 00:00:01 (6%)
V: 00:00:00 / 00:00:01 (13%)
V: 00:00:00 / 00:00:01 (6%)
V: 00:00:00 / 00:00:01 (19%)
V: 00:00:00 / 00:00:01 (13%)
V: 00:00:00 / 00:00:01 (25%)
V: 00:00:00 / 00:00:01 (19%)
V: 00:00:00 / 00:00:01 (31%)
V: 00:00:00 / 00:00:01 (25%)
V: 00:00:00 / 00:00:01 (38%)
V: 00:00:00 / 00:00:01 (31%)
V: 00:00:00 / 00:00:01 (44%)
V: 00:00:00 / 00:00:01 (38%)
V: 00:00:00 / 00:00:01 (50%)
V: 00:00:00 / 00:00:01 (44%)
V: 00:00:00 / 00:00:01 (56%)
V: 00:00:00 / 00:00:01 (50%)
V: 00:00:00 / 00:00:01 (63%)
V: 00:00:00 / 00:00:01 (56%)
V: 00:00:00 / 00:00:01 (69%)
V: 00:00:00 / 00:00:01 (63%)
V: 00:00:00 / 00:00:01 (75%)
V: 00:00:00 / 00:00:01 (69%)
V: 00:00:01 / 00:00:01 (81%)
V: 00:00:00 / 00:00:01 (75%)
V: 00:00:01 / 00:00:01 (88%)
V: 00:00:01 / 00:00:01 (81%)
V: 00:00:01 / 00:00:01 (94%)
V: 00:00:01 / 00:00:01 (88%)
V: 00:00:00 / 00:00:01 (0%)
V: 00:00:01 / 00:00:01 (94%)
V: 00:00:00 / 00:00:01 (0%)
V: 00:00:00 / 00:00:01 (6%)
V: 00:00:00 / 00:00:01 (13%)
V: 00:00:00 / 00:00:01 (6%)
V: 00:00:00 / 00:00:01 (19%)
V: 00:00:00 / 00:00:01 (13%)
V: 00:00:00 / 00:00:01 (25%)
V: 00:00:00 / 00:00:01 (19%)
V: 00:00:00 / 00:00:01 (31%)
V: 00:00:00 / 00:00:01 (25%)
V: 00:00:00 / 00:00:01 (38%)
V: 00:00:00 / 00:00:01 (31%)
V: 00:00:00 / 00:00:01 (44%)
V: 00:00:00 / 00:00:01 (38%)
V: 00:00:00 / 00:00:01 (50%)
V: 00:00:00 / 00:00:01 (44%)
V: 00:00:00 / 00:00:01 (56%)
V: 00:00:00 / 00:00:01 (50%)
V: 00:00:00 / 00:00:01 (63%)
V: 00:00:00 / 00:00:01 (56%)
V: 00:00:00 / 00:00:01 (69%)
V: 00:00:00 / 00:00:01 (63%)
V: 00:00:00 / 00:00:01 (75%)
V: 00:00:00 / 00:00:01 (69%)
V: 00:00:01 / 00:00:01 (81%)
V: 00:00:00 / 00:00:01 (75%)
V: 00:00:01 / 00:00:01 (88%)
V: 00:00:01 / 00:00:01 (81%)
V: 00:00:01 / 00:00:01 (94%)
V: 00:00:01 / 00:00:01 (88%)
V: 00:00:00 / 00:00:01 (0%)
V: 00:00:01 / 00:00:01 (94%)
V: 00:00:00 / 00:00:01 (0%)
V: 00:00:00 / 00:00:01 (6%)
V: 00:00:00 / 00:00:01 (13%)
V: 00:00:00 / 00:00:01 (6%)
V: 00:00:00 / 00:00:01 (19%)
V: 00:00:00 / 00:00:01 (13%)
V: 00:00:00 / 00:00:01 (25%)
V: 00:00:00 / 00:00:01 (19%)
V: 00:00:00 / 00:00:01 (31%)
V: 00:00:00 / 00:00:01 (25%)
V: 00:00:00 / 00:00:01 (38%)
V: 00:00:00 / 00:00:01 (31%)
V: 00:00:00 / 00:00:01 (44%)
V: 00:00:00 / 00:00:01 (38%)
V: 00:00:00 / 00:00:01 (50%)
V: 00:00:00 / 00:00:01 (44%)
V: 00:00:00 / 00:00:01 (56%)
V: 00:00:00 / 00:00:01 (50%)
V: 00:00:00 / 00:00:01 (63%)
V: 00:00:00 / 00:00:01 (56%)
V: 00:00:00 / 00:00:01 (69%)
V: 00:00:00 / 00:00:01 (63%)
V: 00:00:00 / 00:00:01 (75%)
V: 00:00:00 / 00:00:01 (69%)
V: 00:00:01 / 00:00:01 (81%)
V: 00:00:00 / 00:00:01 (75%)
V: 00:00:01 / 00:00:01 (88%)
V: 00:00:01 / 00:00:01 (81%)
V: 00:00:01 / 00:00:01 (94%)
V: 00:00:01 / 00:00:01 (88%)
V: 00:00:00 / 00:00:01 (0%)
V: 00:00:01 / 00:00:01 (94%)
V: 00:00:00 / 00:00:01 (0%)
V: 00:00:00 / 00:00:01 (6%)
V: 00:00:00 / 00:00:01 (13%)
V: 00:00:00 / 00:00:01 (6%)
V: 00:00:00 / 00:00:01 (19%)
V: 00:00:00 / 00:00:01 (13%)
V: 00:00:00 / 00:00:01 (25%)
V: 00:00:00 / 00:00:01 (19%)
V: 00:00:00 / 00:00:01 (31%)
V: 00:00:00 / 00:00:01 (25%)
V: 00:00:00 / 00:00:01 (38%)
V: 00:00:00 / 00:00:01 (31%)
V: 00:00:00 / 00:00:01 (44%)
V: 00:00:00 / 00:00:01 (38%)
V: 00:00:00 / 00:00:01 (50%)
V: 00:00:00 / 00:00:01 (44%)
V: 00:00:00 / 00:00:01 (56%)
V: 00:00:00 / 00:00:01 (50%)
V: 00:00:00 / 00:00:01 (63%)
V: 00:00:00 / 00:00:01 (56%)
V: 00:00:00 / 00:00:01 (69%)
V: 00:00:00 / 00:00:01 (63%)
V: 00:00:00 / 00:00:01 (75%)
V: 00:00:00 / 00:00:01 (69%)
V: 00:00:01 / 00:00:01 (81%)
V: 00:00:00 / 00:00:01 (75%)
V: 00:00:01 / 00:00:01 (88%)
V: 00:00:01 / 00:00:01 (81%)
V: 00:00:01 / 00:00:01 (94%)
V: 00:00:01 / 00:00:01 (88%)
V: 00:00:00 / 00:00:01 (0%)
V: 00:00:01 / 00:00:01 (94%)
V: 00:00:00 / 00:00:01 (0%)
V: 00:00:00 / 00:00:01 (6%)
V: 00:00:00 / 00:00:01 (13%)
V: 00:00:00 / 00:00:01 (6%)
V: 00:00:00 / 00:00:01 (19%)
V: 00:00:00 / 00:00:01 (13%)
V: 00:00:00 / 00:00:01 (25%)
V: 00:00:00 / 00:00:01 (19%)
V: 00:00:00 / 00:00:01 (31%)
V: 00:00:00 / 00:00:01 (25%)
V: 00:00:00 / 00:00:01 (38%)
V: 00:00:00 / 00:00:01 (31%)
V: 00:00:00 / 00:00:01 (44%)
V: 00:00:00 / 00:00:01 (38%)
V: 00:00:00 / 00:00:01 (50%)
V: 00:00:00 / 00:00:01 (44%)
V: 00:00:00 / 00:00:01 (56%)
V: 00:00:00 / 00:00:01 (50%)
V: 00:00:00 / 00:00:01 (63%)
V: 00:00:00 / 00:00:01 (56%)
V: 00:00:00 / 00:00:01 (69%)
V: 00:00:00 / 00:00:01 (63%)
V: 00:00:00 / 00:00:01 (75%)
V: 00:00:00 / 00:00:01 (69%)
V: 00:00:01 / 00:00:01 (81%)
V: 00:00:00 / 00:00:01 (75%)
V: 00:00:01 / 00:00:01 (88%)
V: 00:00:01 / 00:00:01 (81%)
V: 00:00:01 / 00:00:01 (94%)
V: 00:00:01 / 00:00:01 (88%)
V: 00:00:00 / 00:00:01 (0%)
V: 00:00:01 / 00:00:01 (94%)
V: 00:00:00 / 00:00:01 (0%)
V: 00:00:00 / 00:00:01 (6%)
V: 00:00:00 / 00:00:01 (13%)
V: 00:00:00 / 00:00:01 (6%)
V: 00:00:00 / 00:00:01 (19%)
V: 00:00:00 / 00:00:01 (13%)
V: 00:00:00 / 00:00:01 (25%)
V: 00:00:00 / 00:00:01 (19%)
V: 00:00:00 / 00:00:01 (31%)
V: 00:00:00 / 00:00:01 (25%)
V: 00:00:00 / 00:00:01 (38%)
V: 00:00:00 / 00:00:01 (31%)
V: 00:00:00 / 00:00:01 (44%)
V: 00:00:00 / 00:00:01 (38%)
V: 00:00:00 / 00:00:01 (50%)
V: 00:00:00 / 00:00:01 (44%)
V: 00:00:00 / 00:00:01 (56%)
V: 00:00:00 / 00:00:01 (50%)
V: 00:00:00 / 00:00:01 (63%)
V: 00:00:00 / 00:00:01 (56%)
V: 00:00:00 / 00:00:01 (69%)
V: 00:00:00 / 00:00:01 (63%)
V: 00:00:00 / 00:00:01 (75%)
V: 00:00:00 / 00:00:01 (69%)
V: 00:00:01 / 00:00:01 (81%)
V: 00:00:00 / 00:00:01 (75%)
V: 00:00:01 / 00:00:01 (88%)
V: 00:00:01 / 00:00:01 (81%)
V: 00:00:01 / 00:00:01 (94%)
V: 00:00:01 / 00:00:01 (88%)
V: 00:00:00 / 00:00:01 (0%)
V: 00:00:01 / 00:00:01 (94%)
V: 00:00:00 / 00:00:01 (0%)
V: 00:00:00 / 00:00:01 (6%)
V: 00:00:00 / 00:00:01 (13%)
V: 00:00:00 / 00:00:01 (6%)
V: 00:00:00 / 00:00:01 (19%)
V: 00:00:00 / 00:00:01 (13%)
V: 00:00:00 / 00:00:01 (25%)
V: 00:00:00 / 00:00:01 (19%)
V: 00:00:00 / 00:00:01 (31%)
V: 00:00:00 / 00:00:01 (25%)
V: 00:00:00 / 00:00:01 (38%)
V: 00:00:00 / 00:00:01 (31%)
V: 00:00:00 / 00:00:01 (44%)
V: 00:00:00 / 00:00:01 (38%)
V: 00:00:00 / 00:00:01 (50%)
V: 00:00:00 / 00:00:01 (44%)
V: 00:00:00 / 00:00:01 (56%)
V: 00:00:00 / 00:00:01 (50%)
V: 00:00:00 / 00:00:01 (63%)
V: 00:00:00 / 00:00:01 (56%)
V: 00:00:00 / 00:00:01 (69%)
V: 00:00:00 / 00:00:01 (63%)
V: 00:00:00 / 00:00:01 (75%)
V: 00:00:00 / 00:00:01 (69%)
V: 00:00:01 / 00:00:01 (81%)
V: 00:00:00 / 00:00:01 (75%)
V: 00:00:01 / 00:00:01 (88%)
V: 00:00:01 / 00:00:01 (81%)
V: 00:00:01 / 00:00:01 (94%)
V: 00:00:01 / 00:00:01 (88%)
V: 00:00:00 / 00:00:01 (0%)
V: 00:00:01 / 00:00:01 (94%)
V: 00:00:00 / 00:00:01 (0%)
V: 00:00:00 / 00:00:01 (6%)
V: 00:00:00 / 00:00:01 (13%)
V: 00:00:00 / 00:00:01 (6%)
V: 00:00:00 / 00:00:01 (19%)
V: 00:00:00 / 00:00:01 (13%)
V: 00:00:00 / 00:00:01 (25%)
V: 00:00:00 / 00:00:01 (19%)
V: 00:00:00 / 00:00:01 (31%)
V: 00:00:00 / 00:00:01 (25%)
V: 00:00:00 / 00:00:01 (38%)
V: 00:00:00 / 00:00:01 (31%)
V: 00:00:00 / 00:00:01 (44%)
V: 00:00:00 / 00:00:01 (38%)
V: 00:00:00 / 00:00:01 (50%)
V: 00:00:00 / 00:00:01 (44%)
V: 00:00:00 / 00:00:01 (56%)
V: 00:00:00 / 00:00:01 (50%)
V: 00:00:00 / 00:00:01 (63%)
V: 00:00:00 / 00:00:01 (56%)
V: 00:00:00 / 00:00:01 (69%)
V: 00:00:00 / 00:00:01 (63%)
V: 00:00:00 / 00:00:01 (75%)
V: 00:00:00 / 00:00:01 (69%)
V: 00:00:01 / 00:00:01 (81%)
V: 00:00:00 / 00:00:01 (75%)
V: 00:00:01 / 00:00:01 (88%)
V: 00:00:01 / 00:00:01 (81%)
V: 00:00:01 / 00:00:01 (94%)
V: 00:00:01 / 00:00:01 (88%)
V: 00:00:00 / 00:00:01 (0%)
V: 00:00:01 / 00:00:01 (94%)
V: 00:00:00 / 00:00:01 (0%)
V: 00:00:00 / 00:00:01 (6%)
V: 00:00:00 / 00:00:01 (13%)
V: 00:00:00 / 00:00:01 (6%)
V: 00:00:00 / 00:00:01 (19%)
V: 00:00:00 / 00:00:01 (13%)
V: 00:00:00 / 00:00:01 (25%)
V: 00:00:00 / 00:00:01 (19%)
V: 00:00:00 / 00:00:01 (31%)
V: 00:00:00 / 00:00:01 (25%)
V: 00:00:00 / 00:00:01 (38%)
V: 00:00:00 / 00:00:01 (31%)
V: 00:00:00 / 00:00:01 (44%)
V: 00:00:00 / 00:00:01 (38%)
V: 00:00:00 / 00:00:01 (50%)
V: 00:00:00 / 00:00:01 (44%)
V: 00:00:00 / 00:00:01 (56%)
V: 00:00:00 / 00:00:01 (50%)
V: 00:00:00 / 00:00:01 (63%)
V: 00:00:00 / 00:00:01 (56%)
V: 00:00:00 / 00:00:01 (69%)
V: 00:00:00 / 00:00:01 (63%)
V: 00:00:00 / 00:00:01 (75%)
V: 00:00:00 / 00:00:01 (69%)
V: 00:00:01 / 00:00:01 (81%)
V: 00:00:00 / 00:00:01 (75%)
V: 00:00:01 / 00:00:01 (88%)
V: 00:00:01 / 00:00:01 (81%)
V: 00:00:01 / 00:00:01 (94%)
V: 00:00:01 / 00:00:01 (88%)
V: 00:00:00 / 00:00:01 (0%)
V: 00:00:01 / 00:00:01 (94%)
V: 00:00:00 / 00:00:01 (0%)
V: 00:00:00 / 00:00:01 (6%)
V: 00:00:00 / 00:00:01 (13%)
V: 00:00:00 / 00:00:01 (6%)
V: 00:00:00 / 00:00:01 (19%)
V: 00:00:00 / 00:00:01 (13%)
V: 00:00:00 / 00:00:01 (25%)
V: 00:00:00 / 00:00:01 (19%)
V: 00:00:00 / 00:00:01 (31%)
V: 00:00:00 / 00:00:01 (25%)
V: 00:00:00 / 00:00:01 (38%)
V: 00:00:00 / 00:00:01 (31%)
V: 00:00:00 / 00:00:01 (44%)
V: 00:00:00 / 00:00:01 (38%)
V: 00:00:00 / 00:00:01 (50%)
V: 00:00:00 / 00:00:01 (44%)
V: 00:00:00 / 00:00:01 (56%)
V: 00:00:00 / 00:00:01 (50%)
V: 00:00:00 / 00:00:01 (63%)
V: 00:00:00 / 00:00:01 (56%)
V: 00:00:00 / 00:00:01 (69%)
V: 00:00:00 / 00:00:01 (63%)
V: 00:00:00 / 00:00:01 (75%)
V: 00:00:00 / 00:00:01 (69%)
V: 00:00:01 / 00:00:01 (81%)
V: 00:00:00 / 00:00:01 (75%)
V: 00:00:01 / 00:00:01 (88%)
V: 00:00:01 / 00:00:01 (81%)
V: 00:00:01 / 00:00:01 (94%)
V: 00:00:01 / 00:00:01 (88%)
V: 00:00:00 / 00:00:01 (0%)
V: 00:00:01 / 00:00:01 (94%)
V: 00:00:00 / 00:00:01 (0%)
V: 00:00:00 / 00:00:01 (6%)
V: 00:00:00 / 00:00:01 (13%)
V: 00:00:00 / 00:00:01 (6%)
V: 00:00:00 / 00:00:01 (19%)
V: 00:00:00 / 00:00:01 (13%)
V: 00:00:00 / 00:00:01 (25%)
V: 00:00:00 / 00:00:01 (19%)
V: 00:00:00 / 00:00:01 (31%)
V: 00:00:00 / 00:00:01 (25%)
V: 00:00:00 / 00:00:01 (38%)
V: 00:00:00 / 00:00:01 (31%)
V: 00:00:00 / 00:00:01 (44%)
V: 00:00:00 / 00:00:01 (38%)
V: 00:00:00 / 00:00:01 (50%)
V: 00:00:00 / 00:00:01 (44%)
V: 00:00:00 / 00:00:01 (56%)
V: 00:00:00 / 00:00:01 (50%)
V: 00:00:00 / 00:00:01 (63%)
V: 00:00:00 / 00:00:01 (56%)
V: 00:00:00 / 00:00:01 (69%)
V: 00:00:00 / 00:00:01 (63%)
V: 00:00:00 / 00:00:01 (75%)
V: 00:00:00 / 00:00:01 (69%)
V: 00:00:01 / 00:00:01 (81%)
V: 00:00:00 / 00:00:01 (75%)
V: 00:00:01 / 00:00:01 (88%)
V: 00:00:01 / 00:00:01 (81%)
V: 00:00:01 / 00:00:01 (94%)
V: 00:00:01 / 00:00:01 (88%)
V: 00:00:00 / 00:00:01 (0%)
V: 00:00:01 / 00:00:01 (94%)
V: 00:00:00 / 00:00:01 (0%)
V: 00:00:00 / 00:00:01 (6%)
V: 00:00:00 / 00:00:01 (13%)
V: 00:00:00 / 00:00:01 (6%)
V: 00:00:00 / 00:00:01 (19%)
V: 00:00:00 / 00:00:01 (13%)
V: 00:00:00 / 00:00:01 (25%)
V: 00:00:00 / 00:00:01 (19%)
V: 00:00:00 / 00:00:01 (31%)
V: 00:00:00 / 00:00:01 (25%)
V: 00:00:00 / 00:00:01 (38%)
V: 00:00:00 / 00:00:01 (31%)
V: 00:00:00 / 00:00:01 (44%)
V: 00:00:00 / 00:00:01 (38%)
V: 00:00:00 / 00:00:01 (50%)
V: 00:00:00 / 00:00:01 (44%)
V: 00:00:00 / 00:00:01 (56%)
V: 00:00:00 / 00:00:01 (50%)
V: 00:00:00 / 00:00:01 (63%)
V: 00:00:00 / 00:00:01 (56%)
V: 00:00:00 / 00:00:01 (69%)
V: 00:00:00 / 00:00:01 (63%)
V: 00:00:00 / 00:00:01 (75%)
V: 00:00:00 / 00:00:01 (69%)
V: 00:00:01 / 00:00:01 (81%)
V: 00:00:00 / 00:00:01 (75%)
V: 00:00:01 / 00:00:01 (88%)
V: 00:00:01 / 00:00:01 (81%)
V: 00:00:01 / 00:00:01 (94%)
V: 00:00:01 / 00:00:01 (88%)
V: 00:00:00 / 00:00:01 (0%)
V: 00:00:01 / 00:00:01 (94%)
V: 00:00:00 / 00:00:01 (0%)
V: 00:00:00 / 00:00:01 (6%)
V: 00:00:00 / 00:00:01 (13%)
V: 00:00:00 / 00:00:01 (6%)
V: 00:00:00 / 00:00:01 (19%)
V: 00:00:00 / 00:00:01 (13%)
V: 00:00:00 / 00:00:01 (25%)
V: 00:00:00 / 00:00:01 (19%)
V: 00:00:00 / 00:00:01 (31%)
V: 00:00:00 / 00:00:01 (25%)
V: 00:00:00 / 00:00:01 (38%)
V: 00:00:00 / 00:00:01 (31%)
V: 00:00:00 / 00:00:01 (44%)
V: 00:00:00 / 00:00:01 (38%)
V: 00:00:00 / 00:00:01 (50%)
V: 00:00:00 / 00:00:01 (44%)
V: 00:00:00 / 00:00:01 (56%)
V: 00:00:00 / 00:00:01 (50%)
V: 00:00:00 / 00:00:01 (63%)
V: 00:00:00 / 00:00:01 (56%)
V: 00:00:00 / 00:00:01 (69%)
V: 00:00:00 / 00:00:01 (63%)
V: 00:00:00 / 00:00:01 (75%)
V: 00:00:00 / 00:00:01 (69%)
V: 00:00:01 / 00:00:01 (81%)
V: 00:00:00 / 00:00:01 (75%)
V: 00:00:01 / 00:00:01 (88%)
V: 00:00:01 / 00:00:01 (81%)
V: 00:00:01 / 00:00:01 (94%)
V: 00:00:01 / 00:00:01 (88%)
V: 00:00:00 / 00:00:01 (0%)
V: 00:00:01 / 00:00:01 (94%)
V: 00:00:00 / 00:00:01 (0%)
V: 00:00:00 / 00:00:01 (6%)
V: 00:00:00 / 00:00:01 (13%)
V: 00:00:00 / 00:00:01 (6%)
V: 00:00:00 / 00:00:01 (19%)
V: 00:00:00 / 00:00:01 (13%)
V: 00:00:00 / 00:00:01 (25%)
V: 00:00:00 / 00:00:01 (19%)
V: 00:00:00 / 00:00:01 (31%)
V: 00:00:00 / 00:00:01 (25%)
V: 00:00:00 / 00:00:01 (38%)
V: 00:00:00 / 00:00:01 (31%)
V: 00:00:00 / 00:00:01 (44%)
V: 00:00:00 / 00:00:01 (38%)
V: 00:00:00 / 00:00:01 (50%)
V: 00:00:00 / 00:00:01 (44%)
V: 00:00:00 / 00:00:01 (56%)
V: 00:00:00 / 00:00:01 (50%)
V: 00:00:00 / 00:00:01 (63%)
V: 00:00:00 / 00:00:01 (56%)
V: 00:00:00 / 00:00:01 (69%)
V: 00:00:00 / 00:00:01 (63%)
V: 00:00:00 / 00:00:01 (75%)
V: 00:00:00 / 00:00:01 (69%)
V: 00:00:01 / 00:00:01 (81%)
V: 00:00:00 / 00:00:01 (75%)
V: 00:00:01 / 00:00:01 (88%)
V: 00:00:01 / 00:00:01 (81%)
V: 00:00:01 / 00:00:01 (94%)
V: 00:00:01 / 00:00:01 (88%)
V: 00:00:00 / 00:00:01 (0%)
V: 00:00:01 / 00:00:01 (94%)
V: 00:00:00 / 00:00:01 (0%)
V: 00:00:00 / 00:00:01 (6%)
V: 00:00:00 / 00:00:01 (13%)
V: 00:00:00 / 00:00:01 (6%)
V: 00:00:00 / 00:00:01 (19%)
V: 00:00:00 / 00:00:01 (13%)
V: 00:00:00 / 00:00:01 (25%)
V: 00:00:00 / 00:00:01 (19%)
V: 00:00:00 / 00:00:01 (31%)
V: 00:00:00 / 00:00:01 (25%)
V: 00:00:00 / 00:00:01 (38%)
V: 00:00:00 / 00:00:01 (31%)
V: 00:00:00 / 00:00:01 (44%)
V: 00:00:00 / 00:00:01 (38%)
V: 00:00:00 / 00:00:01 (50%)
V: 00:00:00 / 00:00:01 (44%)
V: 00:00:00 / 00:00:01 (56%)
V: 00:00:00 / 00:00:01 (50%)
V: 00:00:00 / 00:00:01 (63%)
V: 00:00:00 / 00:00:01 (56%)
V: 00:00:00 / 00:00:01 (69%)
V: 00:00:00 / 00:00:01 (63%)
V: 00:00:00 / 00:00:01 (75%)
V: 00:00:00 / 00:00:01 (69%)
V: 00:00:01 / 00:00:01 (81%)
V: 00:00:00 / 00:00:01 (75%)
V: 00:00:01 / 00:00:01 (88%)
V: 00:00:01 / 00:00:01 (81%)
V: 00:00:01 / 00:00:01 (94%)
V: 00:00:01 / 00:00:01 (88%)
V: 00:00:00 / 00:00:01 (0%)
V: 00:00:01 / 00:00:01 (94%)
V: 00:00:00 / 00:00:01 (0%)
V: 00:00:00 / 00:00:01 (6%)
V: 00:00:00 / 00:00:01 (13%)
V: 00:00:00 / 00:00:01 (6%)
V: 00:00:00 / 00:00:01 (19%)
V: 00:00:00 / 00:00:01 (13%)
V: 00:00:00 / 00:00:01 (25%)
V: 00:00:00 / 00:00:01 (19%)
V: 00:00:00 / 00:00:01 (31%)
V: 00:00:00 / 00:00:01 (25%)
V: 00:00:00 / 00:00:01 (38%)
V: 00:00:00 / 00:00:01 (31%)
V: 00:00:00 / 00:00:01 (44%)
V: 00:00:00 / 00:00:01 (38%)
V: 00:00:00 / 00:00:01 (50%)
V: 00:00:00 / 00:00:01 (44%)
V: 00:00:00 / 00:00:01 (56%)
V: 00:00:00 / 00:00:01 (50%)
V: 00:00:00 / 00:00:01 (63%)
V: 00:00:00 / 00:00:01 (56%)
V: 00:00:00 / 00:00:01 (69%)
V: 00:00:00 / 00:00:01 (63%)
V: 00:00:00 / 00:00:01 (75%)
V: 00:00:00 / 00:00:01 (69%)
V: 00:00:01 / 00:00:01 (81%)
V: 00:00:00 / 00:00:01 (75%)
V: 00:00:01 / 00:00:01 (88%)
V: 00:00:01 / 00:00:01 (81%)
V: 00:00:01 / 00:00:01 (94%)
V: 00:00:01 / 00:00:01 (88%)
V: 00:00:00 / 00:00:01 (0%)
V: 00:00:01 / 00:00:01 (94%)
V: 00:00:00 / 00:00:01 (0%)
V: 00:00:00 / 00:00:01 (6%)
V: 00:00:00 / 00:00:01 (13%)
V: 00:00:00 / 00:00:01 (6%)
V: 00:00:00 / 00:00:01 (19%)
V: 00:00:00 / 00:00:01 (13%)
V: 00:00:00 / 00:00:01 (25%)
V: 00:00:00 / 00:00:01 (19%)
V: 00:00:00 / 00:00:01 (31%)
V: 00:00:00 / 00:00:01 (25%)
V: 00:00:00 / 00:00:01 (38%)
V: 00:00:00 / 00:00:01 (31%)
V: 00:00:00 / 00:00:01 (44%)
V: 00:00:00 / 00:00:01 (38%)
V: 00:00:00 / 00:00:01 (50%)
V: 00:00:00 / 00:00:01 (44%)
V: 00:00:00 / 00:00:01 (56%)
V: 00:00:00 / 00:00:01 (50%)
V: 00:00:00 / 00:00:01 (63%)
V: 00:00:00 / 00:00:01 (56%)
V: 00:00:00 / 00:00:01 (69%)
V: 00:00:00 / 00:00:01 (63%)
V: 00:00:00 / 00:00:01 (75%)
V: 00:00:00 / 00:00:01 (69%)
V: 00:00:01 / 00:00:01 (81%)
V: 00:00:00 / 00:00:01 (75%)
V: 00:00:01 / 00:00:01 (88%)
V: 00:00:01 / 00:00:01 (81%)
V: 00:00:01 / 00:00:01 (94%)
V: 00:00:01 / 00:00:01 (88%)
V: 00:00:00 / 00:00:01 (0%)
V: 00:00:01 / 00:00:01 (94%)
V: 00:00:00 / 00:00:01 (0%)
V: 00:00:00 / 00:00:01 (6%)
V: 00:00:00 / 00:00:01 (13%)
V: 00:00:00 / 00:00:01 (6%)
V: 00:00:00 / 00:00:01 (19%)
V: 00:00:00 / 00:00:01 (13%)
V: 00:00:00 / 00:00:01 (25%)
V: 00:00:00 / 00:00:01 (19%)
V: 00:00:00 / 00:00:01 (31%)
V: 00:00:00 / 00:00:01 (25%)
V: 00:00:00 / 00:00:01 (38%)
V: 00:00:00 / 00:00:01 (31%)
V: 00:00:00 / 00:00:01 (44%)
V: 00:00:00 / 00:00:01 (38%)
V: 00:00:00 / 00:00:01 (50%)
V: 00:00:00 / 00:00:01 (44%)
V: 00:00:00 / 00:00:01 (56%)
V: 00:00:00 / 00:00:01 (50%)
V: 00:00:00 / 00:00:01 (63%)
V: 00:00:00 / 00:00:01 (56%)
V: 00:00:00 / 00:00:01 (69%)
V: 00:00:00 / 00:00:01 (63%)
V: 00:00:00 / 00:00:01 (75%)
V: 00:00:00 / 00:00:01 (69%)
V: 00:00:01 / 00:00:01 (81%)
(Paused) V: 00:00:01 / 00:00:01 (81%)
V: 00:00:00 / 00:00:01 (75%)
V: 00:00:01 / 00:00:01 (81%)
V: 00:00:01 / 00:00:01 (88%)
V: 00:00:01 / 00:00:01 (94%)
V: 00:00:00 / 00:00:01 (0%)
V: 00:00:00 / 00:00:01 (6%)
V: 00:00:00 / 00:00:01 (13%)
V: 00:00:00 / 00:00:01 (19%)
V: 00:00:00 / 00:00:01 (25%)
V: 00:00:01 / 00:00:01 (81%)
V: 00:00:00 / 00:00:01 (31%)
V: 00:00:01 / 00:00:01 (88%)
V: 00:00:00 / 00:00:01 (38%)
V: 00:00:01 / 00:00:01 (94%)
V: 00:00:00 / 00:00:01 (44%)
V: 00:00:00 / 00:00:01 (0%)
V: 00:00:00 / 00:00:01 (50%)
V: 00:00:00 / 00:00:01 (56%)
V: 00:00:00 / 00:00:01 (6%)
V: 00:00:00 / 00:00:01 (63%)
V: 00:00:00 / 00:00:01 (13%)
V: 00:00:00 / 00:00:01 (69%)
V: 00:00:00 / 00:00:01 (19%)
V: 00:00:00 / 00:00:01 (75%)
V: 00:00:00 / 00:00:01 (25%)
V: 00:00:01 / 00:00:01 (81%)
V: 00:00:00 / 00:00:01 (31%)
V: 00:00:01 / 00:00:01 (88%)
V: 00:00:00 / 00:00:01 (38%)
V: 00:00:01 / 00:00:01 (94%)
V: 00:00:00 / 00:00:01 (44%)
V: 00:00:00 / 00:00:01 (0%)
V: 00:00:00 / 00:00:01 (50%)
V: 00:00:00 / 00:00:01 (56%)
V: 00:00:00 / 00:00:01 (6%)
V: 00:00:00 / 00:00:01 (63%)
V: 00:00:00 / 00:00:01 (13%)
V: 00:00:00 / 00:00:01 (69%)
V: 00:00:00 / 00:00:01 (19%)
V: 00:00:00 / 00:00:01 (75%)
V: 00:00:00 / 00:00:01 (25%)
V: 00:00:01 / 00:00:01 (81%)
V: 00:00:00 / 00:00:01 (31%)
V: 00:00:01 / 00:00:01 (88%)
V: 00:00:00 / 00:00:01 (38%)
V: 00:00:01 / 00:00:01 (94%)
V: 00:00:00 / 00:00:01 (44%)
V: 00:00:00 / 00:00:01 (0%)
V: 00:00:00 / 00:00:01 (50%)
V: 00:00:00 / 00:00:01 (56%)
V: 00:00:00 / 00:00:01 (6%)
V: 00:00:00 / 00:00:01 (63%)
V: 00:00:00 / 00:00:01 (13%)
V: 00:00:00 / 00:00:01 (69%)
V: 00:00:00 / 00:00:01 (19%)
V: 00:00:00 / 00:00:01 (75%)
V: 00:00:00 / 00:00:01 (25%)
V: 00:00:01 / 00:00:01 (81%)
V: 00:00:00 / 00:00:01 (31%)
V: 00:00:01 / 00:00:01 (88%)
V: 00:00:00 / 00:00:01 (38%)
V: 00:00:01 / 00:00:01 (94%)
V: 00:00:00 / 00:00:01 (44%)
V: 00:00:00 / 00:00:01 (0%)
V: 00:00:00 / 00:00:01 (50%)
V: 00:00:00 / 00:00:01 (56%)
V: 00:00:00 / 00:00:01 (6%)
V: 00:00:00 / 00:00:01 (63%)
V: 00:00:00 / 00:00:01 (13%)
V: 00:00:00 / 00:00:01 (69%)
V: 00:00:00 / 00:00:01 (19%)
V: 00:00:00 / 00:00:01 (75%)
V: 00:00:00 / 00:00:01 (25%)
V: 00:00:01 / 00:00:01 (81%)
V: 00:00:00 / 00:00:01 (31%)
V: 00:00:01 / 00:00:01 (88%)
V: 00:00:00 / 00:00:01 (38%)
V: 00:00:01 / 00:00:01 (94%)
V: 00:00:00 / 00:00:01 (44%)
V: 00:00:00 / 00:00:01 (0%)
V: 00:00:00 / 00:00:01 (50%)
V: 00:00:00 / 00:00:01 (56%)
V: 00:00:00 / 00:00:01 (6%)
V: 00:00:00 / 00:00:01 (63%)
V: 00:00:00 / 00:00:01 (13%)
V: 00:00:00 / 00:00:01 (69%)
V: 00:00:00 / 00:00:01 (19%)
V: 00:00:00 / 00:00:01 (75%)
V: 00:00:00 / 00:00:01 (25%)
V: 00:00:01 / 00:00:01 (81%)
V: 00:00:00 / 00:00:01 (31%)
V: 00:00:01 / 00:00:01 (88%)
V: 00:00:00 / 00:00:01 (38%)
V: 00:00:01 / 00:00:01 (94%)
V: 00:00:00 / 00:00:01 (44%)
V: 00:00:00 / 00:00:01 (0%)
V: 00:00:00 / 00:00:01 (50%)
V: 00:00:00 / 00:00:01 (56%)
V: 00:00:00 / 00:00:01 (6%)
V: 00:00:00 / 00:00:01 (63%)
V: 00:00:00 / 00:00:01 (13%)
V: 00:00:00 / 00:00:01 (69%)
V: 00:00:00 / 00:00:01 (19%)
V: 00:00:00 / 00:00:01 (75%)
V: 00:00:00 / 00:00:01 (25%)
V: 00:00:01 / 00:00:01 (81%)
V: 00:00:00 / 00:00:01 (31%)
V: 00:00:01 / 00:00:01 (88%)
V: 00:00:00 / 00:00:01 (38%)
V: 00:00:01 / 00:00:01 (94%)
V: 00:00:00 / 00:00:01 (44%)
V: 00:00:00 / 00:00:01 (0%)
V: 00:00:00 / 00:00:01 (50%)
V: 00:00:00 / 00:00:01 (6%)
V: 00:00:00 / 00:00:01 (56%)
V: 00:00:00 / 00:00:01 (13%)
V: 00:00:00 / 00:00:01 (63%)
V: 00:00:00 / 00:00:01 (19%)
V: 00:00:00 / 00:00:01 (69%)
V: 00:00:00 / 00:00:01 (25%)
V: 00:00:00 / 00:00:01 (75%)
V: 00:00:00 / 00:00:01 (31%)
V: 00:00:01 / 00:00:01 (81%)
V: 00:00:00 / 00:00:01 (38%)
V: 00:00:01 / 00:00:01 (88%)
V: 00:00:00 / 00:00:01 (44%)
V: 00:00:01 / 00:00:01 (94%)
V: 00:00:00 / 00:00:01 (50%)
V: 00:00:00 / 00:00:01 (0%)
V: 00:00:00 / 00:00:01 (56%)
V: 00:00:00 / 00:00:01 (6%)
V: 00:00:00 / 00:00:01 (63%)
V: 00:00:00 / 00:00:01 (13%)
V: 00:00:00 / 00:00:01 (69%)
V: 00:00:00 / 00:00:01 (19%)
V: 00:00:00 / 00:00:01 (75%)
V: 00:00:00 / 00:00:01 (25%)
V: 00:00:01 / 00:00:01 (81%)
V: 00:00:00 / 00:00:01 (31%)
V: 00:00:01 / 00:00:01 (88%)
V: 00:00:00 / 00:00:01 (38%)
V: 00:00:01 / 00:00:01 (94%)
V: 00:00:00 / 00:00:01 (44%)
V: 00:00:00 / 00:00:01 (0%)
V: 00:00:00 / 00:00:01 (50%)
V: 00:00:00 / 00:00:01 (6%)
V: 00:00:00 / 00:00:01 (56%)
V: 00:00:00 / 00:00:01 (13%)
V: 00:00:00 / 00:00:01 (63%)
V: 00:00:00 / 00:00:01 (19%)
V: 00:00:00 / 00:00:01 (69%)
V: 00:00:00 / 00:00:01 (25%)
V: 00:00:00 / 00:00:01 (75%)
V: 00:00:00 / 00:00:01 (31%)
V: 00:00:01 / 00:00:01 (81%)
V: 00:00:00 / 00:00:01 (38%)
V: 00:00:01 / 00:00:01 (88%)
V: 00:00:00 / 00:00:01 (44%)
V: 00:00:01 / 00:00:01 (94%)
V: 00:00:00 / 00:00:01 (50%)
V: 00:00:00 / 00:00:01 (0%)
V: 00:00:00 / 00:00:01 (56%)
V: 00:00:00 / 00:00:01 (6%)
V: 00:00:00 / 00:00:01 (63%)
V: 00:00:00 / 00:00:01 (13%)
V: 00:00:00 / 00:00:01 (69%)
V: 00:00:00 / 00:00:01 (19%)
V: 00:00:00 / 00:00:01 (75%)
V: 00:00:00 / 00:00:01 (25%)
V: 00:00:01 / 00:00:01 (81%)
V: 00:00:00 / 00:00:01 (31%)
V: 00:00:01 / 00:00:01 (88%)
V: 00:00:00 / 00:00:01 (38%)
V: 00:00:01 / 00:00:01 (94%)
V: 00:00:00 / 00:00:01 (44%)
V: 00:00:00 / 00:00:01 (0%)
V: 00:00:00 / 00:00:01 (50%)
V: 00:00:00 / 00:00:01 (6%)
V: 00:00:00 / 00:00:01 (56%)
V: 00:00:00 / 00:00:01 (13%)
V: 00:00:00 / 00:00:01 (63%)
V: 00:00:00 / 00:00:01 (19%)
V: 00:00:00 / 00:00:01 (69%)
V: 00:00:00 / 00:00:01 (25%)
V: 00:00:00 / 00:00:01 (75%)
V: 00:00:00 / 00:00:01 (31%)
V: 00:00:01 / 00:00:01 (81%)
V: 00:00:00 / 00:00:01 (38%)
V: 00:00:01 / 00:00:01 (88%)
V: 00:00:00 / 00:00:01 (44%)
V: 00:00:01 / 00:00:01 (94%)
V: 00:00:00 / 00:00:01 (50%)
V: 00:00:00 / 00:00:01 (0%)
V: 00:00:00 / 00:00:01 (56%)
V: 00:00:00 / 00:00:01 (6%)
V: 00:00:00 / 00:00:01 (63%)
V: 00:00:00 / 00:00:01 (13%)
V: 00:00:00 / 00:00:01 (69%)
V: 00:00:00 / 00:00:01 (19%)
V: 00:00:00 / 00:00:01 (75%)
V: 00:00:00 / 00:00:01 (25%)
V: 00:00:01 / 00:00:01 (81%)
V: 00:00:00 / 00:00:01 (31%)
V: 00:00:01 / 00:00:01 (88%)
V: 00:00:00 / 00:00:01 (38%)
V: 00:00:01 / 00:00:01 (94%)
V: 00:00:00 / 00:00:01 (44%)
V: 00:00:00 / 00:00:01 (0%)
V: 00:00:00 / 00:00:01 (50%)
V: 00:00:00 / 00:00:01 (56%)
V: 00:00:00 / 00:00:01 (6%)
V: 00:00:00 / 00:00:01 (63%)
V: 00:00:00 / 00:00:01 (13%)
V: 00:00:00 / 00:00:01 (69%)
V: 00:00:00 / 00:00:01 (19%)
V: 00:00:00 / 00:00:01 (75%)
V: 00:00:00 / 00:00:01 (25%)
V: 00:00:01 / 00:00:01 (81%)
V: 00:00:00 / 00:00:01 (31%)
V: 00:00:01 / 00:00:01 (88%)
V: 00:00:00 / 00:00:01 (38%)
V: 00:00:01 / 00:00:01 (94%)
V: 00:00:00 / 00:00:01 (44%)
V: 00:00:00 / 00:00:01 (0%)
V: 00:00:00 / 00:00:01 (50%)
V: 00:00:00 / 00:00:01 (56%)
V: 00:00:00 / 00:00:01 (6%)
V: 00:00:00 / 00:00:01 (63%)
V: 00:00:00 / 00:00:01 (13%)
V: 00:00:00 / 00:00:01 (69%)
V: 00:00:00 / 00:00:01 (19%)
V: 00:00:00 / 00:00:01 (75%)
V: 00:00:00 / 00:00:01 (25%)
V: 00:00:01 / 00:00:01 (81%)
V: 00:00:00 / 00:00:01 (31%)
V: 00:00:01 / 00:00:01 (88%)
V: 00:00:00 / 00:00:01 (38%)
V: 00:00:01 / 00:00:01 (94%)
V: 00:00:00 / 00:00:01 (44%)
V: 00:00:00 / 00:00:01 (0%)
V: 00:00:00 / 00:00:01 (50%)
V: 00:00:00 / 00:00:01 (56%)
V: 00:00:00 / 00:00:01 (6%)
V: 00:00:00 / 00:00:01 (63%)
V: 00:00:00 / 00:00:01 (13%)
V: 00:00:00 / 00:00:01 (69%)
V: 00:00:00 / 00:00:01 (19%)
V: 00:00:00 / 00:00:01 (75%)
V: 00:00:00 / 00:00:01 (25%)
V: 00:00:01 / 00:00:01 (81%)
V: 00:00:00 / 00:00:01 (31%)
V: 00:00:01 / 00:00:01 (88%)
V: 00:00:00 / 00:00:01 (38%)
V: 00:00:01 / 00:00:01 (94%)
V: 00:00:00 / 00:00:01 (44%)
V: 00:00:00 / 00:00:01 (0%)
V: 00:00:00 / 00:00:01 (50%)
V: 00:00:00 / 00:00:01 (56%)
V: 00:00:00 / 00:00:01 (6%)
V: 00:00:00 / 00:00:01 (63%)
V: 00:00:00 / 00:00:01 (13%)
V: 00:00:00 / 00:00:01 (69%)
V: 00:00:00 / 00:00:01 (19%)
V: 00:00:00 / 00:00:01 (75%)
V: 00:00:00 / 00:00:01 (25%)
V: 00:00:01 / 00:00:01 (81%)
V: 00:00:00 / 00:00:01 (31%)
V: 00:00:01 / 00:00:01 (88%)
V: 00:00:00 / 00:00:01 (38%)
V: 00:00:01 / 00:00:01 (94%)
V: 00:00:00 / 00:00:01 (44%)
V: 00:00:00 / 00:00:01 (0%)
V: 00:00:00 / 00:00:01 (50%)
V: 00:00:00 / 00:00:01 (56%)
V: 00:00:00 / 00:00:01 (6%)
V: 00:00:00 / 00:00:01 (63%)
V: 00:00:00 / 00:00:01 (13%)
V: 00:00:00 / 00:00:01 (69%)
V: 00:00:00 / 00:00:01 (19%)
V: 00:00:00 / 00:00:01 (75%)
V: 00:00:00 / 00:00:01 (25%)
V: 00:00:01 / 00:00:01 (81%)
V: 00:00:00 / 00:00:01 (31%)
V: 00:00:01 / 00:00:01 (88%)
V: 00:00:00 / 00:00:01 (38%)
V: 00:00:01 / 00:00:01 (94%)
V: 00:00:00 / 00:00:01 (44%)
V: 00:00:00 / 00:00:01 (0%)
V: 00:00:00 / 00:00:01 (50%)
V: 00:00:00 / 00:00:01 (56%)
V: 00:00:00 / 00:00:01 (6%)
V: 00:00:00 / 00:00:01 (63%)
V: 00:00:00 / 00:00:01 (13%)
V: 00:00:00 / 00:00:01 (69%)
V: 00:00:00 / 00:00:01 (19%)
V: 00:00:00 / 00:00:01 (75%)
V: 00:00:00 / 00:00:01 (25%)
V: 00:00:01 / 00:00:01 (81%)
V: 00:00:00 / 00:00:01 (31%)
V: 00:00:01 / 00:00:01 (88%)
V: 00:00:00 / 00:00:01 (38%)
V: 00:00:01 / 00:00:01 (94%)
V: 00:00:00 / 00:00:01 (44%)
V: 00:00:00 / 00:00:01 (0%)
V: 00:00:00 / 00:00:01 (50%)
V: 00:00:00 / 00:00:01 (56%)
V: 00:00:00 / 00:00:01 (6%)
V: 00:00:00 / 00:00:01 (63%)
V: 00:00:00 / 00:00:01 (13%)
V: 00:00:00 / 00:00:01 (69%)
V: 00:00:00 / 00:00:01 (19%)
V: 00:00:00 / 00:00:01 (75%)
V: 00:00:00 / 00:00:01 (25%)
V: 00:00:01 / 00:00:01 (81%)
V: 00:00:00 / 00:00:01 (31%)
V: 00:00:01 / 00:00:01 (88%)
V: 00:00:00 / 00:00:01 (38%)
V: 00:00:01 / 00:00:01 (94%)
V: 00:00:00 / 00:00:01 (44%)
V: 00:00:00 / 00:00:01 (0%)
V: 00:00:00 / 00:00:01 (50%)
V: 00:00:00 / 00:00:01 (56%)
V: 00:00:00 / 00:00:01 (6%)
V: 00:00:00 / 00:00:01 (63%)
V: 00:00:00 / 00:00:01 (13%)
V: 00:00:00 / 00:00:01 (69%)
V: 00:00:00 / 00:00:01 (19%)
V: 00:00:00 / 00:00:01 (75%)
V: 00:00:00 / 00:00:01 (25%)
V: 00:00:01 / 00:00:01 (81%)
V: 00:00:00 / 00:00:01 (31%)
V: 00:00:01 / 00:00:01 (88%)
V: 00:00:00 / 00:00:01 (38%)
V: 00:00:01 / 00:00:01 (94%)
V: 00:00:00 / 00:00:01 (44%)
V: 00:00:00 / 00:00:01 (0%)
V: 00:00:00 / 00:00:01 (50%)
V: 00:00:00 / 00:00:01 (56%)
V: 00:00:00 / 00:00:01 (6%)
V: 00:00:00 / 00:00:01 (63%)
V: 00:00:00 / 00:00:01 (13%)
V: 00:00:00 / 00:00:01 (69%)
V: 00:00:00 / 00:00:01 (19%)
V: 00:00:00 / 00:00:01 (75%)
V: 00:00:00 / 00:00:01 (25%)
V: 00:00:01 / 00:00:01 (81%)
V: 00:00:00 / 00:00:01 (31%)
V: 00:00:01 / 00:00:01 (88%)
V: 00:00:00 / 00:00:01 (38%)
V: 00:00:01 / 00:00:01 (94%)
V: 00:00:00 / 00:00:01 (44%)
V: 00:00:00 / 00:00:01 (0%)
V: 00:00:00 / 00:00:01 (50%)
V: 00:00:00 / 00:00:01 (56%)
V: 00:00:00 / 00:00:01 (6%)
V: 00:00:00 / 00:00:01 (63%)
V: 00:00:00 / 00:00:01 (13%)
V: 00:00:00 / 00:00:01 (69%)
V: 00:00:00 / 00:00:01 (0%)
V: 00:00:00 / 00:00:01 (19%)
V: 00:00:00 / 00:00:01 (6%)
V: 00:00:00 / 00:00:01 (25%)
V: 00:00:00 / 00:00:01 (13%)
V: 00:00:00 / 00:00:01 (31%)
V: 00:00:00 / 00:00:01 (19%)
V: 00:00:00 / 00:00:01 (38%)
V: 00:00:00 / 00:00:01 (25%)
V: 00:00:00 / 00:00:01 (44%)
V: 00:00:00 / 00:00:01 (31%)
V: 00:00:00 / 00:00:01 (50%)
V: 00:00:00 / 00:00:01 (38%)
V: 00:00:00 / 00:00:01 (56%)
V: 00:00:00 / 00:00:01 (44%)
V: 00:00:00 / 00:00:01 (63%)
V: 00:00:00 / 00:00:01 (50%)
V: 00:00:00 / 00:00:01 (69%)
V: 00:00:00 / 00:00:01 (56%)
V: 00:00:00 / 00:00:01 (75%)
V: 00:00:00 / 00:00:01 (63%)
V: 00:00:01 / 00:00:01 (81%)
V: 00:00:00 / 00:00:01 (69%)
V: 00:00:01 / 00:00:01 (88%)
V: 00:00:00 / 00:00:01 (75%)
V: 00:00:01 / 00:00:01 (94%)
V: 00:00:01 / 00:00:01 (81%)
V: 00:00:00 / 00:00:01 (0%)
V: 00:00:01 / 00:00:01 (88%)
V: 00:00:00 / 00:00:01 (6%)
V: 00:00:01 / 00:00:01 (94%)
V: 00:00:00 / 00:00:01 (13%)
V: 00:00:00 / 00:00:01 (0%)
V: 00:00:00 / 00:00:01 (19%)
V: 00:00:00 / 00:00:01 (6%)
V: 00:00:00 / 00:00:01 (25%)
V: 00:00:00 / 00:00:01 (13%)
V: 00:00:00 / 00:00:01 (31%)
V: 00:00:00 / 00:00:01 (19%)
V: 00:00:00 / 00:00:01 (38%)
V: 00:00:00 / 00:00:01 (25%)
V: 00:00:00 / 00:00:01 (44%)
V: 00:00:00 / 00:00:01 (31%)
V: 00:00:00 / 00:00:01 (50%)
V: 00:00:00 / 00:00:01 (38%)
V: 00:00:00 / 00:00:01 (56%)
V: 00:00:00 / 00:00:01 (44%)
V: 00:00:00 / 00:00:01 (63%)
V: 00:00:00 / 00:00:01 (50%)
V: 00:00:00 / 00:00:01 (69%)
V: 00:00:00 / 00:00:01 (56%)
V: 00:00:00 / 00:00:01 (75%)
V: 00:00:00 / 00:00:01 (63%)
V: 00:00:01 / 00:00:01 (81%)
V: 00:00:00 / 00:00:01 (69%)
V: 00:00:01 / 00:00:01 (88%)
V: 00:00:00 / 00:00:01 (75%)
V: 00:00:01 / 00:00:01 (94%)
V: 00:00:01 / 00:00:01 (81%)
V: 00:00:00 / 00:00:01 (0%)
V: 00:00:01 / 00:00:01 (88%)
V: 00:00:00 / 00:00:01 (6%)
V: 00:00:01 / 00:00:01 (94%)
V: 00:00:00 / 00:00:01 (13%)
V: 00:00:00 / 00:00:01 (0%)
V: 00:00:00 / 00:00:01 (19%)
V: 00:00:00 / 00:00:01 (25%)
V: 00:00:00 / 00:00:01 (6%)
V: 00:00:00 / 00:00:01 (31%)
V: 00:00:00 / 00:00:01 (13%)
V: 00:00:00 / 00:00:01 (38%)
V: 00:00:00 / 00:00:01 (19%)
V: 00:00:00 / 00:00:01 (44%)
V: 00:00:00 / 00:00:01 (25%)
V: 00:00:00 / 00:00:01 (50%)
V: 00:00:00 / 00:00:01 (31%)
V: 00:00:00 / 00:00:01 (56%)
V: 00:00:00 / 00:00:01 (38%)
V: 00:00:00 / 00:00:01 (63%)
V: 00:00:00 / 00:00:01 (44%)
V: 00:00:00 / 00:00:01 (69%)
V: 00:00:00 / 00:00:01 (50%)
V: 00:00:00 / 00:00:01 (75%)
V: 00:00:00 / 00:00:01 (56%)
V: 00:00:01 / 00:00:01 (81%)
V: 00:00:00 / 00:00:01 (63%)
V: 00:00:01 / 00:00:01 (88%)
V: 00:00:00 / 00:00:01 (69%)
V: 00:00:01 / 00:00:01 (94%)
V: 00:00:00 / 00:00:01 (75%)
V: 00:00:00 / 00:00:01 (0%)
V: 00:00:01 / 00:00:01 (81%)
V: 00:00:01 / 00:00:01 (88%)
V: 00:00:00 / 00:00:01 (6%)
V: 00:00:01 / 00:00:01 (94%)
V: 00:00:00 / 00:00:01 (13%)
V: 00:00:00 / 00:00:01 (0%)
V: 00:00:00 / 00:00:01 (19%)
V: 00:00:00 / 00:00:01 (6%)
V: 00:00:00 / 00:00:01 (25%)
V: 00:00:00 / 00:00:01 (13%)
V: 00:00:00 / 00:00:01 (31%)
V: 00:00:00 / 00:00:01 (19%)
V: 00:00:00 / 00:00:01 (38%)
V: 00:00:00 / 00:00:01 (25%)
V: 00:00:00 / 00:00:01 (44%)
V: 00:00:00 / 00:00:01 (31%)
V: 00:00:00 / 00:00:01 (50%)
V: 00:00:00 / 00:00:01 (38%)
V: 00:00:00 / 00:00:01 (56%)
V: 00:00:00 / 00:00:01 (44%)
V: 00:00:00 / 00:00:01 (63%)
V: 00:00:00 / 00:00:01 (50%)
V: 00:00:00 / 00:00:01 (69%)
V: 00:00:00 / 00:00:01 (56%)
V: 00:00:00 / 00:00:01 (75%)
V: 00:00:00 / 00:00:01 (63%)
V: 00:00:01 / 00:00:01 (81%)
V: 00:00:00 / 00:00:01 (69%)
V: 00:00:01 / 00:00:01 (88%)
V: 00:00:00 / 00:00:01 (75%)
V: 00:00:01 / 00:00:01 (94%)
V: 00:00:01 / 00:00:01 (81%)
V: 00:00:00 / 00:00:01 (0%)
V: 00:00:01 / 00:00:01 (88%)
V: 00:00:00 / 00:00:01 (6%)
V: 00:00:01 / 00:00:01 (94%)
V: 00:00:00 / 00:00:01 (13%)
V: 00:00:00 / 00:00:01 (0%)
V: 00:00:00 / 00:00:01 (19%)
V: 00:00:00 / 00:00:01 (25%)
V: 00:00:00 / 00:00:01 (6%)
V: 00:00:00 / 00:00:01 (31%)
V: 00:00:00 / 00:00:01 (13%)
V: 00:00:00 / 00:00:01 (38%)
V: 00:00:00 / 00:00:01 (19%)
V: 00:00:00 / 00:00:01 (44%)
V: 00:00:00 / 00:00:01 (25%)
V: 00:00:00 / 00:00:01 (50%)
V: 00:00:00 / 00:00:01 (31%)
V: 00:00:00 / 00:00:01 (56%)
V: 00:00:00 / 00:00:01 (38%)
V: 00:00:00 / 00:00:01 (63%)
V: 00:00:00 / 00:00:01 (44%)
V: 00:00:00 / 00:00:01 (69%)
V: 00:00:00 / 00:00:01 (50%)
V: 00:00:00 / 00:00:01 (75%)
V: 00:00:00 / 00:00:01 (56%)
V: 00:00:01 / 00:00:01 (81%)
V: 00:00:00 / 00:00:01 (63%)
V: 00:00:01 / 00:00:01 (88%)
V: 00:00:00 / 00:00:01 (69%)
V: 00:00:01 / 00:00:01 (94%)
V: 00:00:00 / 00:00:01 (75%)
V: 00:00:00 / 00:00:01 (0%)
V: 00:00:01 / 00:00:01 (81%)
V: 00:00:01 / 00:00:01 (88%)
V: 00:00:00 / 00:00:01 (6%)
V: 00:00:01 / 00:00:01 (94%)
V: 00:00:00 / 00:00:01 (13%)
V: 00:00:00 / 00:00:01 (0%)
V: 00:00:00 / 00:00:01 (19%)
V: 00:00:00 / 00:00:01 (6%)
V: 00:00:00 / 00:00:01 (25%)
V: 00:00:00 / 00:00:01 (13%)
V: 00:00:00 / 00:00:01 (31%)
V: 00:00:00 / 00:00:01 (19%)
V: 00:00:00 / 00:00:01 (38%)
V: 00:00:00 / 00:00:01 (25%)
V: 00:00:00 / 00:00:01 (44%)
V: 00:00:00 / 00:00:01 (31%)
V: 00:00:00 / 00:00:01 (50%)
V: 00:00:00 / 00:00:01 (38%)
V: 00:00:00 / 00:00:01 (56%)
V: 00:00:00 / 00:00:01 (44%)
V: 00:00:00 / 00:00:01 (63%)
V: 00:00:00 / 00:00:01 (50%)
V: 00:00:00 / 00:00:01 (69%)
V: 00:00:00 / 00:00:01 (56%)
V: 00:00:00 / 00:00:01 (75%)
V: 00:00:00 / 00:00:01 (63%)
V: 00:00:01 / 00:00:01 (81%)
V: 00:00:00 / 00:00:01 (69%)
V: 00:00:01 / 00:00:01 (88%)
V: 00:00:00 / 00:00:01 (75%)
V: 00:00:01 / 00:00:01 (94%)
V: 00:00:01 / 00:00:01 (81%)
V: 00:00:00 / 00:00:01 (0%)
V: 00:00:01 / 00:00:01 (88%)
V: 00:00:00 / 00:00:01 (6%)
V: 00:00:01 / 00:00:01 (94%)
V: 00:00:00 / 00:00:01 (13%)
V: 00:00:00 / 00:00:01 (0%)
V: 00:00:00 / 00:00:01 (19%)
V: 00:00:00 / 00:00:01 (6%)
V: 00:00:00 / 00:00:01 (25%)
V: 00:00:00 / 00:00:01 (13%)
V: 00:00:00 / 00:00:01 (31%)
V: 00:00:00 / 00:00:01 (19%)
V: 00:00:00 / 00:00:01 (38%)
V: 00:00:00 / 00:00:01 (25%)
V: 00:00:00 / 00:00:01 (44%)
V: 00:00:00 / 00:00:01 (31%)
V: 00:00:00 / 00:00:01 (50%)
V: 00:00:00 / 00:00:01 (38%)
V: 00:00:00 / 00:00:01 (56%)
V: 00:00:00 / 00:00:01 (44%)
V: 00:00:00 / 00:00:01 (63%)
V: 00:00:00 / 00:00:01 (50%)
V: 00:00:00 / 00:00:01 (69%)
V: 00:00:00 / 00:00:01 (56%)
V: 00:00:00 / 00:00:01 (75%)
V: 00:00:00 / 00:00:01 (63%)
V: 00:00:01 / 00:00:01 (81%)
V: 00:00:00 / 00:00:01 (69%)
V: 00:00:01 / 00:00:01 (88%)
V: 00:00:00 / 00:00:01 (75%)
V: 00:00:01 / 00:00:01 (94%)
V: 00:00:01 / 00:00:01 (81%)
V: 00:00:00 / 00:00:01 (0%)
V: 00:00:01 / 00:00:01 (88%)
V: 00:00:00 / 00:00:01 (6%)
V: 00:00:01 / 00:00:01 (94%)
V: 00:00:00 / 00:00:01 (13%)
V: 00:00:00 / 00:00:01 (0%)
V: 00:00:00 / 00:00:01 (19%)
V: 00:00:00 / 00:00:01 (6%)
V: 00:00:00 / 00:00:01 (25%)
V: 00:00:00 / 00:00:01 (13%)
V: 00:00:00 / 00:00:01 (31%)
V: 00:00:00 / 00:00:01 (19%)
V: 00:00:00 / 00:00:01 (38%)
V: 00:00:00 / 00:00:01 (25%)
V: 00:00:00 / 00:00:01 (44%)
V: 00:00:00 / 00:00:01 (31%)
V: 00:00:00 / 00:00:01 (50%)
V: 00:00:00 / 00:00:01 (38%)
V: 00:00:00 / 00:00:01 (56%)
V: 00:00:00 / 00:00:01 (44%)
V: 00:00:00 / 00:00:01 (63%)
V: 00:00:00 / 00:00:01 (50%)
V: 00:00:00 / 00:00:01 (69%)
V: 00:00:00 / 00:00:01 (56%)
V: 00:00:00 / 00:00:01 (75%)
V: 00:00:00 / 00:00:01 (63%)
V: 00:00:01 / 00:00:01 (81%)
V: 00:00:00 / 00:00:01 (69%)
V: 00:00:01 / 00:00:01 (88%)
V: 00:00:00 / 00:00:01 (75%)
V: 00:00:01 / 00:00:01 (94%)
V: 00:00:01 / 00:00:01 (81%)
V: 00:00:00 / 00:00:01 (0%)
V: 00:00:01 / 00:00:01 (88%)
V: 00:00:00 / 00:00:01 (6%)
V: 00:00:01 / 00:00:01 (94%)
V: 00:00:00 / 00:00:01 (13%)
V: 00:00:00 / 00:00:01 (0%)
V: 00:00:00 / 00:00:01 (19%)
V: 00:00:00 / 00:00:01 (6%)
V: 00:00:00 / 00:00:01 (25%)
V: 00:00:00 / 00:00:01 (13%)
V: 00:00:00 / 00:00:01 (31%)
V: 00:00:00 / 00:00:01 (19%)
V: 00:00:00 / 00:00:01 (38%)
V: 00:00:00 / 00:00:01 (25%)
V: 00:00:00 / 00:00:01 (44%)
V: 00:00:00 / 00:00:01 (31%)
V: 00:00:00 / 00:00:01 (50%)
V: 00:00:00 / 00:00:01 (38%)
V: 00:00:00 / 00:00:01 (56%)
V: 00:00:00 / 00:00:01 (44%)
V: 00:00:00 / 00:00:01 (63%)
V: 00:00:00 / 00:00:01 (50%)
V: 00:00:00 / 00:00:01 (69%)
V: 00:00:00 / 00:00:01 (56%)
V: 00:00:00 / 00:00:01 (75%)
V: 00:00:00 / 00:00:01 (63%)
V: 00:00:01 / 00:00:01 (81%)
V: 00:00:00 / 00:00:01 (69%)
V: 00:00:01 / 00:00:01 (88%)
V: 00:00:00 / 00:00:01 (75%)
V: 00:00:01 / 00:00:01 (94%)
V: 00:00:01 / 00:00:01 (81%)
V: 00:00:00 / 00:00:01 (0%)
V: 00:00:01 / 00:00:01 (88%)
V: 00:00:00 / 00:00:01 (6%)
V: 00:00:01 / 00:00:01 (94%)
V: 00:00:00 / 00:00:01 (13%)
V: 00:00:00 / 00:00:01 (0%)
V: 00:00:00 / 00:00:01 (19%)
V: 00:00:00 / 00:00:01 (6%)
V: 00:00:00 / 00:00:01 (25%)
V: 00:00:00 / 00:00:01 (13%)
V: 00:00:00 / 00:00:01 (31%)
V: 00:00:00 / 00:00:01 (19%)
V: 00:00:00 / 00:00:01 (38%)
V: 00:00:00 / 00:00:01 (25%)
V: 00:00:00 / 00:00:01 (44%)
V: 00:00:00 / 00:00:01 (31%)
V: 00:00:00 / 00:00:01 (50%)
V: 00:00:00 / 00:00:01 (38%)
V: 00:00:00 / 00:00:01 (56%)
V: 00:00:00 / 00:00:01 (44%)
V: 00:00:00 / 00:00:01 (63%)
V: 00:00:00 / 00:00:01 (50%)
V: 00:00:00 / 00:00:01 (69%)
V: 00:00:00 / 00:00:01 (56%)
V: 00:00:00 / 00:00:01 (75%)
V: 00:00:00 / 00:00:01 (63%)
V: 00:00:01 / 00:00:01 (81%)
V: 00:00:00 / 00:00:01 (69%)
V: 00:00:01 / 00:00:01 (88%)
V: 00:00:00 / 00:00:01 (75%)
V: 00:00:01 / 00:00:01 (94%)
V: 00:00:01 / 00:00:01 (81%)
V: 00:00:00 / 00:00:01 (0%)
V: 00:00:01 / 00:00:01 (88%)
V: 00:00:00 / 00:00:01 (6%)
V: 00:00:01 / 00:00:01 (94%)
V: 00:00:00 / 00:00:01 (13%)
V: 00:00:00 / 00:00:01 (0%)
V: 00:00:00 / 00:00:01 (19%)
V: 00:00:00 / 00:00:01 (6%)
V: 00:00:00 / 00:00:01 (25%)
V: 00:00:00 / 00:00:01 (13%)
V: 00:00:00 / 00:00:01 (31%)
V: 00:00:00 / 00:00:01 (19%)
V: 00:00:00 / 00:00:01 (38%)
V: 00:00:00 / 00:00:01 (25%)
V: 00:00:00 / 00:00:01 (44%)
V: 00:00:00 / 00:00:01 (31%)
V: 00:00:00 / 00:00:01 (50%)
V: 00:00:00 / 00:00:01 (38%)
V: 00:00:00 / 00:00:01 (56%)
V: 00:00:00 / 00:00:01 (44%)
V: 00:00:00 / 00:00:01 (63%)
V: 00:00:00 / 00:00:01 (50%)
V: 00:00:00 / 00:00:01 (69%)
V: 00:00:00 / 00:00:01 (56%)
V: 00:00:00 / 00:00:01 (75%)
V: 00:00:00 / 00:00:01 (63%)
V: 00:00:01 / 00:00:01 (81%)
V: 00:00:00 / 00:00:01 (69%)
V: 00:00:01 / 00:00:01 (88%)
V: 00:00:00 / 00:00:01 (75%)
V: 00:00:01 / 00:00:01 (94%)
V: 00:00:01 / 00:00:01 (81%)
V: 00:00:00 / 00:00:01 (0%)
V: 00:00:01 / 00:00:01 (88%)
V: 00:00:00 / 00:00:01 (6%)
V: 00:00:01 / 00:00:01 (94%)
V: 00:00:00 / 00:00:01 (13%)
V: 00:00:00 / 00:00:01 (0%)
V: 00:00:00 / 00:00:01 (19%)
V: 00:00:00 / 00:00:01 (25%)
V: 00:00:00 / 00:00:01 (6%)
V: 00:00:00 / 00:00:01 (31%)
V: 00:00:00 / 00:00:01 (13%)
V: 00:00:00 / 00:00:01 (38%)
V: 00:00:00 / 00:00:01 (19%)
V: 00:00:00 / 00:00:01 (44%)
V: 00:00:00 / 00:00:01 (25%)
V: 00:00:00 / 00:00:01 (50%)
V: 00:00:00 / 00:00:01 (31%)
V: 00:00:00 / 00:00:01 (56%)
V: 00:00:00 / 00:00:01 (38%)
V: 00:00:00 / 00:00:01 (63%)
V: 00:00:00 / 00:00:01 (44%)
V: 00:00:00 / 00:00:01 (69%)
V: 00:00:00 / 00:00:01 (50%)
[vo/gpu/x11] Our window was destroyed, exiting
V: 00:00:00 / 00:00:01 (50%)
[vo/gpu/x11] Our window was destroyed, exiting
V: 00:00:00 / 00:00:01 (50%)
Exiting... (Quit)
[vo/gpu/x11] X11 error: BadWindow (invalid Window parameter)
[vo/gpu/x11] Type: 0, display: 0x7d111c004720, resourceid: 5000002, serial: 570
[vo/gpu/x11] Error code: 3, request code: 94, minor code: 1

V: 00:00:00 / 00:00:01 (75%)
[vo/gpu/x11] Our window was destroyed, exiting
V: 00:00:00 / 00:00:01 (75%)
[vo/gpu/x11] Our window was destroyed, exiting
V: 00:00:00 / 00:00:01 (75%)
Exiting... (Quit)
[vo/gpu/x11] X11 error: BadWindow (invalid Window parameter)
[vo/gpu/x11] Type: 0, display: 0x78c2d8004720, resourceid: 4e00002, serial: 574
[vo/gpu/x11] Error code: 3, request code: 94, minor code: 1
xwinwrap: window type - override
 (+) Video --vid=1 (*) (h264 1920x1080 30.000fps)
VO: [gpu] 1920x1080 yuv420p
V: 00:00:00 / 00:00:20 (0%)
V: 00:00:00 / 00:00:20 (1%)
V: 00:00:00 / 00:00:20 (2%)
V: 00:00:00 / 00:00:20 (3%)
V: 00:00:00 / 00:00:20 (4%)
V: 00:00:00 / 00:00:20 (5%)
V: 00:00:01 / 00:00:20 (5%)
V: 00:00:01 / 00:00:20 (6%)
V: 00:00:01 / 00:00:20 (7%)
V: 00:00:01 / 00:00:20 (8%)
V: 00:00:01 / 00:00:20 (9%)
V: 00:00:01 / 00:00:20 (10%)
V: 00:00:02 / 00:00:20 (10%)
V: 00:00:02 / 00:00:20 (11%)
V: 00:00:02 / 00:00:20 (12%)
V: 00:00:02 / 00:00:20 (13%)
V: 00:00:02 / 00:00:20 (14%)
V: 00:00:02 / 00:00:20 (15%)
V: 00:00:03 / 00:00:20 (15%)
V: 00:00:03 / 00:00:20 (16%)
V: 00:00:03 / 00:00:20 (17%)
V: 00:00:03 / 00:00:20 (18%)
V: 00:00:03 / 00:00:20 (19%)
V: 00:00:03 / 00:00:20 (20%)
V: 00:00:04 / 00:00:20 (20%)
V: 00:00:04 / 00:00:20 (21%)
V: 00:00:04 / 00:00:20 (22%)
V: 00:00:04 / 00:00:20 (23%)
V: 00:00:04 / 00:00:20 (24%)
V: 00:00:04 / 00:00:20 (25%)
V: 00:00:05 / 00:00:20 (25%)
V: 00:00:05 / 00:00:20 (26%)
V: 00:00:05 / 00:00:20 (27%)
V: 00:00:05 / 00:00:20 (28%)
V: 00:00:05 / 00:00:20 (29%)
V: 00:00:05 / 00:00:20 (30%)
V: 00:00:06 / 00:00:20 (30%)
V: 00:00:06 / 00:00:20 (31%)
V: 00:00:06 / 00:00:20 (32%)
V: 00:00:06 / 00:00:20 (33%)
V: 00:00:06 / 00:00:20 (34%)
V: 00:00:06 / 00:00:20 (35%)
V: 00:00:07 / 00:00:20 (35%)
V: 00:00:07 / 00:00:20 (36%)
V: 00:00:07 / 00:00:20 (37%)
V: 00:00:07 / 00:00:20 (38%)
V: 00:00:07 / 00:00:20 (39%)
V: 00:00:07 / 00:00:20 (40%)
V: 00:00:08 / 00:00:20 (40%)
V: 00:00:08 / 00:00:20 (41%)
V: 00:00:08 / 00:00:20 (42%)
V: 00:00:08 / 00:00:20 (43%)
V: 00:00:08 / 00:00:20 (44%)
V: 00:00:08 / 00:00:20 (45%)
V: 00:00:09 / 00:00:20 (45%)
V: 00:00:09 / 00:00:20 (46%)
V: 00:00:09 / 00:00:20 (47%)
V: 00:00:09 / 00:00:20 (48%)
V: 00:00:09 / 00:00:20 (49%)
V: 00:00:09 / 00:00:20 (50%)
V: 00:00:10 / 00:00:20 (50%)
V: 00:00:10 / 00:00:20 (51%)
V: 00:00:10 / 00:00:20 (52%)
V: 00:00:10 / 00:00:20 (53%)
V: 00:00:10 / 00:00:20 (54%)
V: 00:00:10 / 00:00:20 (55%)
V: 00:00:11 / 00:00:20 (55%)
V: 00:00:11 / 00:00:20 (56%)
V: 00:00:11 / 00:00:20 (57%)
V: 00:00:11 / 00:00:20 (58%)
V: 00:00:11 / 00:00:20 (59%)
V: 00:00:11 / 00:00:20 (60%)
V: 00:00:12 / 00:00:20 (60%)
V: 00:00:12 / 00:00:20 (61%)
(Paused) V: 00:00:12 / 00:00:20 (62%)
V: 00:00:12 / 00:00:20 (62%)
V: 00:00:12 / 00:00:20 (63%)
V: 00:00:12 / 00:00:20 (64%)
V: 00:00:12 / 00:00:20 (65%)
V: 00:00:13 / 00:00:20 (65%)
V: 00:00:13 / 00:00:20 (66%)
V: 00:00:13 / 00:00:20 (67%)
V: 00:00:13 / 00:00:20 (68%)
V: 00:00:13 / 00:00:20 (69%)
V: 00:00:13 / 00:00:20 (70%)
V: 00:00:14 / 00:00:20 (70%)
V: 00:00:14 / 00:00:20 (71%)
V: 00:00:14 / 00:00:20 (72%)
V: 00:00:14 / 00:00:20 (73%)
V: 00:00:14 / 00:00:20 (74%)
V: 00:00:14 / 00:00:20 (75%)
V: 00:00:15 / 00:00:20 (75%)
V: 00:00:15 / 00:00:20 (76%)
V: 00:00:15 / 00:00:20 (77%)
V: 00:00:15 / 00:00:20 (78%)
V: 00:00:15 / 00:00:20 (79%)
V: 00:00:15 / 00:00:20 (80%)
V: 00:00:16 / 00:00:20 (80%)
V: 00:00:16 / 00:00:20 (81%)
V: 00:00:16 / 00:00:20 (82%)
V: 00:00:16 / 00:00:20 (83%)
V: 00:00:16 / 00:00:20 (84%)
V: 00:00:16 / 00:00:20 (85%)
V: 00:00:17 / 00:00:20 (85%)
V: 00:00:17 / 00:00:20 (86%)
V: 00:00:17 / 00:00:20 (87%)
V: 00:00:17 / 00:00:20 (88%)
V: 00:00:17 / 00:00:20 (89%)
V: 00:00:17 / 00:00:20 (90%)
V: 00:00:18 / 00:00:20 (90%)
V: 00:00:18 / 00:00:20 (91%)
V: 00:00:18 / 00:00:20 (92%)
V: 00:00:18 / 00:00:20 (93%)
V: 00:00:18 / 00:00:20 (94%)
V: 00:00:18 / 00:00:20 (95%)
V: 00:00:19 / 00:00:20 (95%)
V: 00:00:19 / 00:00:20 (96%)
V: 00:00:19 / 00:00:20 (97%)
V: 00:00:19 / 00:00:20 (98%)
V: 00:00:19 / 00:00:20 (99%)
V: 00:00:19 / 00:00:20 (100%)
V: 00:00:20 / 00:00:20 (100%)
V: 00:00:00 / 00:00:20 (0%)
V: 00:00:00 / 00:00:20 (1%)
V: 00:00:00 / 00:00:20 (2%)
V: 00:00:00 / 00:00:20 (3%)
V: 00:00:00 / 00:00:20 (4%)
V: 00:00:00 / 00:00:20 (5%)
V: 00:00:01 / 00:00:20 (5%)
V: 00:00:01 / 00:00:20 (6%)
V: 00:00:01 / 00:00:20 (7%)
V: 00:00:01 / 00:00:20 (8%)
V: 00:00:01 / 00:00:20 (9%)
V: 00:00:01 / 00:00:20 (10%)
V: 00:00:02 / 00:00:20 (10%)
V: 00:00:02 / 00:00:20 (11%)
V: 00:00:02 / 00:00:20 (12%)
V: 00:00:02 / 00:00:20 (13%)
V: 00:00:02 / 00:00:20 (14%)
V: 00:00:02 / 00:00:20 (15%)
V: 00:00:03 / 00:00:20 (15%)
V: 00:00:03 / 00:00:20 (16%)
V: 00:00:03 / 00:00:20 (17%)
V: 00:00:03 / 00:00:20 (18%)
V: 00:00:03 / 00:00:20 (19%)
V: 00:00:03 / 00:00:20 (19%) Dropped: 1
V: 00:00:03 / 00:00:20 (19%) Dropped: 2
V: 00:00:03 / 00:00:20 (20%) Dropped: 3
V: 00:00:04 / 00:00:20 (20%) Dropped: 3
V: 00:00:04 / 00:00:20 (21%) Dropped: 3
V: 00:00:04 / 00:00:20 (22%) Dropped: 3
V: 00:00:04 / 00:00:20 (23%) Dropped: 3
V: 00:00:04 / 00:00:20 (24%) Dropped: 3
V: 00:00:04 / 00:00:20 (25%) Dropped: 3
V: 00:00:05 / 00:00:20 (25%) Dropped: 3
V: 00:00:05 / 00:00:20 (26%) Dropped: 3
V: 00:00:05 / 00:00:20 (27%) Dropped: 3
V: 00:00:05 / 00:00:20 (28%) Dropped: 3
V: 00:00:05 / 00:00:20 (29%) Dropped: 3
V: 00:00:05 / 00:00:20 (30%) Dropped: 3
V: 00:00:06 / 00:00:20 (30%) Dropped: 3
V: 00:00:06 / 00:00:20 (31%) Dropped: 3
V: 00:00:06 / 00:00:20 (32%) Dropped: 3
V: 00:00:06 / 00:00:20 (33%) Dropped: 3
V: 00:00:06 / 00:00:20 (34%) Dropped: 3
V: 00:00:06 / 00:00:20 (35%) Dropped: 3
V: 00:00:07 / 00:00:20 (35%) Dropped: 3
V: 00:00:07 / 00:00:20 (36%) Dropped: 3
V: 00:00:07 / 00:00:20 (37%) Dropped: 3
V: 00:00:07 / 00:00:20 (38%) Dropped: 3
V: 00:00:07 / 00:00:20 (39%) Dropped: 3
V: 00:00:07 / 00:00:20 (40%) Dropped: 3
V: 00:00:08 / 00:00:20 (40%) Dropped: 3
V: 00:00:08 / 00:00:20 (40%) Dropped: 4
V: 00:00:08 / 00:00:20 (40%) Dropped: 5
V: 00:00:08 / 00:00:20 (40%) Dropped: 6
V: 00:00:08 / 00:00:20 (41%) Dropped: 7
V: 00:00:08 / 00:00:20 (42%) Dropped: 7
V: 00:00:08 / 00:00:20 (43%) Dropped: 7
V: 00:00:08 / 00:00:20 (44%) Dropped: 7
V: 00:00:08 / 00:00:20 (45%) Dropped: 7
V: 00:00:09 / 00:00:20 (45%) Dropped: 7
V: 00:00:09 / 00:00:20 (46%) Dropped: 7
V: 00:00:09 / 00:00:20 (47%) Dropped: 7
V: 00:00:09 / 00:00:20 (48%) Dropped: 7
V: 00:00:09 / 00:00:20 (49%) Dropped: 7
V: 00:00:09 / 00:00:20 (50%) Dropped: 7
V: 00:00:10 / 00:00:20 (50%) Dropped: 7
V: 00:00:10 / 00:00:20 (51%) Dropped: 7
V: 00:00:10 / 00:00:20 (52%) Dropped: 7
V: 00:00:10 / 00:00:20 (53%) Dropped: 7
V: 00:00:10 / 00:00:20 (54%) Dropped: 7
V: 00:00:10 / 00:00:20 (55%) Dropped: 7
V: 00:00:11 / 00:00:20 (55%) Dropped: 7
V: 00:00:11 / 00:00:20 (56%) Dropped: 7
V: 00:00:11 / 00:00:20 (57%) Dropped: 7
V: 00:00:11 / 00:00:20 (58%) Dropped: 7
V: 00:00:11 / 00:00:20 (59%) Dropped: 7
V: 00:00:11 / 00:00:20 (60%) Dropped: 7
V: 00:00:12 / 00:00:20 (60%) Dropped: 7
V: 00:00:12 / 00:00:20 (61%) Dropped: 7
V: 00:00:12 / 00:00:20 (62%) Dropped: 7
V: 00:00:12 / 00:00:20 (63%) Dropped: 7
V: 00:00:12 / 00:00:20 (64%) Dropped: 7
V: 00:00:12 / 00:00:20 (65%) Dropped: 7
V: 00:00:13 / 00:00:20 (65%) Dropped: 7
V: 00:00:13 / 00:00:20 (66%) Dropped: 7
V: 00:00:13 / 00:00:20 (67%) Dropped: 7
V: 00:00:13 / 00:00:20 (68%) Dropped: 7
V: 00:00:13 / 00:00:20 (69%) Dropped: 7
V: 00:00:13 / 00:00:20 (70%) Dropped: 7
V: 00:00:14 / 00:00:20 (70%) Dropped: 7
V: 00:00:14 / 00:00:20 (71%) Dropped: 7
V: 00:00:14 / 00:00:20 (72%) Dropped: 7
V: 00:00:14 / 00:00:20 (73%) Dropped: 7
V: 00:00:14 / 00:00:20 (74%) Dropped: 7
V: 00:00:14 / 00:00:20 (75%) Dropped: 7
V: 00:00:15 / 00:00:20 (75%) Dropped: 7
V: 00:00:15 / 00:00:20 (76%) Dropped: 7
V: 00:00:15 / 00:00:20 (77%) Dropped: 7
V: 00:00:15 / 00:00:20 (78%) Dropped: 7
V: 00:00:15 / 00:00:20 (79%) Dropped: 7
V: 00:00:15 / 00:00:20 (80%) Dropped: 7
V: 00:00:16 / 00:00:20 (80%) Dropped: 7
V: 00:00:16 / 00:00:20 (81%) Dropped: 7
V: 00:00:16 / 00:00:20 (82%) Dropped: 7
V: 00:00:16 / 00:00:20 (83%) Dropped: 7
V: 00:00:16 / 00:00:20 (84%) Dropped: 7
V: 00:00:16 / 00:00:20 (85%) Dropped: 7
V: 00:00:17 / 00:00:20 (85%) Dropped: 7
V: 00:00:17 / 00:00:20 (86%) Dropped: 7
V: 00:00:17 / 00:00:20 (87%) Dropped: 7
V: 00:00:17 / 00:00:20 (88%) Dropped: 7
V: 00:00:17 / 00:00:20 (89%) Dropped: 7
V: 00:00:17 / 00:00:20 (90%) Dropped: 7
V: 00:00:18 / 00:00:20 (90%) Dropped: 7
V: 00:00:18 / 00:00:20 (91%) Dropped: 7
V: 00:00:18 / 00:00:20 (92%) Dropped: 7
V: 00:00:18 / 00:00:20 (93%) Dropped: 7
V: 00:00:18 / 00:00:20 (94%) Dropped: 7
V: 00:00:18 / 00:00:20 (95%) Dropped: 7
V: 00:00:19 / 00:00:20 (95%) Dropped: 7
V: 00:00:19 / 00:00:20 (96%) Dropped: 7
V: 00:00:19 / 00:00:20 (97%) Dropped: 7
V: 00:00:19 / 00:00:20 (98%) Dropped: 7
V: 00:00:19 / 00:00:20 (99%) Dropped: 7
V: 00:00:19 / 00:00:20 (100%) Dropped: 7
V: 00:00:20 / 00:00:20 (100%) Dropped: 7
V: 00:00:00 / 00:00:20 (0%)
V: 00:00:00 / 00:00:20 (1%)
V: 00:00:00 / 00:00:20 (2%)
V: 00:00:00 / 00:00:20 (3%)
V: 00:00:00 / 00:00:20 (4%)
V: 00:00:00 / 00:00:20 (5%)
V: 00:00:01 / 00:00:20 (5%)
V: 00:00:01 / 00:00:20 (6%)
V: 00:00:01 / 00:00:20 (7%)
V: 00:00:01 / 00:00:20 (8%)
V: 00:00:01 / 00:00:20 (9%)
V: 00:00:01 / 00:00:20 (10%)
V: 00:00:02 / 00:00:20 (10%)
V: 00:00:02 / 00:00:20 (11%)
V: 00:00:02 / 00:00:20 (12%)
V: 00:00:02 / 00:00:20 (13%)
V: 00:00:02 / 00:00:20 (14%)
V: 00:00:02 / 00:00:20 (15%)
V: 00:00:03 / 00:00:20 (15%)
V: 00:00:03 / 00:00:20 (16%)
V: 00:00:03 / 00:00:20 (17%)
V: 00:00:03 / 00:00:20 (18%)
V: 00:00:03 / 00:00:20 (19%)
V: 00:00:03 / 00:00:20 (20%)
V: 00:00:04 / 00:00:20 (20%)
V: 00:00:04 / 00:00:20 (21%)
V: 00:00:04 / 00:00:20 (22%)
V: 00:00:04 / 00:00:20 (23%)
V: 00:00:04 / 00:00:20 (24%)
V: 00:00:04 / 00:00:20 (25%)
V: 00:00:05 / 00:00:20 (25%)
V: 00:00:05 / 00:00:20 (26%)
V: 00:00:05 / 00:00:20 (27%)
V: 00:00:05 / 00:00:20 (28%)
V: 00:00:05 / 00:00:20 (29%)
V: 00:00:05 / 00:00:20 (30%)
V: 00:00:06 / 00:00:20 (30%)
V: 00:00:06 / 00:00:20 (31%)
V: 00:00:06 / 00:00:20 (32%)
V: 00:00:06 / 00:00:20 (33%)
V: 00:00:06 / 00:00:20 (34%)
V: 00:00:06 / 00:00:20 (35%)
V: 00:00:07 / 00:00:20 (35%)
V: 00:00:07 / 00:00:20 (36%)
V: 00:00:07 / 00:00:20 (37%)
V: 00:00:07 / 00:00:20 (38%)
V: 00:00:07 / 00:00:20 (39%)
V: 00:00:07 / 00:00:20 (40%)
V: 00:00:08 / 00:00:20 (40%)
V: 00:00:08 / 00:00:20 (41%)
V: 00:00:08 / 00:00:20 (42%)
V: 00:00:08 / 00:00:20 (43%)
V: 00:00:08 / 00:00:20 (44%)
V: 00:00:08 / 00:00:20 (45%)
V: 00:00:09 / 00:00:20 (45%)
V: 00:00:09 / 00:00:20 (46%)
V: 00:00:09 / 00:00:20 (47%)
V: 00:00:09 / 00:00:20 (48%)
V: 00:00:09 / 00:00:20 (49%)
V: 00:00:09 / 00:00:20 (50%)
V: 00:00:10 / 00:00:20 (50%)
V: 00:00:10 / 00:00:20 (51%)
V: 00:00:10 / 00:00:20 (52%)
V: 00:00:10 / 00:00:20 (53%)
V: 00:00:10 / 00:00:20 (54%)
V: 00:00:10 / 00:00:20 (55%)
V: 00:00:11 / 00:00:20 (55%)
V: 00:00:11 / 00:00:20 (56%)
V: 00:00:11 / 00:00:20 (57%)
V: 00:00:11 / 00:00:20 (58%)
V: 00:00:11 / 00:00:20 (59%)
V: 00:00:11 / 00:00:20 (60%)
V: 00:00:12 / 00:00:20 (60%)
V: 00:00:12 / 00:00:20 (61%)
V: 00:00:12 / 00:00:20 (62%)
V: 00:00:12 / 00:00:20 (63%)
V: 00:00:12 / 00:00:20 (64%)
V: 00:00:12 / 00:00:20 (65%)
V: 00:00:13 / 00:00:20 (65%)
V: 00:00:13 / 00:00:20 (66%)
V: 00:00:13 / 00:00:20 (67%)
V: 00:00:13 / 00:00:20 (68%)
V: 00:00:13 / 00:00:20 (69%)
V: 00:00:13 / 00:00:20 (70%)
V: 00:00:14 / 00:00:20 (70%)
V: 00:00:14 / 00:00:20 (71%)
V: 00:00:14 / 00:00:20 (72%)
V: 00:00:14 / 00:00:20 (73%)
V: 00:00:14 / 00:00:20 (74%)
V: 00:00:14 / 00:00:20 (75%)
V: 00:00:15 / 00:00:20 (75%)
V: 00:00:15 / 00:00:20 (76%)
V: 00:00:15 / 00:00:20 (77%)
V: 00:00:15 / 00:00:20 (78%)
V: 00:00:15 / 00:00:20 (79%)
V: 00:00:15 / 00:00:20 (80%)
V: 00:00:16 / 00:00:20 (80%)
V: 00:00:16 / 00:00:20 (81%)
V: 00:00:16 / 00:00:20 (82%)
V: 00:00:16 / 00:00:20 (83%)
V: 00:00:16 / 00:00:20 (84%)
V: 00:00:16 / 00:00:20 (85%)
V: 00:00:17 / 00:00:20 (85%)
V: 00:00:17 / 00:00:20 (86%)
V: 00:00:17 / 00:00:20 (87%)
V: 00:00:17 / 00:00:20 (88%)
V: 00:00:17 / 00:00:20 (89%)
V: 00:00:17 / 00:00:20 (90%)
V: 00:00:18 / 00:00:20 (90%)
V: 00:00:18 / 00:00:20 (91%)
V: 00:00:18 / 00:00:20 (92%)
V: 00:00:18 / 00:00:20 (93%)
V: 00:00:18 / 00:00:20 (94%)
V: 00:00:18 / 00:00:20 (95%)
V: 00:00:19 / 00:00:20 (95%)
V: 00:00:19 / 00:00:20 (96%)
V: 00:00:19 / 00:00:20 (97%)
V: 00:00:19 / 00:00:20 (98%)
V: 00:00:19 / 00:00:20 (99%)
V: 00:00:19 / 00:00:20 (100%)
V: 00:00:20 / 00:00:20 (100%)
V: 00:00:00 / 00:00:20 (0%)
V: 00:00:00 / 00:00:20 (1%)
V: 00:00:00 / 00:00:20 (2%)
V: 00:00:00 / 00:00:20 (3%)
V: 00:00:00 / 00:00:20 (4%)
V: 00:00:00 / 00:00:20 (5%)
V: 00:00:01 / 00:00:20 (5%)
V: 00:00:01 / 00:00:20 (6%)
V: 00:00:01 / 00:00:20 (7%)
V: 00:00:01 / 00:00:20 (8%)
V: 00:00:01 / 00:00:20 (9%)
V: 00:00:01 / 00:00:20 (10%)
V: 00:00:02 / 00:00:20 (10%)
V: 00:00:02 / 00:00:20 (11%)
V: 00:00:02 / 00:00:20 (12%)
V: 00:00:02 / 00:00:20 (13%)
V: 00:00:02 / 00:00:20 (14%)
V: 00:00:02 / 00:00:20 (15%)
V: 00:00:03 / 00:00:20 (15%)
V: 00:00:03 / 00:00:20 (16%)
V: 00:00:03 / 00:00:20 (17%)
V: 00:00:03 / 00:00:20 (18%)
V: 00:00:03 / 00:00:20 (19%)
V: 00:00:03 / 00:00:20 (20%)
V: 00:00:04 / 00:00:20 (20%)
V: 00:00:04 / 00:00:20 (21%)
V: 00:00:04 / 00:00:20 (22%)
V: 00:00:04 / 00:00:20 (23%)
V: 00:00:04 / 00:00:20 (24%)
V: 00:00:04 / 00:00:20 (25%)
V: 00:00:05 / 00:00:20 (25%)
V: 00:00:05 / 00:00:20 (26%)
V: 00:00:05 / 00:00:20 (27%)
V: 00:00:05 / 00:00:20 (28%)
V: 00:00:05 / 00:00:20 (29%)
V: 00:00:05 / 00:00:20 (30%)
V: 00:00:06 / 00:00:20 (30%)
V: 00:00:06 / 00:00:20 (31%)
V: 00:00:06 / 00:00:20 (32%)
V: 00:00:06 / 00:00:20 (33%)
V: 00:00:06 / 00:00:20 (34%)
V: 00:00:06 / 00:00:20 (35%)
V: 00:00:07 / 00:00:20 (35%)
V: 00:00:07 / 00:00:20 (36%)
V: 00:00:07 / 00:00:20 (37%)
V: 00:00:07 / 00:00:20 (38%)
V: 00:00:07 / 00:00:20 (39%)
V: 00:00:07 / 00:00:20 (40%)
V: 00:00:08 / 00:00:20 (40%)
V: 00:00:08 / 00:00:20 (41%)
V: 00:00:08 / 00:00:20 (42%)
V: 00:00:08 / 00:00:20 (43%)
V: 00:00:08 / 00:00:20 (44%)
V: 00:00:08 / 00:00:20 (45%)
V: 00:00:09 / 00:00:20 (45%)
V: 00:00:09 / 00:00:20 (46%)
V: 00:00:09 / 00:00:20 (47%)
V: 00:00:09 / 00:00:20 (48%)
V: 00:00:09 / 00:00:20 (49%)
V: 00:00:09 / 00:00:20 (50%)
V: 00:00:10 / 00:00:20 (50%)
V: 00:00:10 / 00:00:20 (51%)
V: 00:00:10 / 00:00:20 (52%)
V: 00:00:10 / 00:00:20 (53%)
V: 00:00:10 / 00:00:20 (54%)
V: 00:00:10 / 00:00:20 (55%)
V: 00:00:11 / 00:00:20 (55%)
V: 00:00:11 / 00:00:20 (56%)
V: 00:00:11 / 00:00:20 (57%)
V: 00:00:11 / 00:00:20 (58%)
V: 00:00:11 / 00:00:20 (59%)
V: 00:00:11 / 00:00:20 (60%)
V: 00:00:12 / 00:00:20 (60%)
V: 00:00:12 / 00:00:20 (61%)
V: 00:00:12 / 00:00:20 (62%)
V: 00:00:12 / 00:00:20 (63%)
V: 00:00:12 / 00:00:20 (64%)
V: 00:00:12 / 00:00:20 (65%)
V: 00:00:13 / 00:00:20 (65%)
V: 00:00:13 / 00:00:20 (66%)
V: 00:00:13 / 00:00:20 (67%)
V: 00:00:13 / 00:00:20 (68%)
V: 00:00:13 / 00:00:20 (69%)
V: 00:00:13 / 00:00:20 (70%)
V: 00:00:14 / 00:00:20 (70%)
V: 00:00:14 / 00:00:20 (71%)
V: 00:00:14 / 00:00:20 (72%)
V: 00:00:14 / 00:00:20 (73%)
V: 00:00:14 / 00:00:20 (74%)
V: 00:00:14 / 00:00:20 (75%)
V: 00:00:15 / 00:00:20 (75%)
V: 00:00:15 / 00:00:20 (76%)
V: 00:00:15 / 00:00:20 (77%)
V: 00:00:15 / 00:00:20 (78%)
V: 00:00:15 / 00:00:20 (79%)
V: 00:00:15 / 00:00:20 (80%)
V: 00:00:16 / 00:00:20 (80%)
V: 00:00:16 / 00:00:20 (81%)
V: 00:00:16 / 00:00:20 (82%)
V: 00:00:16 / 00:00:20 (83%)
V: 00:00:16 / 00:00:20 (84%)
V: 00:00:16 / 00:00:20 (85%)
V: 00:00:17 / 00:00:20 (85%)
V: 00:00:17 / 00:00:20 (86%)
V: 00:00:17 / 00:00:20 (87%)
V: 00:00:17 / 00:00:20 (88%)
V: 00:00:17 / 00:00:20 (89%)
V: 00:00:17 / 00:00:20 (90%)
V: 00:00:18 / 00:00:20 (90%)
V: 00:00:18 / 00:00:20 (91%)
V: 00:00:18 / 00:00:20 (92%)
V: 00:00:18 / 00:00:20 (93%)
V: 00:00:18 / 00:00:20 (94%)
V: 00:00:18 / 00:00:20 (95%)
V: 00:00:19 / 00:00:20 (95%)
V: 00:00:19 / 00:00:20 (96%)
V: 00:00:19 / 00:00:20 (97%)
V: 00:00:19 / 00:00:20 (98%)
V: 00:00:19 / 00:00:20 (99%)
V: 00:00:19 / 00:00:20 (100%)
V: 00:00:20 / 00:00:20 (100%)
V: 00:00:00 / 00:00:20 (0%)
V: 00:00:00 / 00:00:20 (1%)
V: 00:00:00 / 00:00:20 (2%)
V: 00:00:00 / 00:00:20 (3%)
V: 00:00:00 / 00:00:20 (4%)
V: 00:00:00 / 00:00:20 (5%)
V: 00:00:01 / 00:00:20 (5%)
V: 00:00:01 / 00:00:20 (6%)
V: 00:00:01 / 00:00:20 (7%)
V: 00:00:01 / 00:00:20 (8%)
V: 00:00:01 / 00:00:20 (9%)
V: 00:00:01 / 00:00:20 (10%)
V: 00:00:02 / 00:00:20 (10%)
V: 00:00:02 / 00:00:20 (11%)
V: 00:00:02 / 00:00:20 (12%)
V: 00:00:02 / 00:00:20 (13%)
V: 00:00:02 / 00:00:20 (14%)
V: 00:00:02 / 00:00:20 (15%)
V: 00:00:03 / 00:00:20 (15%)
V: 00:00:03 / 00:00:20 (16%)
V: 00:00:03 / 00:00:20 (17%)
V: 00:00:03 / 00:00:20 (18%)
V: 00:00:03 / 00:00:20 (19%)
V: 00:00:03 / 00:00:20 (20%)
V: 00:00:04 / 00:00:20 (20%)
V: 00:00:04 / 00:00:20 (21%)
V: 00:00:04 / 00:00:20 (22%)
V: 00:00:04 / 00:00:20 (23%)
V: 00:00:04 / 00:00:20 (24%)
V: 00:00:04 / 00:00:20 (25%)
V: 00:00:05 / 00:00:20 (25%)
V: 00:00:05 / 00:00:20 (26%)
V: 00:00:05 / 00:00:20 (27%)
V: 00:00:05 / 00:00:20 (28%)
V: 00:00:05 / 00:00:20 (29%)
V: 00:00:05 / 00:00:20 (30%)
V: 00:00:06 / 00:00:20 (30%)
V: 00:00:06 / 00:00:20 (31%)
V: 00:00:06 / 00:00:20 (32%)
V: 00:00:06 / 00:00:20 (33%)
V: 00:00:06 / 00:00:20 (34%)
V: 00:00:06 / 00:00:20 (35%)
V: 00:00:07 / 00:00:20 (35%)
V: 00:00:07 / 00:00:20 (36%)
V: 00:00:07 / 00:00:20 (37%)
V: 00:00:07 / 00:00:20 (38%)
V: 00:00:07 / 00:00:20 (39%)
V: 00:00:07 / 00:00:20 (40%)
V: 00:00:08 / 00:00:20 (40%)
V: 00:00:08 / 00:00:20 (41%)
V: 00:00:08 / 00:00:20 (42%)
V: 00:00:08 / 00:00:20 (43%)
V: 00:00:08 / 00:00:20 (44%)
V: 00:00:08 / 00:00:20 (45%)
V: 00:00:09 / 00:00:20 (45%)
V: 00:00:09 / 00:00:20 (46%)
V: 00:00:09 / 00:00:20 (47%)
V: 00:00:09 / 00:00:20 (48%)
V: 00:00:09 / 00:00:20 (49%)
Exiting... (End of file)
mpv died, exit status 0
