/home/francois/Videos/i3-video-wallpaper-main/play_video: line 86: /var/run/user/1001/vwp.pid: No such file or directory
xwinwrap: window type - override
xwinwrap: window type - override
xwinwrap: window type - override
[ipc] Could not bind IPC socket
 (+) Video --vid=1 (*) (h264 1280x720 30.000fps)
 (+) Audio --aid=1 --alang=eng (*) (aac 2ch 44100Hz)
 (+) Video --vid=1 (*) (h264 1280x720 30.000fps)
 (+) Video --vid=1 (*) (h264 1280x720 30.000fps)
 (+) Audio --aid=1 --alang=eng (*) (aac 2ch 44100Hz)
 (+) Audio --aid=1 --alang=eng (*) (aac 2ch 44100Hz)
AO: [pipewire] 44100Hz stereo 2ch floatp
AO: [pipewire] 44100Hz stereo 2ch floatp
VO: [gpu] 1280x720 yuv420p
VO: [gpu] 1280x720 yuv420p
AO: [pipewire] 44100Hz stereo 2ch floatp
VO: [gpu] 1280x720 yuv420p
AV: 00:00:00 / 00:00:12 (0%) A-V: -0.033AV: 00:00:00 / 00:00:12 (0%) A-V: -0.033AV: 00:00:00 / 00:00:12 (0%) A-V: -0.033
AV: 00:00:00 / 00:00:12 (0%) A-V: -0.030
AV: 00:00:00 / 00:00:12 (0%) A-V: -0.033 Dropped: 1
AV: 00:00:00 / 00:00:12 (0%) A-V: -0.030 Dropped: 1
AV: 00:00:00 / 00:00:12 (0%) A-V: -0.030
AV: 00:00:00 / 00:00:12 (1%) A-V: -0.030
AV: 00:00:00 / 00:00:12 (1%) A-V: -0.027
AV: 00:00:00 / 00:00:12 (1%) A-V: -0.027 Dropped: 1
AV: 00:00:00 / 00:00:12 (1%) A-V: -0.027
AV: 00:00:00 / 00:00:12 (1%) A-V: -0.024
AV: 00:00:00 / 00:00:12 (1%) A-V: -0.024 Dropped: 1
AV: 00:00:00 / 00:00:12 (1%) A-V: -0.022
AV: 00:00:00 / 00:00:12 (1%) A-V: -0.022 Dropped: 1
AV: 00:00:00 / 00:00:12 (1%) A-V: -0.024
AV: 00:00:00 / 00:00:12 (1%) A-V: -0.020
AV: 00:00:00 / 00:00:12 (1%) A-V: -0.020 Dropped: 1
AV: 00:00:00 / 00:00:12 (1%) A-V: -0.022
AV: 00:00:00 / 00:00:12 (2%) A-V: -0.018 Dropped: 1
AV: 00:00:00 / 00:00:12 (2%) A-V: -0.018
AV: 00:00:00 / 00:00:12 (1%) A-V: -0.020
AV: 00:00:00 / 00:00:12 (2%) A-V: -0.016
AV: 00:00:00 / 00:00:12 (2%) A-V: -0.016 Dropped: 1
AV: 00:00:00 / 00:00:12 (2%) A-V: -0.018
AV: 00:00:00 / 00:00:12 (2%) A-V: -0.014
AV: 00:00:00 / 00:00:12 (2%) A-V: -0.016
AV: 00:00:00 / 00:00:12 (2%) A-V: -0.014 Dropped: 1
AV: 00:00:00 / 00:00:12 (2%) A-V: -0.013 Dropped: 1
AV: 00:00:00 / 00:00:12 (2%) A-V: -0.013
AV: 00:00:00 / 00:00:12 (2%) A-V: -0.014
AV: 00:00:00 / 00:00:12 (3%) A-V: -0.012 Dropped: 1
AV: 00:00:00 / 00:00:12 (3%) A-V: -0.012
AV: 00:00:00 / 00:00:12 (2%) A-V: -0.013
AV: 00:00:00 / 00:00:12 (3%) A-V: -0.010
AV: 00:00:00 / 00:00:12 (3%) A-V: -0.010 Dropped: 1
AV: 00:00:00 / 00:00:12 (3%) A-V: -0.012
AV: 00:00:00 / 00:00:12 (3%) A-V: -0.009 Dropped: 1
AV: 00:00:00 / 00:00:12 (3%) A-V: -0.009
AV: 00:00:00 / 00:00:12 (3%) A-V: -0.010
AV: 00:00:00 / 00:00:12 (4%) A-V: -0.008 Dropped: 1
AV: 00:00:00 / 00:00:12 (4%) A-V: -0.008
AV: 00:00:00 / 00:00:12 (3%) A-V: -0.009
AV: 00:00:00 / 00:00:12 (4%) A-V: -0.008
AV: 00:00:00 / 00:00:12 (4%) A-V: -0.007 Dropped: 1
AV: 00:00:00 / 00:00:12 (4%) A-V: -0.007
AV: 00:00:00 / 00:00:12 (4%) A-V: -0.006
AV: 00:00:00 / 00:00:12 (4%) A-V: -0.006 Dropped: 1
AV: 00:00:00 / 00:00:12 (4%) A-V: -0.007
AV: 00:00:00 / 00:00:12 (5%) A-V: -0.006 Dropped: 1
AV: 00:00:00 / 00:00:12 (5%) A-V: -0.006
AV: 00:00:00 / 00:00:12 (4%) A-V: -0.006
AV: 00:00:00 / 00:00:12 (5%) A-V: -0.005 Dropped: 1
AV: 00:00:00 / 00:00:12 (5%) A-V: -0.005
AV: 00:00:00 / 00:00:12 (5%) A-V: -0.006
AV: 00:00:00 / 00:00:12 (5%) A-V: -0.005
AV: 00:00:00 / 00:00:12 (5%) A-V: -0.004
AV: 00:00:00 / 00:00:12 (5%) A-V: -0.004 Dropped: 1
AV: 00:00:00 / 00:00:12 (5%) A-V: -0.004
AV: 00:00:00 / 00:00:12 (6%) A-V: -0.004 Dropped: 1
AV: 00:00:00 / 00:00:12 (6%) A-V: -0.004
AV: 00:00:00 / 00:00:12 (6%) A-V: -0.003
AV: 00:00:00 / 00:00:12 (6%) A-V: -0.003 Dropped: 1
AV: 00:00:00 / 00:00:12 (6%) A-V: -0.004
AV: 00:00:00 / 00:00:12 (6%) A-V: -0.003
AV: 00:00:00 / 00:00:12 (7%) A-V: -0.003 Dropped: 1
AV: 00:00:00 / 00:00:12 (7%) A-V: -0.003
AV: 00:00:00 / 00:00:12 (7%) A-V: -0.002 Dropped: 1
AV: 00:00:00 / 00:00:12 (7%) A-V: -0.002
AV: 00:00:00 / 00:00:12 (7%) A-V: -0.003
AV: 00:00:00 / 00:00:12 (7%) A-V: -0.002
AV: 00:00:00 / 00:00:12 (8%) A-V: -0.002
AV: 00:00:00 / 00:00:12 (8%) A-V: -0.002 Dropped: 1
AV: 00:00:00 / 00:00:12 (8%) A-V: -0.002
AV: 00:00:01 / 00:00:12 (8%) A-V: -0.001 Dropped: 1
AV: 00:00:01 / 00:00:12 (8%) A-V: -0.001
AV: 00:00:01 / 00:00:12 (8%) A-V: -0.001
AV: 00:00:01 / 00:00:12 (9%) A-V: -0.001 Dropped: 1
AV: 00:00:01 / 00:00:12 (9%) A-V: -0.001
AV: 00:00:01 / 00:00:12 (9%) A-V: -0.001
AV: 00:00:01 / 00:00:12 (10%) A-V: -0.001
AV: 00:00:01 / 00:00:12 (10%) A-V: -0.001 Dropped: 1
AV: 00:00:01 / 00:00:12 (10%) A-V: -0.001
AV: 00:00:01 / 00:00:12 (11%) A-V: -0.001
AV: 00:00:01 / 00:00:12 (11%) A-V: -0.001 Dropped: 1
AV: 00:00:01 / 00:00:12 (11%) A-V: -0.000
AV: 00:00:01 / 00:00:12 (11%) A-V: -0.000 Dropped: 1
AV: 00:00:01 / 00:00:12 (11%) A-V: -0.001
AV: 00:00:01 / 00:00:12 (11%) A-V: -0.000
AV: 00:00:01 / 00:00:12 (12%) A-V: -0.000 Dropped: 1
AV: 00:00:01 / 00:00:12 (12%) A-V: -0.000
AV: 00:00:01 / 00:00:12 (12%) A-V: -0.000
AV: 00:00:01 / 00:00:12 (13%) A-V: -0.000 Dropped: 1
AV: 00:00:01 / 00:00:12 (13%) A-V: -0.000
AV: 00:00:01 / 00:00:12 (13%) A-V: -0.000
AV: 00:00:01 / 00:00:12 (14%) A-V: -0.000
AV: 00:00:01 / 00:00:12 (14%) A-V: -0.000 Dropped: 1
AV: 00:00:01 / 00:00:12 (14%) A-V: -0.000
AV: 00:00:01 / 00:00:12 (15%) A-V: -0.000 Dropped: 1
AV: 00:00:01 / 00:00:12 (15%) A-V: -0.000
AV: 00:00:01 / 00:00:12 (15%) A-V: -0.000
AV: 00:00:01 / 00:00:12 (16%) A-V: -0.000
AV: 00:00:01 / 00:00:12 (16%) A-V: -0.000 Dropped: 1
AV: 00:00:01 / 00:00:12 (16%) A-V: -0.000
AV: 00:00:02 / 00:00:12 (16%) A-V: -0.000 Dropped: 1
AV: 00:00:02 / 00:00:12 (16%) A-V: -0.000
AV: 00:00:02 / 00:00:12 (17%) A-V: -0.000 Dropped: 1
AV: 00:00:02 / 00:00:12 (17%) A-V: -0.000
AV: 00:00:02 / 00:00:12 (16%) A-V: -0.000
AV: 00:00:02 / 00:00:12 (17%) A-V: -0.000
AV: 00:00:02 / 00:00:12 (18%) A-V: -0.000 Dropped: 1
AV: 00:00:02 / 00:00:12 (18%) A-V: -0.000
AV: 00:00:02 / 00:00:12 (18%) A-V: -0.000
AV: 00:00:02 / 00:00:12 (19%) A-V: -0.000 Dropped: 1
AV: 00:00:02 / 00:00:12 (19%) A-V: -0.000
AV: 00:00:02 / 00:00:12 (19%) A-V:  0.000
AV: 00:00:02 / 00:00:12 (19%) A-V: -0.000
AV: 00:00:02 / 00:00:12 (19%) A-V: -0.000
AV: 00:00:02 / 00:00:12 (19%) A-V:  0.000 Dropped: 1
AV: 00:00:02 / 00:00:12 (19%) A-V:  0.000
AV: 00:00:02 / 00:00:12 (20%) A-V:  0.000
AV: 00:00:02 / 00:00:12 (20%) A-V:  0.000 Dropped: 1
AV: 00:00:02 / 00:00:12 (20%) A-V:  0.000
AV: 00:00:02 / 00:00:12 (21%) A-V:  0.000 Dropped: 1
AV: 00:00:02 / 00:00:12 (21%) A-V:  0.000
AV: 00:00:02 / 00:00:12 (21%) A-V:  0.000
AV: 00:00:02 / 00:00:12 (22%) A-V:  0.000
AV: 00:00:02 / 00:00:12 (22%) A-V:  0.000 Dropped: 1
AV: 00:00:02 / 00:00:12 (22%) A-V:  0.000
AV: 00:00:02 / 00:00:12 (23%) A-V:  0.000 Dropped: 1
AV: 00:00:02 / 00:00:12 (23%) A-V:  0.000
AV: 00:00:02 / 00:00:12 (23%) A-V:  0.000
AV: 00:00:02 / 00:00:12 (24%) A-V:  0.000 Dropped: 1
AV: 00:00:02 / 00:00:12 (24%) A-V:  0.000
AV: 00:00:02 / 00:00:12 (24%) A-V:  0.000
AV: 00:00:03 / 00:00:12 (24%) A-V:  0.000 Dropped: 1
AV: 00:00:03 / 00:00:12 (24%) A-V:  0.000
AV: 00:00:03 / 00:00:12 (25%) A-V:  0.000 Dropped: 1
AV: 00:00:03 / 00:00:12 (25%) A-V:  0.000
AV: 00:00:03 / 00:00:12 (24%) A-V:  0.000
AV: 00:00:03 / 00:00:12 (25%) A-V:  0.000
AV: 00:00:03 / 00:00:12 (26%) A-V:  0.000 Dropped: 1
AV: 00:00:03 / 00:00:12 (26%) A-V:  0.000
AV: 00:00:03 / 00:00:12 (26%) A-V:  0.000
AV: 00:00:03 / 00:00:12 (27%) A-V:  0.000
AV: 00:00:03 / 00:00:12 (27%) A-V:  0.000 Dropped: 1
AV: 00:00:03 / 00:00:12 (27%) A-V:  0.000
AV: 00:00:03 / 00:00:12 (28%) A-V:  0.000 Dropped: 1
AV: 00:00:03 / 00:00:12 (28%) A-V:  0.000
AV: 00:00:03 / 00:00:12 (28%) A-V:  0.000
AV: 00:00:03 / 00:00:12 (29%) A-V:  0.000
AV: 00:00:03 / 00:00:12 (29%) A-V:  0.000 Dropped: 1
AV: 00:00:03 / 00:00:12 (29%) A-V:  0.000
AV: 00:00:03 / 00:00:12 (30%) A-V:  0.000 Dropped: 1
AV: 00:00:03 / 00:00:12 (30%) A-V:  0.000
AV: 00:00:03 / 00:00:12 (30%) A-V:  0.000
AV: 00:00:03 / 00:00:12 (31%) A-V:  0.000
AV: 00:00:03 / 00:00:12 (31%) A-V:  0.000 Dropped: 1
AV: 00:00:03 / 00:00:12 (31%) A-V:  0.000
AV: 00:00:03 / 00:00:12 (32%) A-V:  0.000
AV: 00:00:03 / 00:00:12 (32%) A-V:  0.000 Dropped: 1
AV: 00:00:03 / 00:00:12 (32%) A-V:  0.000
AV: 00:00:04 / 00:00:12 (33%) A-V:  0.000 Dropped: 1
AV: 00:00:04 / 00:00:12 (33%) A-V:  0.000
AV: 00:00:04 / 00:00:12 (33%) A-V:  0.000
AV: 00:00:04 / 00:00:12 (34%) A-V:  0.000 Dropped: 1
AV: 00:00:04 / 00:00:12 (34%) A-V:  0.000
AV: 00:00:04 / 00:00:12 (34%) A-V:  0.000
AV: 00:00:04 / 00:00:12 (35%) A-V:  0.000
AV: 00:00:04 / 00:00:12 (35%) A-V:  0.000 Dropped: 1
AV: 00:00:04 / 00:00:12 (35%) A-V:  0.000
AV: 00:00:04 / 00:00:12 (36%) A-V:  0.000
AV: 00:00:04 / 00:00:12 (36%) A-V:  0.000 Dropped: 1
AV: 00:00:04 / 00:00:12 (36%) A-V:  0.000
AV: 00:00:04 / 00:00:12 (37%) A-V:  0.000
AV: 00:00:04 / 00:00:12 (37%) A-V:  0.000 Dropped: 1
AV: 00:00:04 / 00:00:12 (37%) A-V:  0.000
AV: 00:00:04 / 00:00:12 (37%) A-V:  0.011
AV: 00:00:04 / 00:00:12 (37%) A-V:  0.023 Dropped: 1
AV: 00:00:04 / 00:00:12 (37%) A-V:  0.049
AV: 00:00:04 / 00:00:12 (37%) A-V:  0.053
AV: 00:00:04 / 00:00:12 (38%) A-V:  0.036 Dropped: 1
AV: 00:00:04 / 00:00:12 (38%) A-V:  0.049
AV: 00:00:04 / 00:00:12 (37%) A-V:  0.051
AV: 00:00:04 / 00:00:12 (38%) A-V:  0.046 Dropped: 1
AV: 00:00:04 / 00:00:12 (38%) A-V:  0.060
AV: 00:00:04 / 00:00:12 (38%) A-V:  0.061
AV: 00:00:04 / 00:00:12 (38%) A-V:  0.048 Dropped: 1
AV: 00:00:04 / 00:00:12 (38%) A-V:  0.060 Dropped: 1
AV: 00:00:04 / 00:00:12 (39%) A-V:  0.027 Dropped: 2
AV: 00:00:04 / 00:00:12 (39%) A-V:  0.000 Dropped: 3
AV: 00:00:04 / 00:00:12 (38%) A-V:  0.063 Dropped: 1
AV: 00:00:04 / 00:00:12 (38%) A-V:  0.030 Dropped: 2
AV: 00:00:04 / 00:00:12 (39%) A-V:  0.000 Dropped: 3
AV: 00:00:04 / 00:00:12 (39%) A-V:  0.048 Dropped: 2
AV: 00:00:04 / 00:00:12 (39%) A-V:  0.015 Dropped: 3
AV: 00:00:04 / 00:00:12 (39%) A-V:  0.000 Dropped: 3
AV: 00:00:04 / 00:00:12 (40%) A-V:  0.000 Dropped: 3
AV: 00:00:04 / 00:00:12 (40%) A-V:  0.000 Dropped: 3
AV: 00:00:04 / 00:00:12 (40%) A-V:  0.000 Dropped: 3
AV: 00:00:05 / 00:00:12 (41%) A-V:  0.000 Dropped: 3
AV: 00:00:05 / 00:00:12 (41%) A-V:  0.000 Dropped: 3
AV: 00:00:05 / 00:00:12 (41%) A-V:  0.000 Dropped: 3
AV: 00:00:05 / 00:00:12 (42%) A-V:  0.000 Dropped: 3
AV: 00:00:05 / 00:00:12 (42%) A-V:  0.000 Dropped: 3
AV: 00:00:05 / 00:00:12 (42%) A-V:  0.000 Dropped: 3
AV: 00:00:05 / 00:00:12 (43%) A-V:  0.000 Dropped: 3
AV: 00:00:05 / 00:00:12 (43%) A-V:  0.000 Dropped: 3
AV: 00:00:05 / 00:00:12 (43%) A-V:  0.000 Dropped: 3
AV: 00:00:05 / 00:00:12 (44%) A-V:  0.000 Dropped: 3
AV: 00:00:05 / 00:00:12 (44%) A-V:  0.000 Dropped: 3
AV: 00:00:05 / 00:00:12 (44%) A-V:  0.000 Dropped: 3
AV: 00:00:05 / 00:00:12 (45%) A-V:  0.000 Dropped: 3
AV: 00:00:05 / 00:00:12 (45%) A-V:  0.000 Dropped: 3
AV: 00:00:05 / 00:00:12 (45%) A-V:  0.000 Dropped: 3
AV: 00:00:05 / 00:00:12 (46%) A-V:  0.000 Dropped: 3
AV: 00:00:05 / 00:00:12 (46%) A-V:  0.000 Dropped: 3
AV: 00:00:05 / 00:00:12 (46%) A-V:  0.000 Dropped: 3
AV: 00:00:05 / 00:00:12 (47%) A-V:  0.000 Dropped: 3
AV: 00:00:05 / 00:00:12 (47%) A-V:  0.000 Dropped: 3
AV: 00:00:05 / 00:00:12 (47%) A-V:  0.000 Dropped: 3
AV: 00:00:05 / 00:00:12 (48%) A-V:  0.000 Dropped: 3
AV: 00:00:05 / 00:00:12 (48%) A-V:  0.000 Dropped: 3
AV: 00:00:05 / 00:00:12 (48%) A-V:  0.000 Dropped: 3
AV: 00:00:05 / 00:00:12 (49%) A-V:  0.000 Dropped: 3
AV: 00:00:05 / 00:00:12 (49%) A-V:  0.000 Dropped: 3
AV: 00:00:06 / 00:00:12 (49%) A-V:  0.000 Dropped: 3
AV: 00:00:06 / 00:00:12 (49%) A-V:  0.000 Dropped: 3
AV: 00:00:05 / 00:00:12 (49%) A-V:  0.000 Dropped: 3
AV: 00:00:06 / 00:00:12 (49%) A-V:  0.000 Dropped: 3
AV: 00:00:06 / 00:00:12 (50%) A-V:  0.000 Dropped: 3
AV: 00:00:06 / 00:00:12 (50%) A-V:  0.000 Dropped: 3
AV: 00:00:06 / 00:00:12 (50%) A-V:  0.000 Dropped: 3
AV: 00:00:06 / 00:00:12 (51%) A-V:  0.000 Dropped: 3
AV: 00:00:06 / 00:00:12 (51%) A-V:  0.000 Dropped: 3
AV: 00:00:06 / 00:00:12 (51%) A-V:  0.000 Dropped: 3
AV: 00:00:06 / 00:00:12 (52%) A-V:  0.000 Dropped: 3
AV: 00:00:06 / 00:00:12 (52%) A-V:  0.000 Dropped: 3
AV: 00:00:06 / 00:00:12 (52%) A-V:  0.000 Dropped: 3
AV: 00:00:06 / 00:00:12 (53%) A-V:  0.000 Dropped: 3
AV: 00:00:06 / 00:00:12 (53%) A-V:  0.000 Dropped: 3
AV: 00:00:06 / 00:00:12 (53%) A-V:  0.000 Dropped: 3
AV: 00:00:06 / 00:00:12 (54%) A-V:  0.000 Dropped: 3
AV: 00:00:06 / 00:00:12 (54%) A-V:  0.000 Dropped: 3
AV: 00:00:06 / 00:00:12 (54%) A-V:  0.000 Dropped: 3
AV: 00:00:06 / 00:00:12 (55%) A-V:  0.000 Dropped: 3
AV: 00:00:06 / 00:00:12 (55%) A-V:  0.000 Dropped: 3
AV: 00:00:06 / 00:00:12 (55%) A-V:  0.000 Dropped: 3
AV: 00:00:06 / 00:00:12 (56%) A-V:  0.000 Dropped: 3
AV: 00:00:06 / 00:00:12 (56%) A-V:  0.000 Dropped: 3
AV: 00:00:06 / 00:00:12 (56%) A-V:  0.000 Dropped: 3
AV: 00:00:06 / 00:00:12 (57%) A-V:  0.000 Dropped: 3
AV: 00:00:06 / 00:00:12 (57%) A-V:  0.000 Dropped: 3
AV: 00:00:07 / 00:00:12 (57%) A-V:  0.000 Dropped: 3
AV: 00:00:07 / 00:00:12 (57%) A-V:  0.000 Dropped: 3
AV: 00:00:06 / 00:00:12 (57%) A-V:  0.000 Dropped: 3
AV: 00:00:07 / 00:00:12 (57%) A-V:  0.000 Dropped: 3
AV: 00:00:07 / 00:00:12 (58%) A-V:  0.000 Dropped: 3
AV: 00:00:07 / 00:00:12 (58%) A-V:  0.000 Dropped: 3
AV: 00:00:07 / 00:00:12 (58%) A-V:  0.000 Dropped: 3
AV: 00:00:07 / 00:00:12 (59%) A-V:  0.000 Dropped: 3
AV: 00:00:07 / 00:00:12 (59%) A-V:  0.000 Dropped: 3
AV: 00:00:07 / 00:00:12 (59%) A-V:  0.000 Dropped: 3
AV: 00:00:07 / 00:00:12 (60%) A-V:  0.000 Dropped: 3
AV: 00:00:07 / 00:00:12 (60%) A-V:  0.000 Dropped: 3
AV: 00:00:07 / 00:00:12 (60%) A-V:  0.000 Dropped: 3
AV: 00:00:07 / 00:00:12 (61%) A-V:  0.000 Dropped: 3
AV: 00:00:07 / 00:00:12 (61%) A-V:  0.000 Dropped: 3
AV: 00:00:07 / 00:00:12 (61%) A-V:  0.000 Dropped: 3
AV: 00:00:07 / 00:00:12 (62%) A-V:  0.000 Dropped: 3
AV: 00:00:07 / 00:00:12 (62%) A-V:  0.000 Dropped: 3
AV: 00:00:07 / 00:00:12 (62%) A-V:  0.000 Dropped: 3
AV: 00:00:07 / 00:00:12 (63%) A-V:  0.000 Dropped: 3
AV: 00:00:07 / 00:00:12 (63%) A-V:  0.000 Dropped: 3
AV: 00:00:07 / 00:00:12 (63%) A-V:  0.000 Dropped: 3
AV: 00:00:07 / 00:00:12 (64%) A-V:  0.000 Dropped: 3
AV: 00:00:07 / 00:00:12 (64%) A-V:  0.000 Dropped: 3
AV: 00:00:07 / 00:00:12 (64%) A-V:  0.000 Dropped: 3
AV: 00:00:07 / 00:00:12 (65%) A-V:  0.000 Dropped: 3
AV: 00:00:07 / 00:00:12 (65%) A-V:  0.000 Dropped: 3
AV: 00:00:07 / 00:00:12 (65%) A-V:  0.000 Dropped: 3
AV: 00:00:08 / 00:00:12 (65%) A-V:  0.000 Dropped: 3
AV: 00:00:08 / 00:00:12 (65%) A-V:  0.000 Dropped: 3
AV: 00:00:08 / 00:00:12 (65%) A-V:  0.000 Dropped: 3
AV: 00:00:08 / 00:00:12 (66%) A-V:  0.000 Dropped: 3
AV: 00:00:08 / 00:00:12 (66%) A-V:  0.000 Dropped: 3
AV: 00:00:08 / 00:00:12 (66%) A-V:  0.000 Dropped: 3
AV: 00:00:08 / 00:00:12 (67%) A-V:  0.000 Dropped: 3
AV: 00:00:08 / 00:00:12 (67%) A-V:  0.000 Dropped: 3
AV: 00:00:08 / 00:00:12 (67%) A-V:  0.000 Dropped: 3
AV: 00:00:08 / 00:00:12 (68%) A-V:  0.000 Dropped: 3
AV: 00:00:08 / 00:00:12 (68%) A-V:  0.000 Dropped: 3
AV: 00:00:08 / 00:00:12 (68%) A-V:  0.000 Dropped: 3
AV: 00:00:08 / 00:00:12 (69%) A-V:  0.000 Dropped: 3
AV: 00:00:08 / 00:00:12 (69%) A-V:  0.000 Dropped: 3
AV: 00:00:08 / 00:00:12 (69%) A-V:  0.000 Dropped: 3
AV: 00:00:08 / 00:00:12 (70%) A-V:  0.000 Dropped: 3
AV: 00:00:08 / 00:00:12 (70%) A-V:  0.000 Dropped: 3
AV: 00:00:08 / 00:00:12 (70%) A-V:  0.000 Dropped: 3
AV: 00:00:08 / 00:00:12 (71%) A-V:  0.000 Dropped: 3
AV: 00:00:08 / 00:00:12 (71%) A-V:  0.000 Dropped: 3
AV: 00:00:08 / 00:00:12 (71%) A-V:  0.000 Dropped: 3
AV: 00:00:08 / 00:00:12 (72%) A-V:  0.000 Dropped: 3
AV: 00:00:08 / 00:00:12 (72%) A-V:  0.000 Dropped: 3
AV: 00:00:08 / 00:00:12 (72%) A-V:  0.000 Dropped: 3
AV: 00:00:08 / 00:00:12 (73%) A-V:  0.000 Dropped: 3
AV: 00:00:08 / 00:00:12 (73%) A-V:  0.000 Dropped: 3
AV: 00:00:08 / 00:00:12 (73%) A-V:  0.000 Dropped: 3
AV: 00:00:09 / 00:00:12 (73%) A-V:  0.000 Dropped: 3
AV: 00:00:09 / 00:00:12 (73%) A-V:  0.000 Dropped: 3
AV: 00:00:09 / 00:00:12 (74%) A-V:  0.000 Dropped: 3
AV: 00:00:09 / 00:00:12 (74%) A-V:  0.000 Dropped: 3
AV: 00:00:09 / 00:00:12 (73%) A-V:  0.000 Dropped: 3
AV: 00:00:09 / 00:00:12 (74%) A-V:  0.000 Dropped: 3
AV: 00:00:09 / 00:00:12 (75%) A-V:  0.000 Dropped: 3
AV: 00:00:09 / 00:00:12 (75%) A-V:  0.000 Dropped: 3
AV: 00:00:09 / 00:00:12 (75%) A-V:  0.000 Dropped: 3
AV: 00:00:09 / 00:00:12 (76%) A-V:  0.000 Dropped: 3
AV: 00:00:09 / 00:00:12 (76%) A-V:  0.000 Dropped: 3
AV: 00:00:09 / 00:00:12 (76%) A-V:  0.000 Dropped: 3
AV: 00:00:09 / 00:00:12 (77%) A-V:  0.000 Dropped: 3
AV: 00:00:09 / 00:00:12 (77%) A-V:  0.000 Dropped: 3
AV: 00:00:09 / 00:00:12 (77%) A-V:  0.000 Dropped: 3
AV: 00:00:09 / 00:00:12 (78%) A-V:  0.000 Dropped: 3
AV: 00:00:09 / 00:00:12 (78%) A-V:  0.000 Dropped: 3
AV: 00:00:09 / 00:00:12 (78%) A-V:  0.000 Dropped: 3
AV: 00:00:09 / 00:00:12 (79%) A-V:  0.000 Dropped: 3
AV: 00:00:09 / 00:00:12 (79%) A-V:  0.000 Dropped: 3
AV: 00:00:09 / 00:00:12 (79%) A-V:  0.000 Dropped: 3
AV: 00:00:09 / 00:00:12 (80%) A-V:  0.000 Dropped: 3
AV: 00:00:09 / 00:00:12 (80%) A-V:  0.000 Dropped: 3
AV: 00:00:09 / 00:00:12 (80%) A-V:  0.000 Dropped: 3
AV: 00:00:09 / 00:00:12 (81%) A-V:  0.000 Dropped: 3
AV: 00:00:09 / 00:00:12 (81%) A-V:  0.000 Dropped: 3
AV: 00:00:09 / 00:00:12 (81%) A-V:  0.000 Dropped: 3
AV: 00:00:10 / 00:00:12 (81%) A-V:  0.000 Dropped: 3
AV: 00:00:10 / 00:00:12 (81%) A-V:  0.000 Dropped: 3
AV: 00:00:10 / 00:00:12 (82%) A-V:  0.000 Dropped: 3
AV: 00:00:10 / 00:00:12 (82%) A-V:  0.000 Dropped: 3
AV: 00:00:10 / 00:00:12 (81%) A-V:  0.000 Dropped: 3
AV: 00:00:10 / 00:00:12 (82%) A-V:  0.000 Dropped: 3
AV: 00:00:10 / 00:00:12 (83%) A-V:  0.000 Dropped: 3
AV: 00:00:10 / 00:00:12 (83%) A-V:  0.000 Dropped: 3
AV: 00:00:10 / 00:00:12 (83%) A-V:  0.000 Dropped: 3
AV: 00:00:10 / 00:00:12 (84%) A-V:  0.000 Dropped: 3
AV: 00:00:10 / 00:00:12 (84%) A-V:  0.000 Dropped: 3
AV: 00:00:10 / 00:00:12 (84%) A-V:  0.000 Dropped: 3
AV: 00:00:10 / 00:00:12 (85%) A-V:  0.000 Dropped: 3
AV: 00:00:10 / 00:00:12 (85%) A-V:  0.000 Dropped: 3
AV: 00:00:10 / 00:00:12 (85%) A-V:  0.000 Dropped: 3
AV: 00:00:10 / 00:00:12 (86%) A-V:  0.000 Dropped: 3
AV: 00:00:10 / 00:00:12 (86%) A-V:  0.000 Dropped: 3
AV: 00:00:10 / 00:00:12 (86%) A-V:  0.000 Dropped: 3
AV: 00:00:10 / 00:00:12 (87%) A-V:  0.000 Dropped: 3
AV: 00:00:10 / 00:00:12 (87%) A-V:  0.000 Dropped: 3
AV: 00:00:10 / 00:00:12 (87%) A-V:  0.000 Dropped: 3
AV: 00:00:10 / 00:00:12 (88%) A-V:  0.000 Dropped: 3
AV: 00:00:10 / 00:00:12 (88%) A-V:  0.000 Dropped: 3
AV: 00:00:10 / 00:00:12 (88%) A-V:  0.000 Dropped: 3
AV: 00:00:10 / 00:00:12 (89%) A-V:  0.000 Dropped: 3
AV: 00:00:10 / 00:00:12 (89%) A-V:  0.000 Dropped: 3
AV: 00:00:10 / 00:00:12 (89%) A-V:  0.000 Dropped: 3
AV: 00:00:11 / 00:00:12 (90%) A-V:  0.000 Dropped: 3
AV: 00:00:11 / 00:00:12 (90%) A-V:  0.000 Dropped: 3
AV: 00:00:11 / 00:00:12 (90%) A-V:  0.000 Dropped: 3
AV: 00:00:11 / 00:00:12 (91%) A-V:  0.000 Dropped: 3
AV: 00:00:11 / 00:00:12 (91%) A-V:  0.000 Dropped: 3
AV: 00:00:11 / 00:00:12 (91%) A-V:  0.000 Dropped: 3
AV: 00:00:11 / 00:00:12 (92%) A-V:  0.000 Dropped: 3
AV: 00:00:11 / 00:00:12 (92%) A-V:  0.000 Dropped: 3
AV: 00:00:11 / 00:00:12 (92%) A-V:  0.000 Dropped: 3
AV: 00:00:11 / 00:00:12 (93%) A-V:  0.000 Dropped: 3
AV: 00:00:11 / 00:00:12 (93%) A-V:  0.000 Dropped: 3
AV: 00:00:11 / 00:00:12 (93%) A-V:  0.000 Dropped: 3
AV: 00:00:11 / 00:00:12 (94%) A-V:  0.000 Dropped: 3
AV: 00:00:11 / 00:00:12 (94%) A-V:  0.000 Dropped: 3
AV: 00:00:11 / 00:00:12 (94%) A-V:  0.000 Dropped: 3
AV: 00:00:11 / 00:00:12 (95%) A-V:  0.000 Dropped: 3
AV: 00:00:11 / 00:00:12 (95%) A-V:  0.000 Dropped: 3
AV: 00:00:11 / 00:00:12 (95%) A-V:  0.000 Dropped: 3
AV: 00:00:11 / 00:00:12 (96%) A-V:  0.000 Dropped: 3
AV: 00:00:11 / 00:00:12 (96%) A-V:  0.000 Dropped: 3
AV: 00:00:11 / 00:00:12 (96%) A-V:  0.000 Dropped: 3
AV: 00:00:11 / 00:00:12 (97%) A-V:  0.000 Dropped: 3
AV: 00:00:11 / 00:00:12 (97%) A-V:  0.000 Dropped: 3
AV: 00:00:11 / 00:00:12 (97%) A-V:  0.000 Dropped: 3
AV: 00:00:12 / 00:00:12 (98%) A-V:  0.000 Dropped: 3
AV: 00:00:12 / 00:00:12 (98%) A-V:  0.000 Dropped: 3
AV: 00:00:12 / 00:00:12 (98%) A-V:  0.000 Dropped: 3
AV: 00:00:12 / 00:00:12 (99%) A-V:  0.000 Dropped: 3
AV: 00:00:12 / 00:00:12 (99%) A-V:  0.000 Dropped: 3
AV: 00:00:12 / 00:00:12 (99%) A-V:  0.000 Dropped: 3
AV: 00:00:00 / 00:00:12 (0%) A-V:  0.000
AV: 00:00:00 / 00:00:12 (0%) A-V:  0.000
AV: 00:00:00 / 00:00:12 (0%) A-V:  0.000
AV: 00:00:00 / 00:00:12 (1%) A-V:  0.000
AV: 00:00:00 / 00:00:12 (1%) A-V:  0.000
AV: 00:00:00 / 00:00:12 (1%) A-V:  0.000
AV: 00:00:00 / 00:00:12 (2%) A-V:  0.000
AV: 00:00:00 / 00:00:12 (2%) A-V:  0.000
AV: 00:00:00 / 00:00:12 (2%) A-V:  0.000
AV: 00:00:00 / 00:00:12 (3%) A-V:  0.000
AV: 00:00:00 / 00:00:12 (3%) A-V:  0.000
AV: 00:00:00 / 00:00:12 (3%) A-V:  0.000
AV: 00:00:00 / 00:00:12 (4%) A-V:  0.000
AV: 00:00:00 / 00:00:12 (4%) A-V:  0.000
AV: 00:00:00 / 00:00:12 (4%) A-V:  0.010
AV: 00:00:00 / 00:00:12 (3%) A-V:  0.009
AV: 00:00:00 / 00:00:12 (4%) A-V:  0.000
AV: 00:00:00 / 00:00:12 (4%) A-V:  0.012 Dropped: 1
AV: 00:00:00 / 00:00:12 (4%) A-V:  0.000 Dropped: 1
AV: 00:00:00 / 00:00:12 (5%) A-V:  0.000 Dropped: 1
AV: 00:00:00 / 00:00:12 (5%) A-V:  0.000
AV: 00:00:00 / 00:00:12 (5%) A-V:  0.000
AV: 00:00:00 / 00:00:12 (6%) A-V:  0.000
AV: 00:00:00 / 00:00:12 (6%) A-V:  0.000 Dropped: 1
AV: 00:00:00 / 00:00:12 (6%) A-V:  0.000
AV: 00:00:00 / 00:00:12 (7%) A-V:  0.000
AV: 00:00:00 / 00:00:12 (7%) A-V:  0.000 Dropped: 1
AV: 00:00:00 / 00:00:12 (7%) A-V:  0.000
AV: 00:00:00 / 00:00:12 (8%) A-V:  0.000 Dropped: 1
AV: 00:00:00 / 00:00:12 (8%) A-V:  0.000
AV: 00:00:00 / 00:00:12 (8%) A-V:  0.000
AV: 00:00:01 / 00:00:12 (8%) A-V:  0.000
AV: 00:00:01 / 00:00:12 (8%) A-V:  0.000 Dropped: 1
AV: 00:00:01 / 00:00:12 (8%) A-V:  0.000
AV: 00:00:01 / 00:00:12 (9%) A-V:  0.000 Dropped: 1
AV: 00:00:01 / 00:00:12 (9%) A-V:  0.000
AV: 00:00:01 / 00:00:12 (9%) A-V:  0.000
AV: 00:00:01 / 00:00:12 (10%) A-V:  0.000 Dropped: 1
AV: 00:00:01 / 00:00:12 (10%) A-V:  0.000
AV: 00:00:01 / 00:00:12 (10%) A-V:  0.000
AV: 00:00:01 / 00:00:12 (11%) A-V:  0.000
AV: 00:00:01 / 00:00:12 (11%) A-V:  0.000 Dropped: 1
AV: 00:00:01 / 00:00:12 (11%) A-V:  0.000
AV: 00:00:01 / 00:00:12 (12%) A-V:  0.000
AV: 00:00:01 / 00:00:12 (12%) A-V:  0.000 Dropped: 1
AV: 00:00:01 / 00:00:12 (12%) A-V:  0.000
AV: 00:00:01 / 00:00:12 (13%) A-V:  0.000
AV: 00:00:01 / 00:00:12 (13%) A-V:  0.000 Dropped: 1
AV: 00:00:01 / 00:00:12 (13%) A-V:  0.000
AV: 00:00:01 / 00:00:12 (14%) A-V:  0.000
AV: 00:00:01 / 00:00:12 (14%) A-V:  0.000 Dropped: 1
AV: 00:00:01 / 00:00:12 (14%) A-V:  0.000
AV: 00:00:01 / 00:00:12 (15%) A-V:  0.000 Dropped: 1
AV: 00:00:01 / 00:00:12 (15%) A-V:  0.000
AV: 00:00:01 / 00:00:12 (15%) A-V:  0.000
AV: 00:00:01 / 00:00:12 (16%) A-V:  0.000 Dropped: 1
AV: 00:00:01 / 00:00:12 (16%) A-V:  0.000
AV: 00:00:01 / 00:00:12 (16%) A-V:  0.000
AV: 00:00:02 / 00:00:12 (16%) A-V:  0.000
AV: 00:00:02 / 00:00:12 (16%) A-V:  0.000 Dropped: 1
AV: 00:00:02 / 00:00:12 (17%) A-V:  0.000 Dropped: 1
AV: 00:00:02 / 00:00:12 (17%) A-V:  0.000
AV: 00:00:02 / 00:00:12 (16%) A-V:  0.000
AV: 00:00:02 / 00:00:12 (17%) A-V:  0.000
AV: 00:00:02 / 00:00:12 (18%) A-V:  0.000 Dropped: 1
AV: 00:00:02 / 00:00:12 (18%) A-V:  0.000
AV: 00:00:02 / 00:00:12 (18%) A-V:  0.000
AV: 00:00:02 / 00:00:12 (19%) A-V:  0.000 Dropped: 1
AV: 00:00:02 / 00:00:12 (19%) A-V:  0.000
AV: 00:00:02 / 00:00:12 (19%) A-V:  0.000
AV: 00:00:02 / 00:00:12 (20%) A-V:  0.000 Dropped: 1
AV: 00:00:02 / 00:00:12 (20%) A-V:  0.000
AV: 00:00:02 / 00:00:12 (20%) A-V:  0.000
AV: 00:00:02 / 00:00:12 (21%) A-V:  0.000 Dropped: 1
AV: 00:00:02 / 00:00:12 (21%) A-V:  0.000
AV: 00:00:02 / 00:00:12 (21%) A-V:  0.000
AV: 00:00:02 / 00:00:12 (22%) A-V:  0.000 Dropped: 1
AV: 00:00:02 / 00:00:12 (22%) A-V:  0.000
AV: 00:00:02 / 00:00:12 (22%) A-V:  0.000
AV: 00:00:02 / 00:00:12 (23%) A-V:  0.000
AV: 00:00:02 / 00:00:12 (23%) A-V:  0.000 Dropped: 1
AV: 00:00:02 / 00:00:12 (23%) A-V:  0.000
AV: 00:00:02 / 00:00:12 (24%) A-V:  0.000
AV: 00:00:02 / 00:00:12 (24%) A-V:  0.000 Dropped: 1
AV: 00:00:02 / 00:00:12 (24%) A-V:  0.000
AV: 00:00:03 / 00:00:12 (24%) A-V:  0.000
AV: 00:00:03 / 00:00:12 (24%) A-V:  0.000 Dropped: 1
AV: 00:00:03 / 00:00:12 (25%) A-V:  0.000 Dropped: 1
AV: 00:00:03 / 00:00:12 (25%) A-V:  0.000
AV: 00:00:03 / 00:00:12 (24%) A-V:  0.000
AV: 00:00:03 / 00:00:12 (25%) A-V:  0.000
AV: 00:00:03 / 00:00:12 (26%) A-V:  0.000
AV: 00:00:03 / 00:00:12 (26%) A-V:  0.000 Dropped: 1
AV: 00:00:03 / 00:00:12 (26%) A-V:  0.000
AV: 00:00:03 / 00:00:12 (27%) A-V:  0.000 Dropped: 1
AV: 00:00:03 / 00:00:12 (27%) A-V:  0.000
AV: 00:00:03 / 00:00:12 (27%) A-V:  0.000
AV: 00:00:03 / 00:00:12 (28%) A-V:  0.000
AV: 00:00:03 / 00:00:12 (28%) A-V:  0.000 Dropped: 1
AV: 00:00:03 / 00:00:12 (28%) A-V:  0.000
AV: 00:00:03 / 00:00:12 (29%) A-V:  0.000
AV: 00:00:03 / 00:00:12 (29%) A-V:  0.000 Dropped: 1
AV: 00:00:03 / 00:00:12 (29%) A-V:  0.000
AV: 00:00:03 / 00:00:12 (30%) A-V:  0.000 Dropped: 1
AV: 00:00:03 / 00:00:12 (30%) A-V:  0.000
AV: 00:00:03 / 00:00:12 (30%) A-V:  0.000
AV: 00:00:03 / 00:00:12 (31%) A-V:  0.000
AV: 00:00:03 / 00:00:12 (31%) A-V:  0.000 Dropped: 1
AV: 00:00:03 / 00:00:12 (31%) A-V:  0.000
AV: 00:00:03 / 00:00:12 (32%) A-V:  0.000
AV: 00:00:03 / 00:00:12 (32%) A-V:  0.000 Dropped: 1
AV: 00:00:03 / 00:00:12 (32%) A-V:  0.000
AV: 00:00:04 / 00:00:12 (33%) A-V:  0.000 Dropped: 1
AV: 00:00:04 / 00:00:12 (33%) A-V:  0.000
AV: 00:00:04 / 00:00:12 (33%) A-V:  0.000
AV: 00:00:04 / 00:00:12 (34%) A-V:  0.000
AV: 00:00:04 / 00:00:12 (34%) A-V:  0.000 Dropped: 1
AV: 00:00:04 / 00:00:12 (34%) A-V:  0.000
AV: 00:00:04 / 00:00:12 (35%) A-V:  0.000
AV: 00:00:04 / 00:00:12 (35%) A-V:  0.000 Dropped: 1
AV: 00:00:04 / 00:00:12 (35%) A-V:  0.000
AV: 00:00:04 / 00:00:12 (36%) A-V:  0.000
AV: 00:00:04 / 00:00:12 (36%) A-V:  0.000 Dropped: 1
AV: 00:00:04 / 00:00:12 (36%) A-V:  0.000
AV: 00:00:04 / 00:00:12 (37%) A-V:  0.000 Dropped: 1
AV: 00:00:04 / 00:00:12 (37%) A-V:  0.000
AV: 00:00:04 / 00:00:12 (37%) A-V:  0.000
AV: 00:00:04 / 00:00:12 (38%) A-V:  0.000 Dropped: 1
AV: 00:00:04 / 00:00:12 (38%) A-V:  0.000
AV: 00:00:04 / 00:00:12 (38%) A-V:  0.000
AV: 00:00:04 / 00:00:12 (39%) A-V:  0.000 Dropped: 1
AV: 00:00:04 / 00:00:12 (39%) A-V:  0.000
AV: 00:00:04 / 00:00:12 (39%) A-V:  0.000
AV: 00:00:04 / 00:00:12 (40%) A-V:  0.000
AV: 00:00:04 / 00:00:12 (40%) A-V:  0.000 Dropped: 1
AV: 00:00:04 / 00:00:12 (40%) A-V:  0.000
AV: 00:00:05 / 00:00:12 (41%) A-V:  0.000 Dropped: 1
AV: 00:00:05 / 00:00:12 (41%) A-V:  0.000
AV: 00:00:05 / 00:00:12 (41%) A-V:  0.000
AV: 00:00:05 / 00:00:12 (42%) A-V:  0.000
AV: 00:00:05 / 00:00:12 (42%) A-V:  0.000 Dropped: 1
AV: 00:00:05 / 00:00:12 (42%) A-V:  0.000
AV: 00:00:05 / 00:00:12 (43%) A-V:  0.000
AV: 00:00:05 / 00:00:12 (43%) A-V:  0.000 Dropped: 1
AV: 00:00:05 / 00:00:12 (43%) A-V:  0.000
AV: 00:00:05 / 00:00:12 (44%) A-V:  0.000
AV: 00:00:05 / 00:00:12 (44%) A-V:  0.000 Dropped: 1
AV: 00:00:05 / 00:00:12 (44%) A-V:  0.000
AV: 00:00:05 / 00:00:12 (45%) A-V:  0.000 Dropped: 1
AV: 00:00:05 / 00:00:12 (45%) A-V:  0.000
AV: 00:00:05 / 00:00:12 (45%) A-V:  0.000
AV: 00:00:05 / 00:00:12 (46%) A-V:  0.000 Dropped: 1
AV: 00:00:05 / 00:00:12 (46%) A-V:  0.000
AV: 00:00:05 / 00:00:12 (46%) A-V:  0.000
AV: 00:00:05 / 00:00:12 (47%) A-V:  0.000 Dropped: 1
AV: 00:00:05 / 00:00:12 (47%) A-V:  0.000
AV: 00:00:05 / 00:00:12 (47%) A-V:  0.000
AV: 00:00:05 / 00:00:12 (48%) A-V:  0.000
AV: 00:00:05 / 00:00:12 (48%) A-V:  0.000 Dropped: 1
AV: 00:00:05 / 00:00:12 (48%) A-V:  0.000
AV: 00:00:05 / 00:00:12 (49%) A-V:  0.000 Dropped: 1
AV: 00:00:05 / 00:00:12 (49%) A-V:  0.000
AV: 00:00:06 / 00:00:12 (49%) A-V:  0.000 Dropped: 1
AV: 00:00:06 / 00:00:12 (49%) A-V:  0.000
AV: 00:00:05 / 00:00:12 (49%) A-V:  0.000
AV: 00:00:06 / 00:00:12 (49%) A-V:  0.000
AV: 00:00:06 / 00:00:12 (50%) A-V:  0.000
AV: 00:00:06 / 00:00:12 (50%) A-V:  0.000 Dropped: 1
AV: 00:00:06 / 00:00:12 (50%) A-V:  0.000
AV: 00:00:06 / 00:00:12 (51%) A-V:  0.000
AV: 00:00:06 / 00:00:12 (51%) A-V:  0.000 Dropped: 1
AV: 00:00:06 / 00:00:12 (51%) A-V:  0.000
AV: 00:00:06 / 00:00:12 (52%) A-V:  0.000 Dropped: 1
AV: 00:00:06 / 00:00:12 (52%) A-V:  0.000
AV: 00:00:06 / 00:00:12 (52%) A-V:  0.000
AV: 00:00:06 / 00:00:12 (53%) A-V:  0.000
AV: 00:00:06 / 00:00:12 (53%) A-V:  0.000 Dropped: 1
AV: 00:00:06 / 00:00:12 (53%) A-V:  0.000
AV: 00:00:06 / 00:00:12 (54%) A-V:  0.000
AV: 00:00:06 / 00:00:12 (54%) A-V:  0.000 Dropped: 1
AV: 00:00:06 / 00:00:12 (54%) A-V:  0.000
AV: 00:00:06 / 00:00:12 (55%) A-V:  0.000
AV: 00:00:06 / 00:00:12 (55%) A-V:  0.000 Dropped: 1
AV: 00:00:06 / 00:00:12 (55%) A-V:  0.000
AV: 00:00:06 / 00:00:12 (56%) A-V:  0.000 Dropped: 1
AV: 00:00:06 / 00:00:12 (56%) A-V:  0.000
AV: 00:00:06 / 00:00:12 (56%) A-V:  0.000
AV: 00:00:06 / 00:00:12 (57%) A-V:  0.000 Dropped: 1
AV: 00:00:06 / 00:00:12 (57%) A-V:  0.000
AV: 00:00:07 / 00:00:12 (57%) A-V:  0.000 Dropped: 1
AV: 00:00:07 / 00:00:12 (57%) A-V:  0.000
AV: 00:00:06 / 00:00:12 (57%) A-V:  0.000
AV: 00:00:07 / 00:00:12 (57%) A-V:  0.000
AV: 00:00:07 / 00:00:12 (58%) A-V:  0.000 Dropped: 1
AV: 00:00:07 / 00:00:12 (58%) A-V:  0.000
AV: 00:00:07 / 00:00:12 (58%) A-V:  0.000
AV: 00:00:07 / 00:00:12 (59%) A-V:  0.000
AV: 00:00:07 / 00:00:12 (59%) A-V:  0.000 Dropped: 1
AV: 00:00:07 / 00:00:12 (59%) A-V:  0.000
AV: 00:00:07 / 00:00:12 (60%) A-V:  0.000
AV: 00:00:07 / 00:00:12 (60%) A-V:  0.000 Dropped: 1
AV: 00:00:07 / 00:00:12 (60%) A-V:  0.000
AV: 00:00:07 / 00:00:12 (61%) A-V:  0.000
AV: 00:00:07 / 00:00:12 (61%) A-V:  0.000 Dropped: 1
AV: 00:00:07 / 00:00:12 (61%) A-V:  0.000
AV: 00:00:07 / 00:00:12 (62%) A-V:  0.000
AV: 00:00:07 / 00:00:12 (62%) A-V:  0.000 Dropped: 1
AV: 00:00:07 / 00:00:12 (62%) A-V:  0.000
AV: 00:00:07 / 00:00:12 (63%) A-V:  0.000
AV: 00:00:07 / 00:00:12 (63%) A-V:  0.000 Dropped: 1
AV: 00:00:07 / 00:00:12 (63%) A-V:  0.000
AV: 00:00:07 / 00:00:12 (64%) A-V:  0.000
AV: 00:00:07 / 00:00:12 (64%) A-V:  0.000 Dropped: 1
AV: 00:00:07 / 00:00:12 (64%) A-V:  0.000
AV: 00:00:07 / 00:00:12 (65%) A-V:  0.000
AV: 00:00:07 / 00:00:12 (65%) A-V:  0.000 Dropped: 1
AV: 00:00:07 / 00:00:12 (65%) A-V:  0.000
AV: 00:00:08 / 00:00:12 (65%) A-V:  0.000
AV: 00:00:08 / 00:00:12 (65%) A-V:  0.000 Dropped: 1
AV: 00:00:08 / 00:00:12 (65%) A-V:  0.000
AV: 00:00:08 / 00:00:12 (66%) A-V:  0.000
AV: 00:00:08 / 00:00:12 (66%) A-V:  0.000 Dropped: 1
AV: 00:00:08 / 00:00:12 (66%) A-V:  0.000
AV: 00:00:08 / 00:00:12 (67%) A-V:  0.000 Dropped: 1
AV: 00:00:08 / 00:00:12 (67%) A-V:  0.000
AV: 00:00:08 / 00:00:12 (67%) A-V:  0.000
AV: 00:00:08 / 00:00:12 (68%) A-V:  0.000 Dropped: 1
AV: 00:00:08 / 00:00:12 (68%) A-V:  0.000
AV: 00:00:08 / 00:00:12 (68%) A-V:  0.000
AV: 00:00:08 / 00:00:12 (69%) A-V:  0.000
AV: 00:00:08 / 00:00:12 (69%) A-V:  0.000 Dropped: 1
AV: 00:00:08 / 00:00:12 (69%) A-V:  0.000
AV: 00:00:08 / 00:00:12 (70%) A-V:  0.000
AV: 00:00:08 / 00:00:12 (70%) A-V:  0.000 Dropped: 1
AV: 00:00:08 / 00:00:12 (70%) A-V:  0.000
AV: 00:00:08 / 00:00:12 (71%) A-V:  0.000
AV: 00:00:08 / 00:00:12 (71%) A-V:  0.000 Dropped: 1
AV: 00:00:08 / 00:00:12 (71%) A-V:  0.000
AV: 00:00:08 / 00:00:12 (72%) A-V:  0.000
AV: 00:00:08 / 00:00:12 (72%) A-V:  0.000 Dropped: 1
AV: 00:00:08 / 00:00:12 (72%) A-V:  0.000
AV: 00:00:08 / 00:00:12 (73%) A-V:  0.000 Dropped: 1
AV: 00:00:08 / 00:00:12 (73%) A-V:  0.000
AV: 00:00:08 / 00:00:12 (73%) A-V:  0.000
AV: 00:00:09 / 00:00:12 (73%) A-V:  0.000
AV: 00:00:09 / 00:00:12 (73%) A-V:  0.000 Dropped: 1
AV: 00:00:09 / 00:00:12 (74%) A-V:  0.000 Dropped: 1
AV: 00:00:09 / 00:00:12 (74%) A-V:  0.000
AV: 00:00:09 / 00:00:12 (73%) A-V:  0.000
AV: 00:00:09 / 00:00:12 (74%) A-V:  0.000
AV: 00:00:09 / 00:00:12 (75%) A-V:  0.000
AV: 00:00:09 / 00:00:12 (75%) A-V:  0.000 Dropped: 1
AV: 00:00:09 / 00:00:12 (75%) A-V:  0.000
AV: 00:00:09 / 00:00:12 (76%) A-V:  0.000 Dropped: 1
AV: 00:00:09 / 00:00:12 (76%) A-V:  0.000
AV: 00:00:09 / 00:00:12 (76%) A-V:  0.000
AV: 00:00:09 / 00:00:12 (77%) A-V:  0.000 Dropped: 1
AV: 00:00:09 / 00:00:12 (77%) A-V:  0.000
AV: 00:00:09 / 00:00:12 (77%) A-V:  0.000
AV: 00:00:09 / 00:00:12 (78%) A-V:  0.000
AV: 00:00:09 / 00:00:12 (78%) A-V:  0.000 Dropped: 1
AV: 00:00:09 / 00:00:12 (78%) A-V:  0.000
AV: 00:00:09 / 00:00:12 (79%) A-V:  0.000 Dropped: 1
AV: 00:00:09 / 00:00:12 (79%) A-V:  0.000
AV: 00:00:09 / 00:00:12 (79%) A-V:  0.000
AV: 00:00:09 / 00:00:12 (80%) A-V:  0.000
AV: 00:00:09 / 00:00:12 (80%) A-V:  0.000 Dropped: 1
AV: 00:00:09 / 00:00:12 (80%) A-V:  0.000
AV: 00:00:09 / 00:00:12 (81%) A-V:  0.000
AV: 00:00:09 / 00:00:12 (81%) A-V:  0.000 Dropped: 1
AV: 00:00:09 / 00:00:12 (81%) A-V:  0.000
AV: 00:00:10 / 00:00:12 (81%) A-V:  0.000 Dropped: 1
AV: 00:00:10 / 00:00:12 (81%) A-V:  0.000
AV: 00:00:10 / 00:00:12 (82%) A-V:  0.000 Dropped: 1
AV: 00:00:10 / 00:00:12 (82%) A-V:  0.000
AV: 00:00:10 / 00:00:12 (81%) A-V:  0.000
AV: 00:00:10 / 00:00:12 (82%) A-V:  0.000
AV: 00:00:10 / 00:00:12 (83%) A-V:  0.000
AV: 00:00:10 / 00:00:12 (83%) A-V:  0.000 Dropped: 1
AV: 00:00:10 / 00:00:12 (83%) A-V:  0.000
AV: 00:00:10 / 00:00:12 (84%) A-V:  0.000
AV: 00:00:10 / 00:00:12 (84%) A-V:  0.000 Dropped: 1
AV: 00:00:10 / 00:00:12 (84%) A-V:  0.000
AV: 00:00:10 / 00:00:12 (85%) A-V:  0.000 Dropped: 1
AV: 00:00:10 / 00:00:12 (85%) A-V:  0.000
AV: 00:00:10 / 00:00:12 (85%) A-V:  0.000
AV: 00:00:10 / 00:00:12 (86%) A-V:  0.000
AV: 00:00:10 / 00:00:12 (86%) A-V:  0.000 Dropped: 1
AV: 00:00:10 / 00:00:12 (86%) A-V:  0.000
AV: 00:00:10 / 00:00:12 (87%) A-V:  0.000 Dropped: 1
AV: 00:00:10 / 00:00:12 (87%) A-V:  0.000
AV: 00:00:10 / 00:00:12 (87%) A-V:  0.000
AV: 00:00:10 / 00:00:12 (88%) A-V:  0.000
AV: 00:00:10 / 00:00:12 (88%) A-V:  0.000 Dropped: 1
AV: 00:00:10 / 00:00:12 (88%) A-V:  0.000
AV: 00:00:10 / 00:00:12 (89%) A-V:  0.000 Dropped: 1
AV: 00:00:10 / 00:00:12 (89%) A-V:  0.000
AV: 00:00:10 / 00:00:12 (89%) A-V:  0.000
AV: 00:00:11 / 00:00:12 (90%) A-V:  0.000 Dropped: 1
AV: 00:00:11 / 00:00:12 (90%) A-V:  0.000
AV: 00:00:11 / 00:00:12 (90%) A-V:  0.000
AV: 00:00:11 / 00:00:12 (91%) A-V:  0.000
AV: 00:00:11 / 00:00:12 (91%) A-V:  0.000 Dropped: 1
AV: 00:00:11 / 00:00:12 (91%) A-V:  0.000
AV: 00:00:11 / 00:00:12 (92%) A-V:  0.000 Dropped: 1
AV: 00:00:11 / 00:00:12 (92%) A-V:  0.000
AV: 00:00:11 / 00:00:12 (92%) A-V:  0.000
AV: 00:00:11 / 00:00:12 (93%) A-V:  0.000
AV: 00:00:11 / 00:00:12 (93%) A-V:  0.000 Dropped: 1
AV: 00:00:11 / 00:00:12 (93%) A-V:  0.000
AV: 00:00:11 / 00:00:12 (94%) A-V:  0.000 Dropped: 1
AV: 00:00:11 / 00:00:12 (94%) A-V:  0.000
AV: 00:00:11 / 00:00:12 (94%) A-V:  0.000
AV: 00:00:11 / 00:00:12 (95%) A-V:  0.000
AV: 00:00:11 / 00:00:12 (95%) A-V:  0.000 Dropped: 1
AV: 00:00:11 / 00:00:12 (95%) A-V:  0.000
AV: 00:00:11 / 00:00:12 (96%) A-V:  0.000 Dropped: 1
AV: 00:00:11 / 00:00:12 (96%) A-V:  0.000
AV: 00:00:11 / 00:00:12 (96%) A-V:  0.000
AV: 00:00:11 / 00:00:12 (97%) A-V:  0.000
AV: 00:00:11 / 00:00:12 (97%) A-V:  0.000 Dropped: 1
AV: 00:00:11 / 00:00:12 (97%) A-V:  0.000
AV: 00:00:12 / 00:00:12 (98%) A-V:  0.000
AV: 00:00:12 / 00:00:12 (98%) A-V:  0.000 Dropped: 1
AV: 00:00:12 / 00:00:12 (98%) A-V:  0.000
AV: 00:00:12 / 00:00:12 (99%) A-V:  0.000
AV: 00:00:12 / 00:00:12 (99%) A-V:  0.000 Dropped: 1
AV: 00:00:12 / 00:00:12 (99%) A-V:  0.000
AV: 00:00:00 / 00:00:12 (0%) A-V:  0.000
AV: 00:00:00 / 00:00:12 (0%) A-V:  0.000
AV: 00:00:00 / 00:00:12 (0%) A-V:  0.000
AV: 00:00:00 / 00:00:12 (1%) A-V:  0.000
AV: 00:00:00 / 00:00:12 (1%) A-V:  0.000
AV: 00:00:00 / 00:00:12 (1%) A-V:  0.000
AV: 00:00:00 / 00:00:12 (2%) A-V:  0.000
AV: 00:00:00 / 00:00:12 (2%) A-V:  0.000
AV: 00:00:00 / 00:00:12 (2%) A-V:  0.000
AV: 00:00:00 / 00:00:12 (3%) A-V:  0.000
AV: 00:00:00 / 00:00:12 (3%) A-V:  0.000
AV: 00:00:00 / 00:00:12 (3%) A-V:  0.000
AV: 00:00:00 / 00:00:12 (4%) A-V:  0.000
AV: 00:00:00 / 00:00:12 (4%) A-V:  0.000
AV: 00:00:00 / 00:00:12 (4%) A-V:  0.000
AV: 00:00:00 / 00:00:12 (5%) A-V:  0.000
AV: 00:00:00 / 00:00:12 (5%) A-V:  0.000
AV: 00:00:00 / 00:00:12 (5%) A-V:  0.000
AV: 00:00:00 / 00:00:12 (6%) A-V:  0.000
AV: 00:00:00 / 00:00:12 (6%) A-V:  0.000
AV: 00:00:00 / 00:00:12 (6%) A-V:  0.000
AV: 00:00:00 / 00:00:12 (7%) A-V:  0.000
AV: 00:00:00 / 00:00:12 (7%) A-V:  0.000
AV: 00:00:00 / 00:00:12 (7%) A-V:  0.000
AV: 00:00:00 / 00:00:12 (8%) A-V:  0.000
AV: 00:00:00 / 00:00:12 (8%) A-V:  0.000
AV: 00:00:00 / 00:00:12 (8%) A-V:  0.034
AV: 00:00:00 / 00:00:12 (7%) A-V:  0.064
AV: 00:00:00 / 00:00:12 (8%) A-V:  0.076
AV: 00:00:00 / 00:00:12 (8%) A-V:  0.064
AV: 00:00:00 / 00:00:12 (8%) A-V:  0.099
AV: 00:00:00 / 00:00:12 (8%) A-V:  0.113
AV: 00:00:01 / 00:00:12 (8%) A-V:  0.076
AV: 00:00:01 / 00:00:12 (8%) A-V:  0.112
AV: 00:00:01 / 00:00:12 (8%) A-V:  0.151
AV: 00:00:00 / 00:00:12 (8%) A-V:  0.182
AV: 00:00:01 / 00:00:12 (8%) A-V:  0.178
AV: 00:00:01 / 00:00:12 (8%) A-V:  0.201
AV: 00:00:01 / 00:00:12 (8%) A-V:  0.182
AV: 00:00:01 / 00:00:12 (8%) A-V:  0.214
AV: 00:00:01 / 00:00:12 (9%) A-V:  0.178
AV: 00:00:01 / 00:00:12 (8%) A-V:  0.207 Dropped: 1
AV: 00:00:01 / 00:00:12 (9%) A-V:  0.174 Dropped: 2
AV: 00:00:01 / 00:00:12 (9%) A-V:  0.141 Dropped: 3
AV: 00:00:01 / 00:00:12 (9%) A-V:  0.108 Dropped: 4
AV: 00:00:01 / 00:00:12 (9%) A-V:  0.075 Dropped: 5
AV: 00:00:01 / 00:00:12 (10%) A-V:  0.041 Dropped: 6
AV: 00:00:01 / 00:00:12 (9%) A-V:  0.201
AV: 00:00:01 / 00:00:12 (10%) A-V:  0.008 Dropped: 7
AV: 00:00:01 / 00:00:12 (10%) A-V:  0.000 Dropped: 7
AV: 00:00:01 / 00:00:12 (9%) A-V:  0.252 Dropped: 1
AV: 00:00:01 / 00:00:12 (9%) A-V:  0.219 Dropped: 2
AV: 00:00:01 / 00:00:12 (9%) A-V:  0.186 Dropped: 3
AV: 00:00:01 / 00:00:12 (9%) A-V:  0.153 Dropped: 4
AV: 00:00:01 / 00:00:12 (10%) A-V:  0.120 Dropped: 5
AV: 00:00:01 / 00:00:12 (10%) A-V:  0.086 Dropped: 6
AV: 00:00:01 / 00:00:12 (10%) A-V:  0.053 Dropped: 7
AV: 00:00:01 / 00:00:12 (11%) A-V:  0.020 Dropped: 8
AV: 00:00:01 / 00:00:12 (11%) A-V:  0.000 Dropped: 9
AV: 00:00:01 / 00:00:12 (11%) A-V:  0.000 Dropped: 7
AV: 00:00:01 / 00:00:12 (9%) A-V:  0.276 Dropped: 1
AV: 00:00:01 / 00:00:12 (9%) A-V:  0.243 Dropped: 2
AV: 00:00:01 / 00:00:12 (9%) A-V:  0.210 Dropped: 3
AV: 00:00:01 / 00:00:12 (9%) A-V:  0.177 Dropped: 4
AV: 00:00:01 / 00:00:12 (10%) A-V:  0.144 Dropped: 5
AV: 00:00:01 / 00:00:12 (10%) A-V:  0.111 Dropped: 6
AV: 00:00:01 / 00:00:12 (10%) A-V:  0.077 Dropped: 7
AV: 00:00:01 / 00:00:12 (11%) A-V:  0.044 Dropped: 8
AV: 00:00:01 / 00:00:12 (11%) A-V:  0.012 Dropped: 9
AV: 00:00:01 / 00:00:12 (11%) A-V:  0.000 Dropped: 9
AV: 00:00:01 / 00:00:12 (11%) A-V:  0.056 Dropped: 7
AV: 00:00:01 / 00:00:12 (11%) A-V:  0.010 Dropped: 10
AV: 00:00:01 / 00:00:12 (12%) A-V:  0.000 Dropped: 10
AV: 00:00:01 / 00:00:12 (12%) A-V:  0.000 Dropped: 9
AV: 00:00:01 / 00:00:12 (11%) A-V:  0.060 Dropped: 7
AV: 00:00:01 / 00:00:12 (12%) A-V:  0.022 Dropped: 10
AV: 00:00:01 / 00:00:12 (12%) A-V:  0.000 Dropped: 11
AV: 00:00:01 / 00:00:12 (12%) A-V:  0.008 Dropped: 10
AV: 00:00:01 / 00:00:12 (12%) A-V:  0.000 Dropped: 10
AV: 00:00:01 / 00:00:12 (11%) A-V:  0.109 Dropped: 8
AV: 00:00:01 / 00:00:12 (11%) A-V:  0.076 Dropped: 9
AV: 00:00:01 / 00:00:12 (12%) A-V:  0.042 Dropped: 10
AV: 00:00:01 / 00:00:12 (12%) A-V:  0.009 Dropped: 11
AV: 00:00:01 / 00:00:12 (12%) A-V:  0.000 Dropped: 11
AV: 00:00:01 / 00:00:12 (13%) A-V:  0.000 Dropped: 11
AV: 00:00:01 / 00:00:12 (12%) A-V:  0.017 Dropped: 10
AV: 00:00:01 / 00:00:12 (13%) A-V:  0.000 Dropped: 11
AV: 00:00:01 / 00:00:12 (13%) A-V:  0.017 Dropped: 11
AV: 00:00:01 / 00:00:12 (13%) A-V:  0.000 Dropped: 12
AV: 00:00:01 / 00:00:12 (14%) A-V:  0.000 Dropped: 12
AV: 00:00:01 / 00:00:12 (14%) A-V:  0.000 Dropped: 11
AV: 00:00:01 / 00:00:12 (14%) A-V:  0.000 Dropped: 11
AV: 00:00:01 / 00:00:12 (15%) A-V:  0.000 Dropped: 11
AV: 00:00:01 / 00:00:12 (15%) A-V:  0.000 Dropped: 12
AV: 00:00:01 / 00:00:12 (15%) A-V:  0.000 Dropped: 11
Exiting... (Quit)

Exiting... (Quit)

Exiting... (Quit)
mpv died, exit status 4
mpv died, exit status 4
mpv died, exit status 4
