/home/francois/Videos/i3-video-wallpaper-main/play_video: line 86: /var/run/user/1001/vwp.pid: No such file or directory
xwinwrap: window type - override
Failed to recognize file format.
Exiting... (Errors when loading file)
mpv died, exit status 2
xwinwrap: window type - override
Failed to recognize file format.
Exiting... (Errors when loading file)
mpv died, exit status 2
/home/francois/Videos/i3-video-wallpaper-main/play_video: line 86: /var/run/user/1001/vwp.pid: No such file or directory
xwinwrap: window type - override
xwinwrap: window type - override
xwinwrap: window type - override
Failed to recognize file format.
Exiting... (Errors when loading file)
Failed to recognize file format.
Exiting... (Errors when loading file)
Failed to recognize file format.
Exiting... (Errors when loading file)
mpv died, exit status 2
mpv died, exit status 2
mpv died, exit status 2
/home/francois/Videos/i3-video-wallpaper-main/play_video: line 204: Videos/Silence: No such file or directory
ERROR: The video path  is empty.
xwinwrap: window type - override
xwinwrap: window type - override
xwinwrap: window type - override
 (+) Video --vid=1 (*) (h264 1280x720 30.000fps)
 (+) Audio --aid=1 --alang=eng (*) (aac 2ch 44100Hz)
 (+) Video --vid=1 (*) (h264 1280x720 30.000fps)
 (+) Audio --aid=1 --alang=eng (*) (aac 2ch 44100Hz)
 (+) Video --vid=1 (*) (h264 1280x720 30.000fps)
 (+) Audio --aid=1 --alang=eng (*) (aac 2ch 44100Hz)
AO: [pipewire] 44100Hz stereo 2ch floatp
VO: [gpu] 1280x720 yuv420p
AO: [pipewire] 44100Hz stereo 2ch floatp
VO: [gpu] 1280x720 yuv420p
AO: [pipewire] 44100Hz stereo 2ch floatp
VO: [gpu] 1280x720 yuv420p
AV: 00:00:00 / 00:00:12 (0%) A-V: -0.033AV: 00:00:00 / 00:00:12 (0%) A-V: -0.033
AV: 00:00:00 / 00:00:12 (0%) A-V: -0.030AV: 00:00:00 / 00:00:12 (0%) A-V: -0.033
AV: 00:00:00 / 00:00:12 (0%) A-V: -0.033 Dropped: 1
AV: 00:00:00 / 00:00:12 (0%) A-V: -0.030 Dropped: 1
AV: 00:00:00 / 00:00:12 (1%) A-V: -0.027
AV: 00:00:00 / 00:00:12 (0%) A-V: -0.033 Dropped: 1
AV: 00:00:00 / 00:00:12 (0%) A-V: -0.030 Dropped: 1
AV: 00:00:00 / 00:00:12 (1%) A-V: -0.024
AV: 00:00:00 / 00:00:12 (1%) A-V: -0.027 Dropped: 1
AV: 00:00:00 / 00:00:12 (1%) A-V: -0.022
AV: 00:00:00 / 00:00:12 (1%) A-V: -0.024 Dropped: 1
AV: 00:00:00 / 00:00:12 (1%) A-V: -0.027 Dropped: 1
AV: 00:00:00 / 00:00:12 (1%) A-V: -0.020
AV: 00:00:00 / 00:00:12 (1%) A-V: -0.022 Dropped: 1
AV: 00:00:00 / 00:00:12 (1%) A-V: -0.024 Dropped: 1
AV: 00:00:00 / 00:00:12 (2%) A-V: -0.018
AV: 00:00:00 / 00:00:12 (1%) A-V: -0.020 Dropped: 1
AV: 00:00:00 / 00:00:12 (1%) A-V: -0.022 Dropped: 1
AV: 00:00:00 / 00:00:12 (2%) A-V: -0.016
AV: 00:00:00 / 00:00:12 (2%) A-V: -0.020 Dropped: 1
AV: 00:00:00 / 00:00:12 (2%) A-V: -0.018 Dropped: 1
AV: 00:00:00 / 00:00:12 (1%) A-V: -0.020 Dropped: 1
AV: 00:00:00 / 00:00:12 (2%) A-V: -0.014
AV: 00:00:00 / 00:00:12 (2%) A-V: -0.016 Dropped: 1
AV: 00:00:00 / 00:00:12 (2%) A-V: -0.018 Dropped: 1
AV: 00:00:00 / 00:00:12 (2%) A-V: -0.013
AV: 00:00:00 / 00:00:12 (2%) A-V: -0.014 Dropped: 1
AV: 00:00:00 / 00:00:12 (2%) A-V: -0.016 Dropped: 1
AV: 00:00:00 / 00:00:12 (3%) A-V: -0.012
AV: 00:00:00 / 00:00:12 (2%) A-V: -0.013 Dropped: 1
AV: 00:00:00 / 00:00:12 (2%) A-V: -0.014 Dropped: 1
AV: 00:00:00 / 00:00:12 (3%) A-V: -0.010
AV: 00:00:00 / 00:00:12 (3%) A-V: -0.012 Dropped: 1
AV: 00:00:00 / 00:00:12 (2%) A-V: -0.013 Dropped: 1
AV: 00:00:00 / 00:00:12 (3%) A-V: -0.009
AV: 00:00:00 / 00:00:12 (3%) A-V: -0.010 Dropped: 1
AV: 00:00:00 / 00:00:12 (3%) A-V: -0.012 Dropped: 1
AV: 00:00:00 / 00:00:12 (4%) A-V: -0.008
AV: 00:00:00 / 00:00:12 (3%) A-V: -0.009 Dropped: 1
AV: 00:00:00 / 00:00:12 (3%) A-V: -0.010 Dropped: 1
AV: 00:00:00 / 00:00:12 (4%) A-V: -0.008 Dropped: 1
AV: 00:00:00 / 00:00:12 (3%) A-V: -0.009 Dropped: 1
AV: 00:00:00 / 00:00:12 (4%) A-V: -0.007
AV: 00:00:00 / 00:00:12 (4%) A-V: -0.008 Dropped: 1
AV: 00:00:00 / 00:00:12 (4%) A-V: -0.006
AV: 00:00:00 / 00:00:12 (4%) A-V: -0.007 Dropped: 1
AV: 00:00:00 / 00:00:12 (5%) A-V: -0.006
AV: 00:00:00 / 00:00:12 (4%) A-V: -0.006 Dropped: 1
AV: 00:00:00 / 00:00:12 (4%) A-V: -0.007 Dropped: 1
AV: 00:00:00 / 00:00:12 (5%) A-V: -0.005
AV: 00:00:00 / 00:00:12 (5%) A-V: -0.006 Dropped: 1
AV: 00:00:00 / 00:00:12 (4%) A-V: -0.006 Dropped: 1
AV: 00:00:00 / 00:00:12 (5%) A-V: -0.004
AV: 00:00:00 / 00:00:12 (5%) A-V: -0.005 Dropped: 1
AV: 00:00:00 / 00:00:12 (5%) A-V: -0.006 Dropped: 1
AV: 00:00:00 / 00:00:12 (5%) A-V: -0.004 Dropped: 1
AV: 00:00:00 / 00:00:12 (5%) A-V: -0.005 Dropped: 1
AV: 00:00:00 / 00:00:12 (6%) A-V: -0.004
AV: 00:00:00 / 00:00:12 (5%) A-V: -0.004 Dropped: 1
AV: 00:00:00 / 00:00:12 (6%) A-V: -0.003
AV: 00:00:00 / 00:00:12 (6%) A-V: -0.004 Dropped: 1
AV: 00:00:00 / 00:00:12 (6%) A-V: -0.003 Dropped: 1
AV: 00:00:00 / 00:00:12 (6%) A-V: -0.004 Dropped: 1
AV: 00:00:00 / 00:00:12 (6%) A-V: -0.003 Dropped: 1
AV: 00:00:00 / 00:00:12 (7%) A-V: -0.003
AV: 00:00:00 / 00:00:12 (7%) A-V: -0.002
AV: 00:00:00 / 00:00:12 (7%) A-V: -0.003 Dropped: 1
AV: 00:00:00 / 00:00:12 (7%) A-V: -0.002 Dropped: 1
AV: 00:00:00 / 00:00:12 (7%) A-V: -0.003 Dropped: 1
AV: 00:00:00 / 00:00:12 (7%) A-V: -0.002 Dropped: 1
AV: 00:00:00 / 00:00:12 (8%) A-V: -0.002
AV: 00:00:00 / 00:00:12 (8%) A-V: -0.002 Dropped: 1
AV: 00:00:01 / 00:00:12 (8%) A-V: -0.001
AV: 00:00:00 / 00:00:12 (8%) A-V: -0.002 Dropped: 1
AV: 00:00:01 / 00:00:12 (8%) A-V: -0.001 Dropped: 1
AV: 00:00:01 / 00:00:12 (9%) A-V: -0.001
AV: 00:00:01 / 00:00:12 (8%) A-V: -0.001 Dropped: 1
AV: 00:00:01 / 00:00:12 (9%) A-V: -0.001 Dropped: 1
AV: 00:00:01 / 00:00:12 (9%) A-V:  0.003 Dropped: 1
AV: 00:00:01 / 00:00:12 (9%) A-V:  0.008 Dropped: 1
AV: 00:00:01 / 00:00:12 (10%) A-V:  0.004
AV: 00:00:01 / 00:00:12 (9%) A-V:  0.007 Dropped: 1
AV: 00:00:01 / 00:00:12 (9%) A-V:  0.017 Dropped: 1
AV: 00:00:01 / 00:00:12 (10%) A-V:  0.016
AV: 00:00:01 / 00:00:12 (10%) A-V:  0.019 Dropped: 1
AV: 00:00:01 / 00:00:12 (9%) A-V:  0.045 Dropped: 1
AV: 00:00:01 / 00:00:12 (10%) A-V:  0.041
AV: 00:00:01 / 00:00:12 (10%) A-V:  0.044 Dropped: 1
AV: 00:00:01 / 00:00:12 (10%) A-V:  0.055 Dropped: 2
AV: 00:00:01 / 00:00:12 (10%) A-V:  0.022 Dropped: 3
AV: 00:00:01 / 00:00:12 (10%) A-V: -0.001 Dropped: 4
AV: 00:00:01 / 00:00:12 (11%) A-V: -0.001 Dropped: 4
AV: 00:00:01 / 00:00:12 (11%) A-V:  0.052 Dropped: 1
AV: 00:00:01 / 00:00:12 (11%) A-V:  0.020 Dropped: 2
AV: 00:00:01 / 00:00:12 (11%) A-V: -0.000 Dropped: 3
AV: 00:00:01 / 00:00:12 (10%) A-V:  0.057 Dropped: 1
AV: 00:00:01 / 00:00:12 (11%) A-V: -0.000 Dropped: 4
AV: 00:00:01 / 00:00:12 (12%) A-V: -0.000 Dropped: 3
AV: 00:00:01 / 00:00:12 (11%) A-V:  0.062 Dropped: 1
AV: 00:00:01 / 00:00:12 (11%) A-V:  0.059 Dropped: 1
AV: 00:00:01 / 00:00:12 (11%) A-V:  0.059 Dropped: 2
AV: 00:00:01 / 00:00:12 (11%) A-V:  0.026 Dropped: 3
AV: 00:00:01 / 00:00:12 (12%) A-V: -0.000 Dropped: 4
AV: 00:00:01 / 00:00:12 (12%) A-V: -0.000 Dropped: 4
AV: 00:00:01 / 00:00:12 (13%) A-V: -0.000 Dropped: 3
AV: 00:00:01 / 00:00:12 (13%) A-V: -0.000 Dropped: 4
AV: 00:00:01 / 00:00:12 (13%) A-V: -0.000 Dropped: 4
AV: 00:00:01 / 00:00:12 (14%) A-V: -0.000 Dropped: 3
AV: 00:00:01 / 00:00:12 (13%) A-V:  0.002 Dropped: 4
AV: 00:00:01 / 00:00:12 (14%) A-V: -0.000 Dropped: 4
AV: 00:00:01 / 00:00:12 (13%) A-V:  0.001 Dropped: 5
AV: 00:00:01 / 00:00:12 (14%) A-V: -0.000 Dropped: 5
AV: 00:00:01 / 00:00:12 (14%) A-V:  0.003 Dropped: 3
AV: 00:00:01 / 00:00:12 (14%) A-V:  0.016 Dropped: 4
AV: 00:00:01 / 00:00:12 (14%) A-V:  0.021 Dropped: 3
AV: 00:00:01 / 00:00:12 (14%) A-V:  0.021 Dropped: 4
AV: 00:00:01 / 00:00:12 (15%) A-V:  0.019 Dropped: 3
AV: 00:00:01 / 00:00:12 (14%) A-V:  0.024 Dropped: 4
AV: 00:00:01 / 00:00:12 (15%) A-V:  0.025 Dropped: 3
AV: 00:00:01 / 00:00:12 (15%) A-V:  0.024 Dropped: 5
AV: 00:00:01 / 00:00:12 (15%) A-V: -0.000 Dropped: 6
AV: 00:00:01 / 00:00:12 (15%) A-V: -0.000 Dropped: 5
AV: 00:00:01 / 00:00:12 (15%) A-V:  0.020 Dropped: 4
AV: 00:00:01 / 00:00:12 (15%) A-V: -0.000 Dropped: 5
AV: 00:00:01 / 00:00:12 (16%) A-V: -0.000 Dropped: 5
AV: 00:00:01 / 00:00:12 (16%) A-V: -0.000 Dropped: 6
AV: 00:00:02 / 00:00:12 (16%) A-V: -0.000 Dropped: 5
AV: 00:00:01 / 00:00:12 (16%) A-V: -0.000 Dropped: 5
AV: 00:00:02 / 00:00:12 (16%) A-V: -0.000 Dropped: 6
AV: 00:00:02 / 00:00:12 (17%) A-V: -0.000 Dropped: 5
AV: 00:00:02 / 00:00:12 (17%) A-V: -0.000 Dropped: 6
AV: 00:00:02 / 00:00:12 (16%) A-V: -0.000 Dropped: 5
AV: 00:00:02 / 00:00:12 (17%) A-V:  0.000 Dropped: 5
AV: 00:00:02 / 00:00:12 (17%) A-V: -0.000 Dropped: 5
AV: 00:00:02 / 00:00:12 (17%) A-V: -0.000 Dropped: 5
AV: 00:00:02 / 00:00:12 (18%) A-V: -0.000 Dropped: 5
AV: 00:00:02 / 00:00:12 (18%) A-V: -0.000 Dropped: 6
AV: 00:00:02 / 00:00:12 (18%) A-V: -0.000 Dropped: 5
AV: 00:00:02 / 00:00:12 (19%) A-V: -0.000 Dropped: 5
AV: 00:00:02 / 00:00:12 (19%) A-V:  0.000 Dropped: 5
AV: 00:00:02 / 00:00:12 (19%) A-V: -0.000 Dropped: 6
AV: 00:00:02 / 00:00:12 (19%) A-V: -0.000 Dropped: 5
AV: 00:00:02 / 00:00:12 (20%) A-V:  0.000 Dropped: 5
AV: 00:00:02 / 00:00:12 (19%) A-V:  0.000 Dropped: 6
AV: 00:00:02 / 00:00:12 (19%) A-V:  0.000 Dropped: 5
AV: 00:00:02 / 00:00:12 (20%) A-V: -0.000 Dropped: 5
AV: 00:00:02 / 00:00:12 (20%) A-V:  0.000 Dropped: 6
AV: 00:00:02 / 00:00:12 (19%) A-V: -0.000 Dropped: 5
AV: 00:00:02 / 00:00:12 (20%) A-V:  0.000 Dropped: 5
AV: 00:00:02 / 00:00:12 (20%) A-V:  0.000 Dropped: 5
AV: 00:00:02 / 00:00:12 (20%) A-V:  0.003 Dropped: 5
AV: 00:00:02 / 00:00:12 (20%) A-V:  0.012 Dropped: 6
AV: 00:00:02 / 00:00:12 (21%) A-V:  0.003 Dropped: 5
AV: 00:00:02 / 00:00:12 (20%) A-V:  0.045 Dropped: 5
AV: 00:00:02 / 00:00:12 (21%) A-V:  0.046 Dropped: 5
AV: 00:00:02 / 00:00:12 (20%) A-V:  0.052 Dropped: 6
AV: 00:00:02 / 00:00:12 (20%) A-V:  0.068 Dropped: 5
AV: 00:00:02 / 00:00:12 (21%) A-V:  0.066 Dropped: 5
AV: 00:00:02 / 00:00:12 (21%) A-V:  0.052 Dropped: 6
AV: 00:00:02 / 00:00:12 (21%) A-V:  0.078 Dropped: 6
AV: 00:00:02 / 00:00:12 (20%) A-V:  0.082 Dropped: 5
AV: 00:00:02 / 00:00:12 (21%) A-V:  0.075 Dropped: 5
AV: 00:00:02 / 00:00:12 (21%) A-V:  0.073 Dropped: 6
AV: 00:00:02 / 00:00:12 (21%) A-V:  0.073 Dropped: 5
AV: 00:00:02 / 00:00:12 (21%) A-V:  0.065 Dropped: 5
AV: 00:00:02 / 00:00:12 (21%) A-V:  0.063 Dropped: 7
AV: 00:00:02 / 00:00:12 (21%) A-V:  0.030 Dropped: 8
AV: 00:00:02 / 00:00:12 (22%) A-V:  0.000 Dropped: 9
AV: 00:00:02 / 00:00:12 (21%) A-V:  0.081 Dropped: 5
AV: 00:00:02 / 00:00:12 (22%) A-V:  0.079 Dropped: 5
AV: 00:00:02 / 00:00:12 (21%) A-V:  0.092 Dropped: 6
AV: 00:00:02 / 00:00:12 (21%) A-V:  0.060 Dropped: 7
AV: 00:00:02 / 00:00:12 (22%) A-V:  0.027 Dropped: 8
AV: 00:00:02 / 00:00:12 (22%) A-V:  0.000 Dropped: 9
AV: 00:00:02 / 00:00:12 (22%) A-V:  0.092 Dropped: 5
AV: 00:00:02 / 00:00:12 (23%) A-V:  0.000 Dropped: 9
AV: 00:00:02 / 00:00:12 (23%) A-V:  0.000 Dropped: 9
AV: 00:00:02 / 00:00:12 (22%) A-V:  0.102 Dropped: 5
AV: 00:00:02 / 00:00:12 (23%) A-V:  0.098 Dropped: 6
AV: 00:00:02 / 00:00:12 (23%) A-V:  0.064 Dropped: 7
AV: 00:00:02 / 00:00:12 (23%) A-V:  0.031 Dropped: 8
AV: 00:00:02 / 00:00:12 (23%) A-V:  0.000 Dropped: 9
AV: 00:00:02 / 00:00:12 (24%) A-V:  0.000 Dropped: 9
AV: 00:00:02 / 00:00:12 (23%) A-V:  0.007 Dropped: 10
AV: 00:00:02 / 00:00:12 (23%) A-V:  0.000 Dropped: 10
AV: 00:00:02 / 00:00:12 (24%) A-V:  0.000 Dropped: 10
AV: 00:00:02 / 00:00:12 (24%) A-V:  0.000 Dropped: 9
AV: 00:00:03 / 00:00:12 (24%) A-V:  0.000 Dropped: 9
AV: 00:00:03 / 00:00:12 (25%) A-V:  0.000 Dropped: 9
AV: 00:00:03 / 00:00:12 (24%) A-V:  0.000 Dropped: 10
AV: 00:00:03 / 00:00:12 (25%) A-V:  0.000 Dropped: 10
AV: 00:00:03 / 00:00:12 (24%) A-V:  0.000 Dropped: 9
AV: 00:00:03 / 00:00:12 (25%) A-V:  0.000 Dropped: 9
AV: 00:00:03 / 00:00:12 (26%) A-V:  0.000 Dropped: 9
AV: 00:00:03 / 00:00:12 (26%) A-V:  0.000 Dropped: 10
AV: 00:00:03 / 00:00:12 (26%) A-V:  0.000 Dropped: 9
AV: 00:00:03 / 00:00:12 (27%) A-V:  0.000 Dropped: 9
AV: 00:00:03 / 00:00:12 (27%) A-V:  0.000 Dropped: 10
AV: 00:00:03 / 00:00:12 (27%) A-V:  0.000 Dropped: 9
AV: 00:00:03 / 00:00:12 (28%) A-V:  0.000 Dropped: 9
AV: 00:00:03 / 00:00:12 (28%) A-V:  0.000 Dropped: 10
AV: 00:00:03 / 00:00:12 (28%) A-V:  0.000 Dropped: 9
AV: 00:00:03 / 00:00:12 (29%) A-V:  0.000 Dropped: 9
AV: 00:00:03 / 00:00:12 (29%) A-V:  0.000 Dropped: 10
AV: 00:00:03 / 00:00:12 (29%) A-V:  0.000 Dropped: 9
AV: 00:00:03 / 00:00:12 (30%) A-V:  0.000 Dropped: 9
AV: 00:00:03 / 00:00:12 (30%) A-V:  0.000 Dropped: 10
AV: 00:00:03 / 00:00:12 (30%) A-V:  0.000 Dropped: 9
AV: 00:00:03 / 00:00:12 (31%) A-V:  0.000 Dropped: 9
AV: 00:00:03 / 00:00:12 (31%) A-V:  0.003 Dropped: 9
AV: 00:00:03 / 00:00:12 (30%) A-V:  0.006 Dropped: 10
AV: 00:00:03 / 00:00:12 (30%) A-V:  0.012 Dropped: 9
AV: 00:00:03 / 00:00:12 (31%) A-V:  0.006 Dropped: 9
AV: 00:00:03 / 00:00:12 (31%) A-V:  0.017 Dropped: 10
AV: 00:00:03 / 00:00:12 (30%) A-V:  0.022 Dropped: 9
AV: 00:00:03 / 00:00:12 (31%) A-V:  0.017 Dropped: 9
AV: 00:00:03 / 00:00:12 (31%) A-V:  0.015 Dropped: 10
AV: 00:00:03 / 00:00:12 (31%) A-V:  0.001 Dropped: 10
AV: 00:00:03 / 00:00:12 (32%) A-V:  0.000 Dropped: 10
AV: 00:00:03 / 00:00:12 (31%) A-V:  0.027 Dropped: 10
AV: 00:00:03 / 00:00:12 (31%) A-V:  0.000 Dropped: 11
AV: 00:00:03 / 00:00:12 (31%) A-V:  0.013 Dropped: 11
AV: 00:00:03 / 00:00:12 (31%) A-V:  0.000 Dropped: 11
AV: 00:00:03 / 00:00:12 (32%) A-V:  0.000 Dropped: 11
AV: 00:00:03 / 00:00:12 (32%) A-V:  0.000 Dropped: 11
AV: 00:00:04 / 00:00:12 (33%) A-V:  0.000 Dropped: 10
AV: 00:00:04 / 00:00:12 (33%) A-V:  0.000 Dropped: 11
AV: 00:00:04 / 00:00:12 (33%) A-V:  0.000 Dropped: 11
AV: 00:00:04 / 00:00:12 (34%) A-V:  0.000 Dropped: 10
AV: 00:00:04 / 00:00:12 (34%) A-V:  0.000 Dropped: 11
AV: 00:00:04 / 00:00:12 (34%) A-V:  0.000 Dropped: 11
AV: 00:00:04 / 00:00:12 (35%) A-V:  0.000 Dropped: 10
AV: 00:00:04 / 00:00:12 (35%) A-V:  0.000 Dropped: 11
AV: 00:00:04 / 00:00:12 (35%) A-V:  0.000 Dropped: 11
AV: 00:00:04 / 00:00:12 (36%) A-V:  0.000 Dropped: 10
AV: 00:00:04 / 00:00:12 (36%) A-V:  0.000 Dropped: 11
AV: 00:00:04 / 00:00:12 (36%) A-V:  0.000 Dropped: 11
AV: 00:00:04 / 00:00:12 (37%) A-V:  0.000 Dropped: 10
AV: 00:00:04 / 00:00:12 (37%) A-V:  0.000 Dropped: 11
AV: 00:00:04 / 00:00:12 (37%) A-V:  0.000 Dropped: 11
AV: 00:00:04 / 00:00:12 (38%) A-V:  0.000 Dropped: 10
AV: 00:00:04 / 00:00:12 (38%) A-V:  0.000 Dropped: 11
AV: 00:00:04 / 00:00:12 (38%) A-V:  0.000 Dropped: 11
AV: 00:00:04 / 00:00:12 (39%) A-V:  0.000 Dropped: 10
AV: 00:00:04 / 00:00:12 (39%) A-V:  0.000 Dropped: 11
AV: 00:00:04 / 00:00:12 (39%) A-V:  0.000 Dropped: 11
AV: 00:00:04 / 00:00:12 (40%) A-V:  0.000 Dropped: 10
AV: 00:00:04 / 00:00:12 (40%) A-V:  0.000 Dropped: 11
AV: 00:00:04 / 00:00:12 (40%) A-V:  0.000 Dropped: 11
AV: 00:00:05 / 00:00:12 (41%) A-V:  0.000 Dropped: 10
AV: 00:00:05 / 00:00:12 (41%) A-V:  0.000 Dropped: 11
AV: 00:00:05 / 00:00:12 (41%) A-V:  0.000 Dropped: 11
AV: 00:00:05 / 00:00:12 (42%) A-V:  0.000 Dropped: 10
AV: 00:00:05 / 00:00:12 (42%) A-V:  0.000 Dropped: 11
AV: 00:00:05 / 00:00:12 (42%) A-V:  0.000 Dropped: 11
AV: 00:00:05 / 00:00:12 (43%) A-V:  0.000 Dropped: 10
AV: 00:00:05 / 00:00:12 (43%) A-V:  0.000 Dropped: 11
AV: 00:00:05 / 00:00:12 (43%) A-V:  0.000 Dropped: 11
AV: 00:00:05 / 00:00:12 (44%) A-V:  0.000 Dropped: 10
AV: 00:00:05 / 00:00:12 (43%) A-V:  0.001 Dropped: 11
AV: 00:00:05 / 00:00:12 (44%) A-V:  0.000 Dropped: 11
AV: 00:00:05 / 00:00:12 (44%) A-V:  0.027 Dropped: 10
AV: 00:00:05 / 00:00:12 (44%) A-V:  0.033 Dropped: 11
AV: 00:00:05 / 00:00:12 (43%) A-V:  0.046 Dropped: 11
AV: 00:00:05 / 00:00:12 (44%) A-V:  0.055 Dropped: 10
AV: 00:00:05 / 00:00:12 (44%) A-V:  0.059 Dropped: 11
AV: 00:00:05 / 00:00:12 (44%) A-V:  0.046 Dropped: 11
AV: 00:00:05 / 00:00:12 (44%) A-V:  0.073 Dropped: 11
AV: 00:00:05 / 00:00:12 (45%) A-V:  0.055 Dropped: 10
AV: 00:00:05 / 00:00:12 (45%) A-V:  0.091 Dropped: 10
AV: 00:00:05 / 00:00:12 (44%) A-V:  0.104 Dropped: 11
AV: 00:00:05 / 00:00:12 (44%) A-V:  0.113 Dropped: 11
AV: 00:00:05 / 00:00:12 (45%) A-V:  0.121 Dropped: 10
AV: 00:00:05 / 00:00:12 (45%) A-V:  0.104 Dropped: 11
AV: 00:00:05 / 00:00:12 (45%) A-V:  0.130 Dropped: 11
AV: 00:00:05 / 00:00:12 (44%) A-V:  0.140 Dropped: 11
AV: 00:00:05 / 00:00:12 (45%) A-V:  0.145 Dropped: 10
AV: 00:00:05 / 00:00:12 (45%) A-V:  0.148 Dropped: 11
AV: 00:00:05 / 00:00:12 (45%) A-V:  0.140 Dropped: 11
AV: 00:00:05 / 00:00:12 (45%) A-V:  0.157 Dropped: 11
AV: 00:00:05 / 00:00:12 (45%) A-V:  0.166 Dropped: 10
AV: 00:00:05 / 00:00:12 (45%) A-V:  0.180 Dropped: 11
AV: 00:00:05 / 00:00:12 (46%) A-V:  0.166 Dropped: 10
AV: 00:00:05 / 00:00:12 (45%) A-V:  0.208 Dropped: 11
AV: 00:00:05 / 00:00:12 (46%) A-V:  0.226 Dropped: 10
AV: 00:00:05 / 00:00:12 (45%) A-V:  0.234 Dropped: 11
AV: 00:00:05 / 00:00:12 (45%) A-V:  0.242 Dropped: 11
AV: 00:00:05 / 00:00:12 (46%) A-V:  0.243 Dropped: 10
AV: 00:00:05 / 00:00:12 (46%) A-V:  0.245 Dropped: 11
AV: 00:00:05 / 00:00:12 (45%) A-V:  0.248 Dropped: 11
AV: 00:00:05 / 00:00:12 (46%) A-V:  0.245 Dropped: 10
AV: 00:00:05 / 00:00:12 (46%) A-V:  0.248 Dropped: 11
AV: 00:00:05 / 00:00:12 (46%) A-V:  0.244 Dropped: 10
AV: 00:00:05 / 00:00:12 (46%) A-V:  0.241 Dropped: 12
AV: 00:00:05 / 00:00:12 (46%) A-V:  0.208 Dropped: 13
AV: 00:00:05 / 00:00:12 (46%) A-V:  0.175 Dropped: 14
AV: 00:00:05 / 00:00:12 (47%) A-V:  0.142 Dropped: 15
AV: 00:00:05 / 00:00:12 (47%) A-V:  0.108 Dropped: 16
AV: 00:00:05 / 00:00:12 (47%) A-V:  0.075 Dropped: 17
AV: 00:00:05 / 00:00:12 (47%) A-V:  0.043 Dropped: 18
AV: 00:00:05 / 00:00:12 (48%) A-V:  0.010 Dropped: 19
AV: 00:00:05 / 00:00:12 (48%) A-V:  0.000 Dropped: 19
AV: 00:00:05 / 00:00:12 (46%) A-V:  0.258 Dropped: 12
AV: 00:00:05 / 00:00:12 (46%) A-V:  0.225 Dropped: 13
AV: 00:00:05 / 00:00:12 (47%) A-V:  0.192 Dropped: 14
AV: 00:00:05 / 00:00:12 (47%) A-V:  0.159 Dropped: 15
AV: 00:00:05 / 00:00:12 (47%) A-V:  0.125 Dropped: 16
AV: 00:00:05 / 00:00:12 (47%) A-V:  0.092 Dropped: 17
AV: 00:00:05 / 00:00:12 (48%) A-V:  0.059 Dropped: 18
AV: 00:00:05 / 00:00:12 (48%) A-V:  0.026 Dropped: 19
AV: 00:00:05 / 00:00:12 (48%) A-V:  0.000 Dropped: 20
AV: 00:00:05 / 00:00:12 (49%) A-V:  0.000 Dropped: 20
AV: 00:00:05 / 00:00:12 (47%) A-V:  0.249 Dropped: 11
AV: 00:00:05 / 00:00:12 (47%) A-V:  0.216 Dropped: 12
AV: 00:00:05 / 00:00:12 (47%) A-V:  0.183 Dropped: 13
AV: 00:00:05 / 00:00:12 (47%) A-V:  0.150 Dropped: 14
AV: 00:00:05 / 00:00:12 (48%) A-V:  0.116 Dropped: 15
AV: 00:00:05 / 00:00:12 (48%) A-V:  0.083 Dropped: 16
AV: 00:00:05 / 00:00:12 (48%) A-V:  0.050 Dropped: 17
AV: 00:00:05 / 00:00:12 (49%) A-V:  0.017 Dropped: 18
AV: 00:00:06 / 00:00:12 (49%) A-V:  0.000 Dropped: 19
AV: 00:00:06 / 00:00:12 (49%) A-V:  0.000 Dropped: 20
AV: 00:00:05 / 00:00:12 (49%) A-V:  0.000 Dropped: 19
AV: 00:00:06 / 00:00:12 (50%) A-V:  0.000 Dropped: 19
AV: 00:00:06 / 00:00:12 (49%) A-V:  0.000 Dropped: 19
AV: 00:00:06 / 00:00:12 (50%) A-V:  0.000 Dropped: 20
AV: 00:00:06 / 00:00:12 (50%) A-V:  0.000 Dropped: 19
AV: 00:00:06 / 00:00:12 (51%) A-V:  0.000 Dropped: 19
AV: 00:00:06 / 00:00:12 (51%) A-V:  0.000 Dropped: 20
AV: 00:00:06 / 00:00:12 (51%) A-V:  0.000 Dropped: 19
AV: 00:00:06 / 00:00:12 (52%) A-V:  0.000 Dropped: 19
AV: 00:00:06 / 00:00:12 (52%) A-V:  0.000 Dropped: 20
AV: 00:00:06 / 00:00:12 (52%) A-V:  0.000 Dropped: 19
AV: 00:00:06 / 00:00:12 (53%) A-V:  0.000 Dropped: 19
AV: 00:00:06 / 00:00:12 (53%) A-V:  0.000 Dropped: 20
AV: 00:00:06 / 00:00:12 (53%) A-V:  0.000 Dropped: 19
AV: 00:00:06 / 00:00:12 (54%) A-V:  0.000 Dropped: 19
AV: 00:00:06 / 00:00:12 (54%) A-V:  0.000 Dropped: 20
AV: 00:00:06 / 00:00:12 (54%) A-V:  0.000 Dropped: 19
AV: 00:00:06 / 00:00:12 (55%) A-V:  0.000 Dropped: 19
AV: 00:00:06 / 00:00:12 (55%) A-V:  0.000 Dropped: 20
AV: 00:00:06 / 00:00:12 (54%) A-V:  0.004 Dropped: 19
AV: 00:00:06 / 00:00:12 (55%) A-V:  0.014 Dropped: 19
AV: 00:00:06 / 00:00:12 (55%) A-V:  0.017 Dropped: 20
AV: 00:00:06 / 00:00:12 (55%) A-V:  0.004 Dropped: 19
AV: 00:00:06 / 00:00:12 (55%) A-V:  0.026 Dropped: 19
AV: 00:00:06 / 00:00:12 (55%) A-V:  0.040 Dropped: 19
AV: 00:00:06 / 00:00:12 (55%) A-V:  0.043 Dropped: 20
AV: 00:00:06 / 00:00:12 (55%) A-V:  0.049 Dropped: 19
AV: 00:00:06 / 00:00:12 (56%) A-V:  0.044 Dropped: 19
AV: 00:00:06 / 00:00:12 (55%) A-V:  0.042 Dropped: 20
AV: 00:00:06 / 00:00:12 (55%) A-V:  0.046 Dropped: 19
AV: 00:00:06 / 00:00:12 (56%) A-V:  0.042 Dropped: 19
AV: 00:00:06 / 00:00:12 (56%) A-V:  0.044 Dropped: 20
AV: 00:00:06 / 00:00:12 (55%) A-V:  0.049 Dropped: 19
AV: 00:00:06 / 00:00:12 (56%) A-V:  0.044 Dropped: 20
AV: 00:00:06 / 00:00:12 (56%) A-V:  0.011 Dropped: 21
AV: 00:00:06 / 00:00:12 (57%) A-V:  0.000 Dropped: 21
AV: 00:00:06 / 00:00:12 (56%) A-V:  0.044 Dropped: 21
AV: 00:00:06 / 00:00:12 (56%) A-V:  0.012 Dropped: 22
AV: 00:00:06 / 00:00:12 (56%) A-V:  0.000 Dropped: 22
AV: 00:00:06 / 00:00:12 (56%) A-V:  0.048 Dropped: 20
AV: 00:00:06 / 00:00:12 (56%) A-V:  0.015 Dropped: 21
AV: 00:00:06 / 00:00:12 (56%) A-V:  0.000 Dropped: 21
AV: 00:00:07 / 00:00:12 (57%) A-V:  0.000 Dropped: 21
AV: 00:00:06 / 00:00:12 (57%) A-V:  0.000 Dropped: 22
AV: 00:00:07 / 00:00:12 (57%) A-V:  0.000 Dropped: 22
AV: 00:00:06 / 00:00:12 (57%) A-V:  0.000 Dropped: 21
AV: 00:00:07 / 00:00:12 (58%) A-V:  0.000 Dropped: 21
AV: 00:00:07 / 00:00:12 (57%) A-V:  0.000 Dropped: 21
AV: 00:00:07 / 00:00:12 (58%) A-V:  0.000 Dropped: 22
AV: 00:00:07 / 00:00:12 (58%) A-V:  0.000 Dropped: 21
AV: 00:00:07 / 00:00:12 (59%) A-V:  0.000 Dropped: 21
AV: 00:00:07 / 00:00:12 (59%) A-V:  0.000 Dropped: 22
AV: 00:00:07 / 00:00:12 (59%) A-V:  0.000 Dropped: 21
AV: 00:00:07 / 00:00:12 (60%) A-V:  0.000 Dropped: 21
AV: 00:00:07 / 00:00:12 (60%) A-V:  0.000 Dropped: 22
AV: 00:00:07 / 00:00:12 (60%) A-V:  0.000 Dropped: 21
AV: 00:00:07 / 00:00:12 (61%) A-V:  0.000 Dropped: 21
AV: 00:00:07 / 00:00:12 (61%) A-V:  0.000 Dropped: 22
AV: 00:00:07 / 00:00:12 (61%) A-V:  0.000 Dropped: 21
AV: 00:00:07 / 00:00:12 (62%) A-V:  0.000 Dropped: 21
AV: 00:00:07 / 00:00:12 (62%) A-V:  0.008 Dropped: 21
AV: 00:00:07 / 00:00:12 (61%) A-V:  0.013 Dropped: 22
AV: 00:00:07 / 00:00:12 (61%) A-V:  0.031 Dropped: 21
AV: 00:00:07 / 00:00:12 (62%) A-V:  0.029 Dropped: 21
AV: 00:00:07 / 00:00:12 (62%) A-V:  0.013 Dropped: 22
AV: 00:00:07 / 00:00:12 (62%) A-V:  0.032 Dropped: 22
AV: 00:00:07 / 00:00:12 (61%) A-V:  0.039 Dropped: 21
AV: 00:00:07 / 00:00:12 (62%) A-V:  0.033 Dropped: 21
AV: 00:00:07 / 00:00:12 (62%) A-V:  0.041 Dropped: 21
AV: 00:00:07 / 00:00:12 (62%) A-V:  0.035 Dropped: 21
AV: 00:00:07 / 00:00:12 (62%) A-V:  0.038 Dropped: 22
AV: 00:00:07 / 00:00:12 (62%) A-V:  0.062 Dropped: 21
AV: 00:00:07 / 00:00:12 (63%) A-V:  0.035 Dropped: 21
AV: 00:00:07 / 00:00:12 (63%) A-V:  0.070 Dropped: 21
AV: 00:00:07 / 00:00:12 (62%) A-V:  0.088 Dropped: 22
AV: 00:00:07 / 00:00:12 (62%) A-V:  0.116 Dropped: 21
AV: 00:00:07 / 00:00:12 (63%) A-V:  0.088 Dropped: 22
AV: 00:00:07 / 00:00:12 (63%) A-V:  0.125 Dropped: 21
AV: 00:00:07 / 00:00:12 (63%) A-V:  0.147 Dropped: 22
AV: 00:00:07 / 00:00:12 (62%) A-V:  0.174 Dropped: 21
AV: 00:00:07 / 00:00:12 (63%) A-V:  0.170 Dropped: 21
AV: 00:00:07 / 00:00:12 (63%) A-V:  0.182 Dropped: 22
AV: 00:00:07 / 00:00:12 (63%) A-V:  0.174 Dropped: 21
AV: 00:00:07 / 00:00:12 (64%) A-V:  0.170 Dropped: 21
AV: 00:00:07 / 00:00:12 (63%) A-V:  0.204 Dropped: 21
AV: 00:00:07 / 00:00:12 (64%) A-V:  0.200 Dropped: 21
AV: 00:00:07 / 00:00:12 (63%) A-V:  0.204 Dropped: 22
AV: 00:00:07 / 00:00:12 (63%) A-V:  0.215 Dropped: 21
AV: 00:00:07 / 00:00:12 (64%) A-V:  0.212 Dropped: 21
AV: 00:00:07 / 00:00:12 (64%) A-V:  0.216 Dropped: 22
AV: 00:00:07 / 00:00:12 (63%) A-V:  0.224 Dropped: 22
AV: 00:00:07 / 00:00:12 (64%) A-V:  0.191 Dropped: 23
AV: 00:00:07 / 00:00:12 (64%) A-V:  0.158 Dropped: 24
AV: 00:00:07 / 00:00:12 (64%) A-V:  0.125 Dropped: 25
AV: 00:00:07 / 00:00:12 (64%) A-V:  0.092 Dropped: 26
AV: 00:00:07 / 00:00:12 (65%) A-V:  0.059 Dropped: 27
AV: 00:00:07 / 00:00:12 (65%) A-V:  0.026 Dropped: 28
AV: 00:00:08 / 00:00:12 (65%) A-V:  0.000 Dropped: 29
AV: 00:00:07 / 00:00:12 (64%) A-V:  0.220 Dropped: 21
AV: 00:00:07 / 00:00:12 (64%) A-V:  0.227 Dropped: 23
AV: 00:00:07 / 00:00:12 (64%) A-V:  0.194 Dropped: 24
AV: 00:00:07 / 00:00:12 (64%) A-V:  0.161 Dropped: 25
AV: 00:00:07 / 00:00:12 (65%) A-V:  0.128 Dropped: 26
AV: 00:00:07 / 00:00:12 (65%) A-V:  0.095 Dropped: 27
AV: 00:00:08 / 00:00:12 (65%) A-V:  0.062 Dropped: 28
AV: 00:00:08 / 00:00:12 (65%) A-V:  0.029 Dropped: 29
AV: 00:00:08 / 00:00:12 (66%) A-V:  0.000 Dropped: 30
AV: 00:00:08 / 00:00:12 (66%) A-V:  0.000 Dropped: 29
AV: 00:00:07 / 00:00:12 (64%) A-V:  0.229 Dropped: 21
AV: 00:00:07 / 00:00:12 (65%) A-V:  0.229 Dropped: 22
AV: 00:00:07 / 00:00:12 (65%) A-V:  0.196 Dropped: 23
AV: 00:00:08 / 00:00:12 (65%) A-V:  0.163 Dropped: 24
AV: 00:00:08 / 00:00:12 (65%) A-V:  0.130 Dropped: 25
AV: 00:00:08 / 00:00:12 (66%) A-V:  0.097 Dropped: 26
AV: 00:00:08 / 00:00:12 (66%) A-V:  0.064 Dropped: 27
AV: 00:00:08 / 00:00:12 (66%) A-V:  0.031 Dropped: 28
AV: 00:00:08 / 00:00:12 (66%) A-V:  0.000 Dropped: 29
AV: 00:00:08 / 00:00:12 (67%) A-V:  0.000 Dropped: 29
AV: 00:00:08 / 00:00:12 (67%) A-V:  0.000 Dropped: 30
AV: 00:00:08 / 00:00:12 (67%) A-V:  0.000 Dropped: 29
AV: 00:00:08 / 00:00:12 (68%) A-V:  0.000 Dropped: 29
AV: 00:00:08 / 00:00:12 (68%) A-V:  0.000 Dropped: 30
AV: 00:00:08 / 00:00:12 (68%) A-V:  0.000 Dropped: 29
AV: 00:00:08 / 00:00:12 (69%) A-V:  0.000 Dropped: 29
AV: 00:00:08 / 00:00:12 (68%) A-V:  0.007 Dropped: 29
AV: 00:00:08 / 00:00:12 (69%) A-V:  0.004 Dropped: 29
AV: 00:00:08 / 00:00:12 (69%) A-V:  0.000 Dropped: 30
AV: 00:00:08 / 00:00:12 (69%) A-V:  0.006 Dropped: 30
AV: 00:00:08 / 00:00:12 (68%) A-V:  0.016 Dropped: 29
AV: 00:00:08 / 00:00:12 (69%) A-V:  0.014 Dropped: 29
AV: 00:00:08 / 00:00:12 (69%) A-V:  0.016 Dropped: 30
AV: 00:00:08 / 00:00:12 (69%) A-V:  0.022 Dropped: 29
AV: 00:00:08 / 00:00:12 (69%) A-V:  0.018 Dropped: 29
AV: 00:00:08 / 00:00:12 (69%) A-V:  0.019 Dropped: 29
AV: 00:00:08 / 00:00:12 (70%) A-V:  0.014 Dropped: 29
AV: 00:00:08 / 00:00:12 (69%) A-V:  0.017 Dropped: 30
AV: 00:00:08 / 00:00:12 (69%) A-V:  0.019 Dropped: 30
AV: 00:00:08 / 00:00:12 (69%) A-V:  0.000 Dropped: 31
AV: 00:00:08 / 00:00:12 (70%) A-V:  0.000 Dropped: 31
AV: 00:00:08 / 00:00:12 (70%) A-V:  0.012 Dropped: 30
AV: 00:00:08 / 00:00:12 (70%) A-V:  0.000 Dropped: 30
AV: 00:00:08 / 00:00:12 (70%) A-V:  0.013 Dropped: 31
AV: 00:00:08 / 00:00:12 (70%) A-V:  0.000 Dropped: 31
AV: 00:00:08 / 00:00:12 (71%) A-V:  0.000 Dropped: 30
AV: 00:00:08 / 00:00:12 (71%) A-V:  0.000 Dropped: 31
AV: 00:00:08 / 00:00:12 (71%) A-V:  0.000 Dropped: 31
AV: 00:00:08 / 00:00:12 (72%) A-V:  0.000 Dropped: 30
AV: 00:00:08 / 00:00:12 (72%) A-V:  0.000 Dropped: 31
AV: 00:00:08 / 00:00:12 (72%) A-V:  0.000 Dropped: 31
AV: 00:00:08 / 00:00:12 (73%) A-V:  0.000 Dropped: 30
AV: 00:00:08 / 00:00:12 (73%) A-V:  0.000 Dropped: 31
AV: 00:00:09 / 00:00:12 (73%) A-V:  0.000 Dropped: 30
Exiting... (Quit)

Exiting... (Quit)

Exiting... (Quit)
mpv died, exit status 4
mpv died, exit status 4
mpv died, exit status 4
